{"name": "test_add_correct_item_to_cart", "status": "broken", "statusDetails": {"message": "selenium.common.exceptions.TimeoutException: Message: \nStacktrace:\n0   chromedriver                        0x0000000107dc9d98 chromedriver + 5954968\n1   chromedriver                        0x0000000107dc19ca chromedriver + 5921226\n2   chromedriver                        0x00000001078815e0 chromedriver + 415200\n3   chromedriver                        0x00000001078d2e1d chromedriver + 749085\n4   chromedriver                        0x00000001078d2fc1 chromedriver + 749505\n5   chromedriver                        0x0000000107923104 chromedriver + 1077508\n6   chromedriver                        0x00000001078f903d chromedriver + 905277\n7   chromedriver                        0x000000010792039e chromedriver + 1065886\n8   chromedriver                        0x00000001078f8de3 chromedriver + 904675\n9   chromedriver                        0x00000001078c4c6a chromedriver + 691306\n10  chromedriver                        0x00000001078c5dc1 chromedriver + 695745\n11  chromedriver                        0x0000000107d8ce50 chromedriver + 5705296\n12  chromedriver                        0x0000000107d90da0 chromedriver + 5721504\n13  chromedriver                        0x0000000107d6e797 chromedriver + 5580695\n14  chromedriver                        0x0000000107d9182b chromedriver + 5724203\n15  chromedriver                        0x0000000107d5cfc4 chromedriver + 5509060\n16  chromedriver                        0x0000000107db0088 chromedriver + 5849224\n17  chromedriver                        0x0000000107db024f chromedriver + 5849679\n18  chromedriver                        0x0000000107dc15a8 chromedriver + 5920168\n19  libsystem_pthread.dylib             0x00007ff818c2f253 _pthread_start + 99\n20  libsystem_pthread.dylib             0x00007ff818c2abef thread_start + 15", "trace": "driver = <selenium.webdriver.chrome.webdriver.WebDriver (session=\"5b65a337c3da00cb15cc747ee74d9299\")>\n\n    def test_add_correct_item_to_cart(driver):\n        wait = WebDriverWait(driver, 15)\n    \n>       wait.until(EC.element_to_be_clickable((By.LINK_TEXT, \"Samsung galaxy s6\"))).click()                                 # Открываем страницу товара\n\ntests/test_add_items_to_cart_and_order_placement.py:66: \n_ _ _ _ _ _ _ _ _ _ _ _ _ _ _ _ _ _ _ _ _ _ _ _ _ _ _ _ _ _ _ _ _ _ _ _ _ _ _ _ _ _ _ _ _ _ _ _ _ _ _ _ _ _ _ _ _ _ _ _ _ _ _ _ _ _ _ _ _ _ _ _ _ _ _ _ _ _ _ _ _ _ _ _ _ _ _ _ _ _ _ _ _ _ _ _ _ _ _\n\nself = <selenium.webdriver.support.wait.WebDriverWait (session=\"5b65a337c3da00cb15cc747ee74d9299\")>, method = <function element_to_be_clickable.<locals>._predicate at 0x110317920>, message = ''\n\n    def until(self, method: Callable[[D], Union[Literal[False], T]], message: str = \"\") -> T:\n        \"\"\"Wait until the method returns a value that is not False.\n    \n        Calls the method provided with the driver as an argument until the\n        return value does not evaluate to ``False``.\n    \n        Parameters:\n        ----------\n        method: callable(WebDriver)\n            - A callable object that takes a WebDriver instance as an argument.\n    \n        message: str\n            - Optional message for :exc:`TimeoutException`\n    \n        Return:\n        -------\n        object: T\n            - The result of the last call to `method`\n    \n        Raises:\n        -------\n        TimeoutException\n            - If 'method' does not return a truthy value within the WebDriverWait\n            object's timeout\n    \n        Example:\n        --------\n        >>> from selenium.webdriver.common.by import By\n        >>> from selenium.webdriver.support.ui import WebDriverWait\n        >>> from selenium.webdriver.support import expected_conditions as EC\n    \n        # Wait until an element is visible on the page\n        >>> wait = WebDriverWait(driver, 10)\n        >>> element = wait.until(EC.visibility_of_element_located((By.ID, \"exampleId\")))\n        >>> print(element.text)\n        \"\"\"\n        screen = None\n        stacktrace = None\n    \n        end_time = time.monotonic() + self._timeout\n        while True:\n            try:\n                value = method(self._driver)\n                if value:\n                    return value\n            except self._ignored_exceptions as exc:\n                screen = getattr(exc, \"screen\", None)\n                stacktrace = getattr(exc, \"stacktrace\", None)\n            if time.monotonic() > end_time:\n                break\n            time.sleep(self._poll)\n>       raise TimeoutException(message, screen, stacktrace)\nE       selenium.common.exceptions.TimeoutException: Message: \nE       Stacktrace:\nE       0   chromedriver                        0x0000000107dc9d98 chromedriver + 5954968\nE       1   chromedriver                        0x0000000107dc19ca chromedriver + 5921226\nE       2   chromedriver                        0x00000001078815e0 chromedriver + 415200\nE       3   chromedriver                        0x00000001078d2e1d chromedriver + 749085\nE       4   chromedriver                        0x00000001078d2fc1 chromedriver + 749505\nE       5   chromedriver                        0x0000000107923104 chromedriver + 1077508\nE       6   chromedriver                        0x00000001078f903d chromedriver + 905277\nE       7   chromedriver                        0x000000010792039e chromedriver + 1065886\nE       8   chromedriver                        0x00000001078f8de3 chromedriver + 904675\nE       9   chromedriver                        0x00000001078c4c6a chromedriver + 691306\nE       10  chromedriver                        0x00000001078c5dc1 chromedriver + 695745\nE       11  chromedriver                        0x0000000107d8ce50 chromedriver + 5705296\nE       12  chromedriver                        0x0000000107d90da0 chromedriver + 5721504\nE       13  chromedriver                        0x0000000107d6e797 chromedriver + 5580695\nE       14  chromedriver                        0x0000000107d9182b chromedriver + 5724203\nE       15  chromedriver                        0x0000000107d5cfc4 chromedriver + 5509060\nE       16  chromedriver                        0x0000000107db0088 chromedriver + 5849224\nE       17  chromedriver                        0x0000000107db024f chromedriver + 5849679\nE       18  chromedriver                        0x0000000107dc15a8 chromedriver + 5920168\nE       19  libsystem_pthread.dylib             0x00007ff818c2f253 _pthread_start + 99\nE       20  libsystem_pthread.dylib             0x00007ff818c2abef thread_start + 15\n\n.venv/lib/python3.12/site-packages/selenium/webdriver/support/wait.py:146: TimeoutException"}, "start": 1740328393600, "stop": 1740328408637, "uuid": "ed9aae2c-9dfe-4b1d-bcf1-4d1164c3ff93", "historyId": "003729bba088a74c65389c3bc9c529b1", "testCaseId": "003729bba088a74c65389c3bc9c529b1", "fullName": "tests.test_add_items_to_cart_and_order_placement#test_add_correct_item_to_cart", "labels": [{"name": "parentSuite", "value": "tests"}, {"name": "suite", "value": "test_add_items_to_cart_and_order_placement"}, {"name": "host", "value": "MacBook-Pro-Natasha.local"}, {"name": "thread", "value": "70277-MainThread"}, {"name": "framework", "value": "pytest"}, {"name": "language", "value": "cpython3"}, {"name": "package", "value": "tests.test_add_items_to_cart_and_order_placement"}]}