{"name": "test_add_multiple_items_to_cart", "status": "broken", "statusDetails": {"message": "selenium.common.exceptions.TimeoutException: Message: \nStacktrace:\n0   chromedriver                        0x0000000104dfbd98 chromedriver + 5954968\n1   chromedriver                        0x0000000104df39ca chromedriver + 5921226\n2   chromedriver                        0x00000001048b35e0 chromedriver + 415200\n3   chromedriver                        0x0000000104904e1d chromedriver + 749085\n4   chromedriver                        0x0000000104904fc1 chromedriver + 749505\n5   chromedriver                        0x0000000104955104 chromedriver + 1077508\n6   chromedriver                        0x000000010492b03d chromedriver + 905277\n7   chromedriver                        0x000000010495239e chromedriver + 1065886\n8   chromedriver                        0x000000010492ade3 chromedriver + 904675\n9   chromedriver                        0x00000001048f6c6a chromedriver + 691306\n10  chromedriver                        0x00000001048f7dc1 chromedriver + 695745\n11  chromedriver                        0x0000000104dbee50 chromedriver + 5705296\n12  chromedriver                        0x0000000104dc2da0 chromedriver + 5721504\n13  chromedriver                        0x0000000104da0797 chromedriver + 5580695\n14  chromedriver                        0x0000000104dc382b chromedriver + 5724203\n15  chromedriver                        0x0000000104d8efc4 chromedriver + 5509060\n16  chromedriver                        0x0000000104de2088 chromedriver + 5849224\n17  chromedriver                        0x0000000104de224f chromedriver + 5849679\n18  chromedriver                        0x0000000104df35a8 chromedriver + 5920168\n19  libsystem_pthread.dylib             0x00007ff818c2f253 _pthread_start + 99\n20  libsystem_pthread.dylib             0x00007ff818c2abef thread_start + 15", "trace": "driver = <selenium.webdriver.chrome.webdriver.WebDriver (session=\"f967a7351a8f51c758cd313cca6c9c53\")>\n\n    def test_add_multiple_items_to_cart(driver):\n        wait = WebDriverWait(driver, 15)\n    \n        # Добавление первого товара (Samsung galaxy s6)\n>       wait.until(EC.element_to_be_clickable((By.PARTIAL_LINK_TEXT, \"Samsung galaxy\"))).click()\n\ntests/test_add_items_to_cart_and_order_placement.py:40: \n_ _ _ _ _ _ _ _ _ _ _ _ _ _ _ _ _ _ _ _ _ _ _ _ _ _ _ _ _ _ _ _ _ _ _ _ _ _ _ _ _ _ _ _ _ _ _ _ _ _ _ _ _ _ _ _ _ _ _ _ _ _ _ _ _ _ _ _ _ _ _ _ _ _ _ _ _ _ _ _ _ _ _ _ _ _ _ _ _ _ _ _ _ _ _ _ _ _ _\n\nself = <selenium.webdriver.support.wait.WebDriverWait (session=\"f967a7351a8f51c758cd313cca6c9c53\")>, method = <function element_to_be_clickable.<locals>._predicate at 0x10293fa60>, message = ''\n\n    def until(self, method: Callable[[D], Union[Literal[False], T]], message: str = \"\") -> T:\n        \"\"\"Wait until the method returns a value that is not False.\n    \n        Calls the method provided with the driver as an argument until the\n        return value does not evaluate to ``False``.\n    \n        Parameters:\n        ----------\n        method: callable(WebDriver)\n            - A callable object that takes a WebDriver instance as an argument.\n    \n        message: str\n            - Optional message for :exc:`TimeoutException`\n    \n        Return:\n        -------\n        object: T\n            - The result of the last call to `method`\n    \n        Raises:\n        -------\n        TimeoutException\n            - If 'method' does not return a truthy value within the WebDriverWait\n            object's timeout\n    \n        Example:\n        --------\n        >>> from selenium.webdriver.common.by import By\n        >>> from selenium.webdriver.support.ui import WebDriverWait\n        >>> from selenium.webdriver.support import expected_conditions as EC\n    \n        # Wait until an element is visible on the page\n        >>> wait = WebDriverWait(driver, 10)\n        >>> element = wait.until(EC.visibility_of_element_located((By.ID, \"exampleId\")))\n        >>> print(element.text)\n        \"\"\"\n        screen = None\n        stacktrace = None\n    \n        end_time = time.monotonic() + self._timeout\n        while True:\n            try:\n                value = method(self._driver)\n                if value:\n                    return value\n            except self._ignored_exceptions as exc:\n                screen = getattr(exc, \"screen\", None)\n                stacktrace = getattr(exc, \"stacktrace\", None)\n            if time.monotonic() > end_time:\n                break\n            time.sleep(self._poll)\n>       raise TimeoutException(message, screen, stacktrace)\nE       selenium.common.exceptions.TimeoutException: Message: \nE       Stacktrace:\nE       0   chromedriver                        0x0000000104dfbd98 chromedriver + 5954968\nE       1   chromedriver                        0x0000000104df39ca chromedriver + 5921226\nE       2   chromedriver                        0x00000001048b35e0 chromedriver + 415200\nE       3   chromedriver                        0x0000000104904e1d chromedriver + 749085\nE       4   chromedriver                        0x0000000104904fc1 chromedriver + 749505\nE       5   chromedriver                        0x0000000104955104 chromedriver + 1077508\nE       6   chromedriver                        0x000000010492b03d chromedriver + 905277\nE       7   chromedriver                        0x000000010495239e chromedriver + 1065886\nE       8   chromedriver                        0x000000010492ade3 chromedriver + 904675\nE       9   chromedriver                        0x00000001048f6c6a chromedriver + 691306\nE       10  chromedriver                        0x00000001048f7dc1 chromedriver + 695745\nE       11  chromedriver                        0x0000000104dbee50 chromedriver + 5705296\nE       12  chromedriver                        0x0000000104dc2da0 chromedriver + 5721504\nE       13  chromedriver                        0x0000000104da0797 chromedriver + 5580695\nE       14  chromedriver                        0x0000000104dc382b chromedriver + 5724203\nE       15  chromedriver                        0x0000000104d8efc4 chromedriver + 5509060\nE       16  chromedriver                        0x0000000104de2088 chromedriver + 5849224\nE       17  chromedriver                        0x0000000104de224f chromedriver + 5849679\nE       18  chromedriver                        0x0000000104df35a8 chromedriver + 5920168\nE       19  libsystem_pthread.dylib             0x00007ff818c2f253 _pthread_start + 99\nE       20  libsystem_pthread.dylib             0x00007ff818c2abef thread_start + 15\n\n.venv/lib/python3.12/site-packages/selenium/webdriver/support/wait.py:146: TimeoutException"}, "start": 1740330487241, "stop": 1740330502318, "uuid": "8f7baec8-6dca-466c-ba0f-f82c1922b096", "historyId": "d492ec8626a9e3519f682ef2c51b75b2", "testCaseId": "d492ec8626a9e3519f682ef2c51b75b2", "fullName": "tests.test_add_items_to_cart_and_order_placement#test_add_multiple_items_to_cart", "labels": [{"name": "parentSuite", "value": "tests"}, {"name": "suite", "value": "test_add_items_to_cart_and_order_placement"}, {"name": "host", "value": "MacBook-Pro-Natasha.local"}, {"name": "thread", "value": "74240-MainThread"}, {"name": "framework", "value": "pytest"}, {"name": "language", "value": "cpython3"}, {"name": "package", "value": "tests.test_add_items_to_cart_and_order_placement"}]}