{"name": "test_invalid_password", "status": "failed", "statusDetails": {"message": "AssertionError: Ожидалось предупреждение о неверном пароле\nassert False\n +  where False = <bound method AuthPage.is_login_failed of <pages.auth_page.AuthPage object at 0x10814a3f0>>()\n +    where <bound method AuthPage.is_login_failed of <pages.auth_page.AuthPage object at 0x10814a3f0>> = <pages.auth_page.AuthPage object at 0x10814a3f0>.is_login_failed", "trace": "driver = <selenium.webdriver.chrome.webdriver.WebDriver (session=\"460145918d4fa64d8eba8af224ce0519\")>\n\n    def test_invalid_password(driver):\n        auth_page = AuthPage(driver)\n        auth_page.login(\"TestYura123\", \"WrongPassword\")\n    \n>       assert auth_page.is_login_failed(), \"Ожидалось предупреждение о неверном пароле\"\nE       AssertionError: Ожидалось предупреждение о неверном пароле\nE       assert False\nE        +  where False = <bound method AuthPage.is_login_failed of <pages.auth_page.AuthPage object at 0x10814a3f0>>()\nE        +    where <bound method AuthPage.is_login_failed of <pages.auth_page.AuthPage object at 0x10814a3f0>> = <pages.auth_page.AuthPage object at 0x10814a3f0>.is_login_failed\n\ntests/test_authorization_and_registration.py:53: AssertionError"}, "attachments": [{"name": "stdout", "source": "0f2a3010-063d-47ac-be29-631eddbf6d38-attachment.txt", "type": "text/plain"}], "start": 1741821708482, "stop": 1741821709808, "uuid": "fae19cd1-1d0d-428d-aad6-db898bf392bb", "historyId": "d4d36b733f3157cd549e2b6264c130dc", "testCaseId": "d4d36b733f3157cd549e2b6264c130dc", "fullName": "tests.test_authorization_and_registration#test_invalid_password", "labels": [{"name": "parentSuite", "value": "tests"}, {"name": "suite", "value": "test_authorization_and_registration"}, {"name": "host", "value": "MacBook-Pro-Natasha.local"}, {"name": "thread", "value": "18976-MainThread"}, {"name": "framework", "value": "pytest"}, {"name": "language", "value": "cpython3"}, {"name": "package", "value": "tests.test_authorization_and_registration"}]}