{"name": "test_contact_us", "status": "broken", "statusDetails": {"message": "selenium.common.exceptions.TimeoutException: Message: \nStacktrace:\n0   chromedriver                        0x0000000105da0808 chromedriver + 6105096\n1   chromedriver                        0x0000000105d9840a chromedriver + 6071306\n2   chromedriver                        0x0000000105833600 chromedriver + 415232\n3   chromedriver                        0x00000001058852c0 chromedriver + 750272\n4   chromedriver                        0x0000000105885511 chromedriver + 750865\n5   chromedriver                        0x00000001058d59c4 chromedriver + 1079748\n6   chromedriver                        0x00000001058ab63d chromedriver + 906813\n7   chromedriver                        0x00000001058d2c3d chromedriver + 1068093\n8   chromedriver                        0x00000001058ab3e3 chromedriver + 906211\n9   chromedriver                        0x000000010587729a chromedriver + 692890\n10  chromedriver                        0x00000001058783f1 chromedriver + 697329\n11  chromedriver                        0x0000000105d5fd00 chromedriver + 5840128\n12  chromedriver                        0x0000000105d63bd4 chromedriver + 5856212\n13  chromedriver                        0x0000000105d3a936 chromedriver + 5687606\n14  chromedriver                        0x0000000105d645cb chromedriver + 5858763\n15  chromedriver                        0x0000000105d29024 chromedriver + 5615652\n16  chromedriver                        0x0000000105d86368 chromedriver + 5997416\n17  chromedriver                        0x0000000105d8652f chromedriver + 5997871\n18  chromedriver                        0x0000000105d97fe8 chromedriver + 6070248\n19  libsystem_pthread.dylib             0x00007ff80905c253 _pthread_start + 99\n20  libsystem_pthread.dylib             0x00007ff809057bef thread_start + 15", "trace": "driver = <selenium.webdriver.chrome.webdriver.WebDriver (session=\"c1dbac78003123d635b846eb9cc0726d\")>\n\n    def test_contact_us(driver):\n        contact_page = ContactPage(driver)\n>       contact_page.open_contact_form()\n\ntests/test_categories_and_products.py:55: \n_ _ _ _ _ _ _ _ _ _ _ _ _ _ _ _ _ _ _ _ _ _ _ _ _ _ _ _ _ _ _ _ _ _ _ _ _ _ _ _ _ _ _ _ _ _ _ _ _ _ _ _ _ _ _ _ _ _ _ _ _ _ _ _ _ _ _ _ _ _ _ _ \npages/contact_page.py:21: in open_contact_form\n    self.wait.until(EC.element_to_be_clickable(self.CONTACT_BUTTON)).click()\n_ _ _ _ _ _ _ _ _ _ _ _ _ _ _ _ _ _ _ _ _ _ _ _ _ _ _ _ _ _ _ _ _ _ _ _ _ _ _ _ _ _ _ _ _ _ _ _ _ _ _ _ _ _ _ _ _ _ _ _ _ _ _ _ _ _ _ _ _ _ _ _ \n\nself = <selenium.webdriver.support.wait.WebDriverWait (session=\"c1dbac78003123d635b846eb9cc0726d\")>\nmethod = <function element_to_be_clickable.<locals>._predicate at 0x10cbd2340>, message = ''\n\n    def until(self, method: Callable[[D], Union[Literal[False], T]], message: str = \"\") -> T:\n        \"\"\"Wait until the method returns a value that is not False.\n    \n        Calls the method provided with the driver as an argument until the\n        return value does not evaluate to ``False``.\n    \n        Parameters:\n        ----------\n        method: callable(WebDriver)\n            - A callable object that takes a WebDriver instance as an argument.\n    \n        message: str\n            - Optional message for :exc:`TimeoutException`\n    \n        Return:\n        -------\n        object: T\n            - The result of the last call to `method`\n    \n        Raises:\n        -------\n        TimeoutException\n            - If 'method' does not return a truthy value within the WebDriverWait\n            object's timeout\n    \n        Example:\n        --------\n        >>> from selenium.webdriver.common.by import By\n        >>> from selenium.webdriver.support.ui import WebDriverWait\n        >>> from selenium.webdriver.support import expected_conditions as EC\n    \n        # Wait until an element is visible on the page\n        >>> wait = WebDriverWait(driver, 10)\n        >>> element = wait.until(EC.visibility_of_element_located((By.ID, \"exampleId\")))\n        >>> print(element.text)\n        \"\"\"\n        screen = None\n        stacktrace = None\n    \n        end_time = time.monotonic() + self._timeout\n        while True:\n            try:\n                value = method(self._driver)\n                if value:\n                    return value\n            except self._ignored_exceptions as exc:\n                screen = getattr(exc, \"screen\", None)\n                stacktrace = getattr(exc, \"stacktrace\", None)\n            if time.monotonic() > end_time:\n                break\n            time.sleep(self._poll)\n>       raise TimeoutException(message, screen, stacktrace)\nE       selenium.common.exceptions.TimeoutException: Message: \nE       Stacktrace:\nE       0   chromedriver                        0x0000000105da0808 chromedriver + 6105096\nE       1   chromedriver                        0x0000000105d9840a chromedriver + 6071306\nE       2   chromedriver                        0x0000000105833600 chromedriver + 415232\nE       3   chromedriver                        0x00000001058852c0 chromedriver + 750272\nE       4   chromedriver                        0x0000000105885511 chromedriver + 750865\nE       5   chromedriver                        0x00000001058d59c4 chromedriver + 1079748\nE       6   chromedriver                        0x00000001058ab63d chromedriver + 906813\nE       7   chromedriver                        0x00000001058d2c3d chromedriver + 1068093\nE       8   chromedriver                        0x00000001058ab3e3 chromedriver + 906211\nE       9   chromedriver                        0x000000010587729a chromedriver + 692890\nE       10  chromedriver                        0x00000001058783f1 chromedriver + 697329\nE       11  chromedriver                        0x0000000105d5fd00 chromedriver + 5840128\nE       12  chromedriver                        0x0000000105d63bd4 chromedriver + 5856212\nE       13  chromedriver                        0x0000000105d3a936 chromedriver + 5687606\nE       14  chromedriver                        0x0000000105d645cb chromedriver + 5858763\nE       15  chromedriver                        0x0000000105d29024 chromedriver + 5615652\nE       16  chromedriver                        0x0000000105d86368 chromedriver + 5997416\nE       17  chromedriver                        0x0000000105d8652f chromedriver + 5997871\nE       18  chromedriver                        0x0000000105d97fe8 chromedriver + 6070248\nE       19  libsystem_pthread.dylib             0x00007ff80905c253 _pthread_start + 99\nE       20  libsystem_pthread.dylib             0x00007ff809057bef thread_start + 15\n\n.venv/lib/python3.12/site-packages/selenium/webdriver/support/wait.py:146: TimeoutException"}, "start": 1741818416782, "stop": 1741818427057, "uuid": "88aa3eeb-b436-46d4-9deb-0835b2a2f2a9", "historyId": "49c117952a3c1a03e1d17ea4aed03c97", "testCaseId": "49c117952a3c1a03e1d17ea4aed03c97", "fullName": "tests.test_categories_and_products#test_contact_us", "labels": [{"name": "parentSuite", "value": "tests"}, {"name": "suite", "value": "test_categories_and_products"}, {"name": "host", "value": "MacBook-Pro-Natasha.local"}, {"name": "thread", "value": "11073-MainThread"}, {"name": "framework", "value": "pytest"}, {"name": "language", "value": "cpython3"}, {"name": "package", "value": "tests.test_categories_and_products"}]}