{"name": "test_product_prices", "status": "failed", "statusDetails": {"message": "AssertionError: Товары не найдены\nassert 0 > 0\n +  where 0 = len([])", "trace": "driver = <selenium.webdriver.chrome.webdriver.WebDriver (session=\"d19e167f029d6d5ce507cfebeb601b0e\")>\n\n    def test_product_prices(driver):\n        wait = WebDriverWait(driver, 15)  # Увеличим timeout\n        wait.until(EC.presence_of_all_elements_located((By.CSS_SELECTOR, \".card\")))\n    \n        prices = driver.find_elements(By.CSS_SELECTOR, \".card .price-container\")\n    \n>       assert len(prices) > 0, \"Товары не найдены\"\nE       AssertionError: Товары не найдены\nE       assert 0 > 0\nE        +  where 0 = len([])\n\ntests/test_content.py:30: AssertionError"}, "start": 1739231238332, "stop": 1739231238352, "uuid": "588f497a-3861-4c82-8ff3-246f17c1aff6", "historyId": "42c23d6e64ba20232a3fe86db9c8260b", "testCaseId": "42c23d6e64ba20232a3fe86db9c8260b", "fullName": "tests.test_content#test_product_prices", "labels": [{"name": "parentSuite", "value": "tests"}, {"name": "suite", "value": "test_content"}, {"name": "host", "value": "MacBook-Pro-Natasha.local"}, {"name": "thread", "value": "91139-MainThread"}, {"name": "framework", "value": "pytest"}, {"name": "language", "value": "cpython3"}, {"name": "package", "value": "tests.test_content"}]}