{"name": "test_invalid_password", "status": "failed", "statusDetails": {"message": "AssertionError: Ожидалось предупреждение о неверном пароле\nassert False\n +  where False = <bound method AuthPage.is_login_failed of <pages.auth_page.AuthPage object at 0x1074c02f0>>()\n +    where <bound method AuthPage.is_login_failed of <pages.auth_page.AuthPage object at 0x1074c02f0>> = <pages.auth_page.AuthPage object at 0x1074c02f0>.is_login_failed", "trace": "driver = <selenium.webdriver.chrome.webdriver.WebDriver (session=\"c1ac7b74936051fe75e6698162d9b2d7\")>\n\n    def test_invalid_password(driver):\n        auth_page = AuthPage(driver)\n        auth_page.login(\"TestYura123\", \"WrongPassword\")\n>       assert auth_page.is_login_failed(), \"Ожидалось предупреждение о неверном пароле\"\nE       AssertionError: Ожидалось предупреждение о неверном пароле\nE       assert False\nE        +  where False = <bound method AuthPage.is_login_failed of <pages.auth_page.AuthPage object at 0x1074c02f0>>()\nE        +    where <bound method AuthPage.is_login_failed of <pages.auth_page.AuthPage object at 0x1074c02f0>> = <pages.auth_page.AuthPage object at 0x1074c02f0>.is_login_failed\n\ntests/test_authorization_and_registration.py:50: AssertionError"}, "attachments": [{"name": "stdout", "source": "e8ce36f0-4e8b-437f-afa2-6636a0fb7ccd-attachment.txt", "type": "text/plain"}], "start": 1745242595464, "stop": 1745242596835, "uuid": "b45d1c8a-96ff-40ca-ba47-7320120ff6fa", "historyId": "d4d36b733f3157cd549e2b6264c130dc", "testCaseId": "d4d36b733f3157cd549e2b6264c130dc", "fullName": "tests.test_authorization_and_registration#test_invalid_password", "labels": [{"name": "parentSuite", "value": "tests"}, {"name": "suite", "value": "test_authorization_and_registration"}, {"name": "host", "value": "MacBook-Pro-Natasha.local"}, {"name": "thread", "value": "4945-MainThread"}, {"name": "framework", "value": "pytest"}, {"name": "language", "value": "cpython3"}, {"name": "package", "value": "tests.test_authorization_and_registration"}]}