{
  "uid" : "47227ed89aa53db7",
  "name" : "Добавление товара в корзину авторизованным пользователем и оформление заказа",
  "fullName" : "tests.test_add_items_to_cart_and_order_placement#test_add_to_cart",
  "historyId" : "62a30f4dd8dd32ae634069696befc8bf",
  "time" : {
    "start" : 1747606252030,
    "stop" : 1747606252030,
    "duration" : 0
  },
  "description" : "Проверка успешного добавления 'MacBook air' в корзину и оформления заказа после авторизации",
  "descriptionHtml" : "<p>Проверка успешного добавления 'MacBook air' в корзину и оформления заказа после авторизации</p>\n",
  "status" : "skipped",
  "statusMessage" : "Skipped: This test is destructive and the target URL is considered a sensitive environment. If this test is not destructive, add the 'nondestructive' marker to it. Sensitive URL: https://www.demoblaze.com/",
  "statusTrace" : "('/opt/hostedtoolcache/Python/3.12.5/x64/lib/python3.12/site-packages/pytest_selenium/safety.py', 79, \"Skipped: This test is destructive and the target URL is considered a sensitive environment. If this test is not destructive, add the 'nondestructive' marker to it. Sensitive URL: https://www.demoblaze.com/\")",
  "flaky" : false,
  "newFailed" : false,
  "beforeStages" : [ {
    "name" : "_skip_sensitive",
    "time" : {
      "start" : 1747606252031,
      "stop" : 1747606252031,
      "duration" : 0
    },
    "status" : "skipped",
    "statusMessage" : "Skipped: This test is destructive and the target URL is considered a sensitive environment. If this test is not destructive, add the 'nondestructive' marker to it. Sensitive URL: https://www.demoblaze.com/\n",
    "statusTrace" : "  File \"/opt/hostedtoolcache/Python/3.12.5/x64/lib/python3.12/site-packages/pluggy/_callers.py\", line 38, in run_old_style_hookwrapper\n    res = yield\n          ^^^^^\n  File \"/opt/hostedtoolcache/Python/3.12.5/x64/lib/python3.12/site-packages/pluggy/_callers.py\", line 139, in _multicall\n    teardown.throw(exception)\n  File \"/opt/hostedtoolcache/Python/3.12.5/x64/lib/python3.12/site-packages/pluggy/_callers.py\", line 53, in run_old_style_hookwrapper\n    return result.get_result()\n           ^^^^^^^^^^^^^^^^^^^\n  File \"/opt/hostedtoolcache/Python/3.12.5/x64/lib/python3.12/site-packages/pluggy/_result.py\", line 103, in get_result\n    raise exc.with_traceback(tb)\n  File \"/opt/hostedtoolcache/Python/3.12.5/x64/lib/python3.12/site-packages/pluggy/_callers.py\", line 38, in run_old_style_hookwrapper\n    res = yield\n          ^^^^^\n  File \"/opt/hostedtoolcache/Python/3.12.5/x64/lib/python3.12/site-packages/pluggy/_callers.py\", line 121, in _multicall\n    res = hook_impl.function(*args)\n          ^^^^^^^^^^^^^^^^^^^^^^^^^\n  File \"/opt/hostedtoolcache/Python/3.12.5/x64/lib/python3.12/site-packages/_pytest/fixtures.py\", line 1126, in pytest_fixture_setup\n    result = call_fixture_func(fixturefunc, request, kwargs)\n             ^^^^^^^^^^^^^^^^^^^^^^^^^^^^^^^^^^^^^^^^^^^^^^^\n  File \"/opt/hostedtoolcache/Python/3.12.5/x64/lib/python3.12/site-packages/_pytest/fixtures.py\", line 932, in call_fixture_func\n    fixture_result = fixturefunc(**kwargs)\n                     ^^^^^^^^^^^^^^^^^^^^^\n  File \"/opt/hostedtoolcache/Python/3.12.5/x64/lib/python3.12/site-packages/pytest_selenium/safety.py\", line 79, in _skip_sensitive\n    pytest.skip(\n  File \"/opt/hostedtoolcache/Python/3.12.5/x64/lib/python3.12/site-packages/_pytest/outcomes.py\", line 139, in skip\n    raise Skipped(msg=msg, allow_module_level=allow_module_level)\n",
    "steps" : [ ],
    "attachments" : [ ],
    "parameters" : [ ],
    "stepsCount" : 0,
    "attachmentsCount" : 0,
    "shouldDisplayMessage" : true,
    "hasContent" : true
  }, {
    "name" : "sensitive_url",
    "time" : {
      "start" : 1747606251789,
      "stop" : 1747606251998,
      "duration" : 209
    },
    "status" : "passed",
    "steps" : [ ],
    "attachments" : [ ],
    "parameters" : [ ],
    "stepsCount" : 0,
    "attachmentsCount" : 0,
    "shouldDisplayMessage" : false,
    "hasContent" : false
  }, {
    "name" : "_verify_url",
    "time" : {
      "start" : 1747606251789,
      "stop" : 1747606251789,
      "duration" : 0
    },
    "status" : "passed",
    "steps" : [ ],
    "attachments" : [ ],
    "parameters" : [ ],
    "stepsCount" : 0,
    "attachmentsCount" : 0,
    "shouldDisplayMessage" : false,
    "hasContent" : false
  }, {
    "name" : "base_url",
    "time" : {
      "start" : 1747606251789,
      "stop" : 1747606251789,
      "duration" : 0
    },
    "status" : "passed",
    "steps" : [ ],
    "attachments" : [ ],
    "parameters" : [ ],
    "stepsCount" : 0,
    "attachmentsCount" : 0,
    "shouldDisplayMessage" : false,
    "hasContent" : false
  } ],
  "afterStages" : [ ],
  "labels" : [ {
    "name" : "parentSuite",
    "value" : "tests"
  }, {
    "name" : "suite",
    "value" : "test_add_items_to_cart_and_order_placement"
  }, {
    "name" : "host",
    "value" : "pkrvmf6wy0o8zjz"
  }, {
    "name" : "thread",
    "value" : "2432-MainThread"
  }, {
    "name" : "framework",
    "value" : "pytest"
  }, {
    "name" : "language",
    "value" : "cpython3"
  }, {
    "name" : "package",
    "value" : "tests.test_add_items_to_cart_and_order_placement"
  }, {
    "name" : "resultFormat",
    "value" : "allure2"
  } ],
  "parameters" : [ ],
  "links" : [ ],
  "hidden" : false,
  "retry" : false,
  "extra" : {
    "severity" : "normal",
    "retries" : [ {
      "uid" : "44a4e33104e7d8b6",
      "status" : "passed",
      "time" : {
        "start" : 1745242552060,
        "stop" : 1745242560014,
        "duration" : 7954
      }
    }, {
      "uid" : "890766d1c741b007",
      "status" : "passed",
      "time" : {
        "start" : 1741821668940,
        "stop" : 1741821676868,
        "duration" : 7928
      }
    }, {
      "uid" : "e397f1137116549b",
      "status" : "broken",
      "statusDetails" : "selenium.common.exceptions.TimeoutException: Message:",
      "time" : {
        "start" : 1741818298506,
        "stop" : 1741818313865,
        "duration" : 15359
      }
    }, {
      "uid" : "8de74e0f46eb8aa9",
      "status" : "passed",
      "time" : {
        "start" : 1741032938385,
        "stop" : 1741032943276,
        "duration" : 4891
      }
    }, {
      "uid" : "61bf64af08753779",
      "status" : "broken",
      "statusDetails" : "selenium.common.exceptions.TimeoutException: Message: \nStacktrace:\n0   chromedriver                        0x0000000109bc3bc8 chromedriver + 5766088\n1   chromedriver                        0x0000000109bbb7ea chromedriver + 5732330\n2   chromedriver                        0x00000001096a9680 chromedriver + 415360\n3   chromedriver                        0x00000001096fad7d chromedriver + 748925\n4   chromedriver                        0x00000001096faf21 chromedriver + 749345\n5   chromedriver                        0x000000010974b184 chromedriver + 1077636\n6   chromedriver                        0x000000010972107d chromedriver + 905341\n7   chromedriver                        0x00000001097483e7 chromedriver + 1065959\n8   chromedriver                        0x0000000109720e23 chromedriver + 904739\n9   chromedriver                        0x00000001096ecbea chromedriver + 691178\n10  chromedriver                        0x00000001096edd41 chromedriver + 695617\n11  chromedriver                        0x0000000109b87100 chromedriver + 5517568\n12  chromedriver                        0x0000000109b8b040 chromedriver + 5533760\n13  chromedriver                        0x0000000109b68c87 chromedriver + 5393543\n14  chromedriver                        0x0000000109b8bacb chromedriver + 5536459\n15  chromedriver                        0x0000000109b57544 chromedriver + 5322052\n16  chromedriver                        0x0000000109ba96e8 chromedriver + 5658344\n17  chromedriver                        0x0000000109ba98af chromedriver + 5658799\n18  chromedriver                        0x0000000109bbb3c8 chromedriver + 5731272\n19  libsystem_pthread.dylib             0x00007ff81b7cc253 _pthread_start + 99\n20  libsystem_pthread.dylib             0x00007ff81b7c7bef thread_start + 15",
      "time" : {
        "start" : 1739233149531,
        "stop" : 1739233164687,
        "duration" : 15156
      }
    }, {
      "uid" : "6ab37c029292a277",
      "status" : "broken",
      "statusDetails" : "selenium.common.exceptions.TimeoutException: Message: \nStacktrace:\n0   chromedriver                        0x000000010c8f4bc8 chromedriver + 5766088\n1   chromedriver                        0x000000010c8ec7ea chromedriver + 5732330\n2   chromedriver                        0x000000010c3da680 chromedriver + 415360\n3   chromedriver                        0x000000010c42bd7d chromedriver + 748925\n4   chromedriver                        0x000000010c42bf21 chromedriver + 749345\n5   chromedriver                        0x000000010c47c184 chromedriver + 1077636\n6   chromedriver                        0x000000010c45207d chromedriver + 905341\n7   chromedriver                        0x000000010c4793e7 chromedriver + 1065959\n8   chromedriver                        0x000000010c451e23 chromedriver + 904739\n9   chromedriver                        0x000000010c41dbea chromedriver + 691178\n10  chromedriver                        0x000000010c41ed41 chromedriver + 695617\n11  chromedriver                        0x000000010c8b8100 chromedriver + 5517568\n12  chromedriver                        0x000000010c8bc040 chromedriver + 5533760\n13  chromedriver                        0x000000010c899c87 chromedriver + 5393543\n14  chromedriver                        0x000000010c8bcacb chromedriver + 5536459\n15  chromedriver                        0x000000010c888544 chromedriver + 5322052\n16  chromedriver                        0x000000010c8da6e8 chromedriver + 5658344\n17  chromedriver                        0x000000010c8da8af chromedriver + 5658799\n18  chromedriver                        0x000000010c8ec3c8 chromedriver + 5731272\n19  libsystem_pthread.dylib             0x00007ff81b7cc253 _pthread_start + 99\n20  libsystem_pthread.dylib             0x00007ff81b7c7bef thread_start + 15",
      "time" : {
        "start" : 1739231084852,
        "stop" : 1739231099925,
        "duration" : 15073
      }
    } ],
    "categories" : [ ],
    "tags" : [ ]
  },
  "source" : "47227ed89aa53db7.json",
  "parameterValues" : [ ]
}