{
  "uid" : "6e68f1bbd4aebaea",
  "name" : "test_product_prices",
  "fullName" : "tests.test_content#test_product_prices",
  "historyId" : "42c23d6e64ba20232a3fe86db9c8260b",
  "time" : {
    "start" : 1741818429838,
    "stop" : 1741818429866,
    "duration" : 28
  },
  "status" : "failed",
  "statusMessage" : "AssertionError: Некоторые товары не имеют цены!\nassert False\n +  where False = <bound method HomePage.are_product_prices_displayed of <pages.home_page.HomePage object at 0x10cca0dd0>>()\n +    where <bound method HomePage.are_product_prices_displayed of <pages.home_page.HomePage object at 0x10cca0dd0>> = <pages.home_page.HomePage object at 0x10cca0dd0>.are_product_prices_displayed",
  "statusTrace" : "driver = <selenium.webdriver.chrome.webdriver.WebDriver (session=\"640c939c68febd6cc0a9b707d4f6d840\")>\n\n    def test_product_prices(driver):\n        home_page = HomePage(driver)\n>       assert home_page.are_product_prices_displayed(), \"Некоторые товары не имеют цены!\"\nE       AssertionError: Некоторые товары не имеют цены!\nE       assert False\nE        +  where False = <bound method HomePage.are_product_prices_displayed of <pages.home_page.HomePage object at 0x10cca0dd0>>()\nE        +    where <bound method HomePage.are_product_prices_displayed of <pages.home_page.HomePage object at 0x10cca0dd0>> = <pages.home_page.HomePage object at 0x10cca0dd0>.are_product_prices_displayed\n\ntests/test_content.py:21: AssertionError",
  "flaky" : false,
  "newFailed" : false,
  "beforeStages" : [ {
    "name" : "driver",
    "time" : {
      "start" : 1741818427175,
      "stop" : 1741818428820,
      "duration" : 1645
    },
    "status" : "passed",
    "steps" : [ ],
    "attachments" : [ ],
    "parameters" : [ ],
    "stepsCount" : 0,
    "attachmentsCount" : 0,
    "shouldDisplayMessage" : false,
    "hasContent" : false
  }, {
    "name" : "_skip_sensitive",
    "time" : {
      "start" : 1741818429837,
      "stop" : 1741818429837,
      "duration" : 0
    },
    "status" : "passed",
    "steps" : [ ],
    "attachments" : [ ],
    "parameters" : [ ],
    "stepsCount" : 0,
    "attachmentsCount" : 0,
    "shouldDisplayMessage" : false,
    "hasContent" : false
  }, {
    "name" : "sensitive_url",
    "time" : {
      "start" : 1741818218159,
      "stop" : 1741818218159,
      "duration" : 0
    },
    "status" : "passed",
    "steps" : [ ],
    "attachments" : [ ],
    "parameters" : [ ],
    "stepsCount" : 0,
    "attachmentsCount" : 0,
    "shouldDisplayMessage" : false,
    "hasContent" : false
  }, {
    "name" : "base_url",
    "time" : {
      "start" : 1741818218158,
      "stop" : 1741818218158,
      "duration" : 0
    },
    "status" : "passed",
    "steps" : [ ],
    "attachments" : [ ],
    "parameters" : [ ],
    "stepsCount" : 0,
    "attachmentsCount" : 0,
    "shouldDisplayMessage" : false,
    "hasContent" : false
  }, {
    "name" : "_verify_url",
    "time" : {
      "start" : 1741818218159,
      "stop" : 1741818218159,
      "duration" : 0
    },
    "status" : "passed",
    "steps" : [ ],
    "attachments" : [ ],
    "parameters" : [ ],
    "stepsCount" : 0,
    "attachmentsCount" : 0,
    "shouldDisplayMessage" : false,
    "hasContent" : false
  } ],
  "testStage" : {
    "status" : "failed",
    "statusMessage" : "AssertionError: Некоторые товары не имеют цены!\nassert False\n +  where False = <bound method HomePage.are_product_prices_displayed of <pages.home_page.HomePage object at 0x10cca0dd0>>()\n +    where <bound method HomePage.are_product_prices_displayed of <pages.home_page.HomePage object at 0x10cca0dd0>> = <pages.home_page.HomePage object at 0x10cca0dd0>.are_product_prices_displayed",
    "statusTrace" : "driver = <selenium.webdriver.chrome.webdriver.WebDriver (session=\"640c939c68febd6cc0a9b707d4f6d840\")>\n\n    def test_product_prices(driver):\n        home_page = HomePage(driver)\n>       assert home_page.are_product_prices_displayed(), \"Некоторые товары не имеют цены!\"\nE       AssertionError: Некоторые товары не имеют цены!\nE       assert False\nE        +  where False = <bound method HomePage.are_product_prices_displayed of <pages.home_page.HomePage object at 0x10cca0dd0>>()\nE        +    where <bound method HomePage.are_product_prices_displayed of <pages.home_page.HomePage object at 0x10cca0dd0>> = <pages.home_page.HomePage object at 0x10cca0dd0>.are_product_prices_displayed\n\ntests/test_content.py:21: AssertionError",
    "steps" : [ ],
    "attachments" : [ {
      "uid" : "a4b49612a3afbe08",
      "name" : "stdout",
      "source" : "a4b49612a3afbe08.txt",
      "type" : "text/plain",
      "size" : 42
    } ],
    "parameters" : [ ],
    "stepsCount" : 0,
    "attachmentsCount" : 1,
    "shouldDisplayMessage" : true,
    "hasContent" : true
  },
  "afterStages" : [ {
    "name" : "driver::0",
    "time" : {
      "start" : 1741818429980,
      "stop" : 1741818430099,
      "duration" : 119
    },
    "status" : "passed",
    "steps" : [ ],
    "attachments" : [ ],
    "parameters" : [ ],
    "stepsCount" : 0,
    "attachmentsCount" : 0,
    "shouldDisplayMessage" : false,
    "hasContent" : false
  } ],
  "labels" : [ {
    "name" : "parentSuite",
    "value" : "tests"
  }, {
    "name" : "suite",
    "value" : "test_content"
  }, {
    "name" : "host",
    "value" : "MacBook-Pro-Natasha.local"
  }, {
    "name" : "thread",
    "value" : "11073-MainThread"
  }, {
    "name" : "framework",
    "value" : "pytest"
  }, {
    "name" : "language",
    "value" : "cpython3"
  }, {
    "name" : "package",
    "value" : "tests.test_content"
  }, {
    "name" : "resultFormat",
    "value" : "allure2"
  } ],
  "parameters" : [ ],
  "links" : [ ],
  "hidden" : true,
  "retry" : true,
  "extra" : {
    "categories" : [ ],
    "tags" : [ ]
  },
  "source" : "6e68f1bbd4aebaea.json",
  "parameterValues" : [ ]
}