{
  "uid" : "73c166ab3bfde4c5",
  "name" : "Фильтрация товаров по категории 'Phones'",
  "fullName" : "tests.test_add_items_to_cart_and_order_placement#test_phones_category",
  "historyId" : "8fb2b6fc7a83ca92540b138962df69f3",
  "time" : {
    "start" : 1747603652427,
    "stop" : 1747603652427,
    "duration" : 0
  },
  "description" : "Проверка, что при выборе категории 'Phones' отображаются только соответствующие товары",
  "descriptionHtml" : "<p>Проверка, что при выборе категории 'Phones' отображаются только соответствующие товары</p>\n",
  "status" : "skipped",
  "statusMessage" : "Skipped: This test is destructive and the target URL is considered a sensitive environment. If this test is not destructive, add the 'nondestructive' marker to it. Sensitive URL: https://www.demoblaze.com/",
  "statusTrace" : "('/opt/hostedtoolcache/Python/3.12.5/x64/lib/python3.12/site-packages/pytest_selenium/safety.py', 79, \"Skipped: This test is destructive and the target URL is considered a sensitive environment. If this test is not destructive, add the 'nondestructive' marker to it. Sensitive URL: https://www.demoblaze.com/\")",
  "flaky" : false,
  "newFailed" : false,
  "beforeStages" : [ {
    "name" : "sensitive_url",
    "time" : {
      "start" : 1747603652145,
      "stop" : 1747603652390,
      "duration" : 245
    },
    "status" : "passed",
    "steps" : [ ],
    "attachments" : [ ],
    "parameters" : [ ],
    "stepsCount" : 0,
    "attachmentsCount" : 0,
    "shouldDisplayMessage" : false,
    "hasContent" : false
  }, {
    "name" : "_verify_url",
    "time" : {
      "start" : 1747603652145,
      "stop" : 1747603652145,
      "duration" : 0
    },
    "status" : "passed",
    "steps" : [ ],
    "attachments" : [ ],
    "parameters" : [ ],
    "stepsCount" : 0,
    "attachmentsCount" : 0,
    "shouldDisplayMessage" : false,
    "hasContent" : false
  }, {
    "name" : "base_url",
    "time" : {
      "start" : 1747603652145,
      "stop" : 1747603652145,
      "duration" : 0
    },
    "status" : "passed",
    "steps" : [ ],
    "attachments" : [ ],
    "parameters" : [ ],
    "stepsCount" : 0,
    "attachmentsCount" : 0,
    "shouldDisplayMessage" : false,
    "hasContent" : false
  }, {
    "name" : "_skip_sensitive",
    "time" : {
      "start" : 1747603652427,
      "stop" : 1747603652427,
      "duration" : 0
    },
    "status" : "skipped",
    "statusMessage" : "Skipped: This test is destructive and the target URL is considered a sensitive environment. If this test is not destructive, add the 'nondestructive' marker to it. Sensitive URL: https://www.demoblaze.com/\n",
    "statusTrace" : "  File \"/opt/hostedtoolcache/Python/3.12.5/x64/lib/python3.12/site-packages/pluggy/_callers.py\", line 38, in run_old_style_hookwrapper\n    res = yield\n          ^^^^^\n  File \"/opt/hostedtoolcache/Python/3.12.5/x64/lib/python3.12/site-packages/pluggy/_callers.py\", line 139, in _multicall\n    teardown.throw(exception)\n  File \"/opt/hostedtoolcache/Python/3.12.5/x64/lib/python3.12/site-packages/pluggy/_callers.py\", line 53, in run_old_style_hookwrapper\n    return result.get_result()\n           ^^^^^^^^^^^^^^^^^^^\n  File \"/opt/hostedtoolcache/Python/3.12.5/x64/lib/python3.12/site-packages/pluggy/_result.py\", line 103, in get_result\n    raise exc.with_traceback(tb)\n  File \"/opt/hostedtoolcache/Python/3.12.5/x64/lib/python3.12/site-packages/pluggy/_callers.py\", line 38, in run_old_style_hookwrapper\n    res = yield\n          ^^^^^\n  File \"/opt/hostedtoolcache/Python/3.12.5/x64/lib/python3.12/site-packages/pluggy/_callers.py\", line 121, in _multicall\n    res = hook_impl.function(*args)\n          ^^^^^^^^^^^^^^^^^^^^^^^^^\n  File \"/opt/hostedtoolcache/Python/3.12.5/x64/lib/python3.12/site-packages/_pytest/fixtures.py\", line 1126, in pytest_fixture_setup\n    result = call_fixture_func(fixturefunc, request, kwargs)\n             ^^^^^^^^^^^^^^^^^^^^^^^^^^^^^^^^^^^^^^^^^^^^^^^\n  File \"/opt/hostedtoolcache/Python/3.12.5/x64/lib/python3.12/site-packages/_pytest/fixtures.py\", line 932, in call_fixture_func\n    fixture_result = fixturefunc(**kwargs)\n                     ^^^^^^^^^^^^^^^^^^^^^\n  File \"/opt/hostedtoolcache/Python/3.12.5/x64/lib/python3.12/site-packages/pytest_selenium/safety.py\", line 79, in _skip_sensitive\n    pytest.skip(\n  File \"/opt/hostedtoolcache/Python/3.12.5/x64/lib/python3.12/site-packages/_pytest/outcomes.py\", line 139, in skip\n    raise Skipped(msg=msg, allow_module_level=allow_module_level)\n",
    "steps" : [ ],
    "attachments" : [ ],
    "parameters" : [ ],
    "stepsCount" : 0,
    "attachmentsCount" : 0,
    "shouldDisplayMessage" : true,
    "hasContent" : true
  } ],
  "afterStages" : [ ],
  "labels" : [ {
    "name" : "parentSuite",
    "value" : "tests"
  }, {
    "name" : "suite",
    "value" : "test_add_items_to_cart_and_order_placement"
  }, {
    "name" : "host",
    "value" : "pkrvmf6wy0o8zjz"
  }, {
    "name" : "thread",
    "value" : "2511-MainThread"
  }, {
    "name" : "framework",
    "value" : "pytest"
  }, {
    "name" : "language",
    "value" : "cpython3"
  }, {
    "name" : "package",
    "value" : "tests.test_add_items_to_cart_and_order_placement"
  }, {
    "name" : "resultFormat",
    "value" : "allure2"
  } ],
  "parameters" : [ ],
  "links" : [ ],
  "hidden" : false,
  "retry" : false,
  "extra" : {
    "severity" : "normal",
    "retries" : [ {
      "uid" : "bc614e27cc93b20d",
      "status" : "failed",
      "statusDetails" : "AssertionError: Найден не телефон: {'Sony vaio i7', 'Sony vaio i5'}\nassert False\n +  where False = <built-in method issubset of set object at 0x1074ad2a0>({'HTC One M9', 'Iphone 6 32gb', 'Nexus 6', 'Nokia lumia 1520', 'Samsung galaxy s6', 'Samsung galaxy s7', ...})\n +    where <built-in method issubset of set object at 0x1074ad2a0> = {'HTC One M9', 'Iphone 6 32gb', 'Nexus 6', 'Nokia lumia 1520', 'Samsung galaxy s6', 'Samsung galaxy s7', ...}.issubset\n +      where {'HTC One M9', 'Iphone 6 32gb', 'Nexus 6', 'Nokia lumia 1520', 'Samsung galaxy s6', 'Samsung galaxy s7', ...} = set(['Samsung galaxy s6', 'Nokia lumia 1520', 'Nexus 6', 'Samsung galaxy s7', 'Iphone 6 32gb', 'Sony xperia z5', ...])",
      "time" : {
        "start" : 1745242585869,
        "stop" : 1745242586061,
        "duration" : 192
      }
    }, {
      "uid" : "f08c1b3608f8cc5a",
      "status" : "failed",
      "statusDetails" : "AssertionError: Найден не телефон: {'Sony vaio i7', 'Sony vaio i5'}\nassert False\n +  where False = <built-in method issubset of set object at 0x10818d1c0>({'HTC One M9', 'Iphone 6 32gb', 'Nexus 6', 'Nokia lumia 1520', 'Samsung galaxy s6', 'Samsung galaxy s7', ...})\n +    where <built-in method issubset of set object at 0x10818d1c0> = {'HTC One M9', 'Iphone 6 32gb', 'Nexus 6', 'Nokia lumia 1520', 'Samsung galaxy s6', 'Samsung galaxy s7', ...}.issubset\n +      where {'HTC One M9', 'Iphone 6 32gb', 'Nexus 6', 'Nokia lumia 1520', 'Samsung galaxy s6', 'Samsung galaxy s7', ...} = set(['Samsung galaxy s6', 'Nokia lumia 1520', 'Nexus 6', 'Samsung galaxy s7', 'Iphone 6 32gb', 'Sony xperia z5', ...])",
      "time" : {
        "start" : 1741821698558,
        "stop" : 1741821698771,
        "duration" : 213
      }
    }, {
      "uid" : "845c0628a78e6bb9",
      "status" : "broken",
      "statusDetails" : "AttributeError: 'HomePage' object has no attribute 'select_category'",
      "time" : {
        "start" : 1741818324177,
        "stop" : 1741818324195,
        "duration" : 18
      }
    }, {
      "uid" : "863c7ef2b07d26e",
      "status" : "passed",
      "time" : {
        "start" : 1741032978989,
        "stop" : 1741032979722,
        "duration" : 733
      }
    }, {
      "uid" : "6c80d384dfd15590",
      "status" : "broken",
      "statusDetails" : "selenium.common.exceptions.TimeoutException: Message: \nStacktrace:\n0   chromedriver                        0x0000000109bc3bc8 chromedriver + 5766088\n1   chromedriver                        0x0000000109bbb7ea chromedriver + 5732330\n2   chromedriver                        0x00000001096a9680 chromedriver + 415360\n3   chromedriver                        0x00000001096fad7d chromedriver + 748925\n4   chromedriver                        0x00000001096faf21 chromedriver + 749345\n5   chromedriver                        0x000000010974b184 chromedriver + 1077636\n6   chromedriver                        0x000000010972107d chromedriver + 905341\n7   chromedriver                        0x00000001097483e7 chromedriver + 1065959\n8   chromedriver                        0x0000000109720e23 chromedriver + 904739\n9   chromedriver                        0x00000001096ecbea chromedriver + 691178\n10  chromedriver                        0x00000001096edd41 chromedriver + 695617\n11  chromedriver                        0x0000000109b87100 chromedriver + 5517568\n12  chromedriver                        0x0000000109b8b040 chromedriver + 5533760\n13  chromedriver                        0x0000000109b68c87 chromedriver + 5393543\n14  chromedriver                        0x0000000109b8bacb chromedriver + 5536459\n15  chromedriver                        0x0000000109b57544 chromedriver + 5322052\n16  chromedriver                        0x0000000109ba96e8 chromedriver + 5658344\n17  chromedriver                        0x0000000109ba98af chromedriver + 5658799\n18  chromedriver                        0x0000000109bbb3c8 chromedriver + 5731272\n19  libsystem_pthread.dylib             0x00007ff81b7cc253 _pthread_start + 99\n20  libsystem_pthread.dylib             0x00007ff81b7c7bef thread_start + 15",
      "time" : {
        "start" : 1739233240555,
        "stop" : 1739233255718,
        "duration" : 15163
      }
    }, {
      "uid" : "849fedd4d6a00502",
      "status" : "broken",
      "statusDetails" : "selenium.common.exceptions.TimeoutException: Message: \nStacktrace:\n0   chromedriver                        0x000000010c8f4bc8 chromedriver + 5766088\n1   chromedriver                        0x000000010c8ec7ea chromedriver + 5732330\n2   chromedriver                        0x000000010c3da680 chromedriver + 415360\n3   chromedriver                        0x000000010c42bd7d chromedriver + 748925\n4   chromedriver                        0x000000010c42bf21 chromedriver + 749345\n5   chromedriver                        0x000000010c47c184 chromedriver + 1077636\n6   chromedriver                        0x000000010c45207d chromedriver + 905341\n7   chromedriver                        0x000000010c4793e7 chromedriver + 1065959\n8   chromedriver                        0x000000010c451e23 chromedriver + 904739\n9   chromedriver                        0x000000010c41dbea chromedriver + 691178\n10  chromedriver                        0x000000010c41ed41 chromedriver + 695617\n11  chromedriver                        0x000000010c8b8100 chromedriver + 5517568\n12  chromedriver                        0x000000010c8bc040 chromedriver + 5533760\n13  chromedriver                        0x000000010c899c87 chromedriver + 5393543\n14  chromedriver                        0x000000010c8bcacb chromedriver + 5536459\n15  chromedriver                        0x000000010c888544 chromedriver + 5322052\n16  chromedriver                        0x000000010c8da6e8 chromedriver + 5658344\n17  chromedriver                        0x000000010c8da8af chromedriver + 5658799\n18  chromedriver                        0x000000010c8ec3c8 chromedriver + 5731272\n19  libsystem_pthread.dylib             0x00007ff81b7cc253 _pthread_start + 99\n20  libsystem_pthread.dylib             0x00007ff81b7c7bef thread_start + 15",
      "time" : {
        "start" : 1739231175553,
        "stop" : 1739231190670,
        "duration" : 15117
      }
    } ],
    "categories" : [ ],
    "tags" : [ ]
  },
  "source" : "73c166ab3bfde4c5.json",
  "parameterValues" : [ ]
}