{
  "uid" : "75a1c641cc018ea",
  "name" : "test_contact_us",
  "fullName" : "tests.test_categories_and_products#test_contact_us",
  "historyId" : "49c117952a3c1a03e1d17ea4aed03c97",
  "time" : {
    "start" : 1741821761221,
    "stop" : 1741821771630,
    "duration" : 10409
  },
  "status" : "broken",
  "statusMessage" : "selenium.common.exceptions.TimeoutException: Message: \nStacktrace:\n0   chromedriver                        0x000000010b4da808 chromedriver + 6105096\n1   chromedriver                        0x000000010b4d240a chromedriver + 6071306\n2   chromedriver                        0x000000010af6d600 chromedriver + 415232\n3   chromedriver                        0x000000010afbf2c0 chromedriver + 750272\n4   chromedriver                        0x000000010afbf511 chromedriver + 750865\n5   chromedriver                        0x000000010b00f9c4 chromedriver + 1079748\n6   chromedriver                        0x000000010afe563d chromedriver + 906813\n7   chromedriver                        0x000000010b00cc3d chromedriver + 1068093\n8   chromedriver                        0x000000010afe53e3 chromedriver + 906211\n9   chromedriver                        0x000000010afb129a chromedriver + 692890\n10  chromedriver                        0x000000010afb23f1 chromedriver + 697329\n11  chromedriver                        0x000000010b499d00 chromedriver + 5840128\n12  chromedriver                        0x000000010b49dbd4 chromedriver + 5856212\n13  chromedriver                        0x000000010b474936 chromedriver + 5687606\n14  chromedriver                        0x000000010b49e5cb chromedriver + 5858763\n15  chromedriver                        0x000000010b463024 chromedriver + 5615652\n16  chromedriver                        0x000000010b4c0368 chromedriver + 5997416\n17  chromedriver                        0x000000010b4c052f chromedriver + 5997871\n18  chromedriver                        0x000000010b4d1fe8 chromedriver + 6070248\n19  libsystem_pthread.dylib             0x00007ff80905c253 _pthread_start + 99\n20  libsystem_pthread.dylib             0x00007ff809057bef thread_start + 15",
  "statusTrace" : "driver = <selenium.webdriver.chrome.webdriver.WebDriver (session=\"06db500199a29f9067921abbb017794b\")>\n\n    def test_contact_us(driver):\n        contact_page = ContactPage(driver)\n>       contact_page.open_contact_form()\n\ntests/test_categories_and_products.py:55: \n_ _ _ _ _ _ _ _ _ _ _ _ _ _ _ _ _ _ _ _ _ _ _ _ _ _ _ _ _ _ _ _ _ _ _ _ _ _ _ _ _ _ _ _ _ _ _ _ _ _ _ _ _ _ _ _ _ _ _ _ _ _ _ _ _ _ _ _ _ _ _ _ _ _ _ _ _ _ _ _ _ _ _ _ _ _ _ _ _ _ _ _ _ _ _ _ _ _ _ _ _ _\npages/contact_page.py:21: in open_contact_form\n    self.wait.until(EC.element_to_be_clickable(self.CONTACT_BUTTON)).click()\n_ _ _ _ _ _ _ _ _ _ _ _ _ _ _ _ _ _ _ _ _ _ _ _ _ _ _ _ _ _ _ _ _ _ _ _ _ _ _ _ _ _ _ _ _ _ _ _ _ _ _ _ _ _ _ _ _ _ _ _ _ _ _ _ _ _ _ _ _ _ _ _ _ _ _ _ _ _ _ _ _ _ _ _ _ _ _ _ _ _ _ _ _ _ _ _ _ _ _ _ _ _\n\nself = <selenium.webdriver.support.wait.WebDriverWait (session=\"06db500199a29f9067921abbb017794b\")>, method = <function element_to_be_clickable.<locals>._predicate at 0x10821df80>, message = ''\n\n    def until(self, method: Callable[[D], Union[Literal[False], T]], message: str = \"\") -> T:\n        \"\"\"Wait until the method returns a value that is not False.\n    \n        Calls the method provided with the driver as an argument until the\n        return value does not evaluate to ``False``.\n    \n        Parameters:\n        ----------\n        method: callable(WebDriver)\n            - A callable object that takes a WebDriver instance as an argument.\n    \n        message: str\n            - Optional message for :exc:`TimeoutException`\n    \n        Return:\n        -------\n        object: T\n            - The result of the last call to `method`\n    \n        Raises:\n        -------\n        TimeoutException\n            - If 'method' does not return a truthy value within the WebDriverWait\n            object's timeout\n    \n        Example:\n        --------\n        >>> from selenium.webdriver.common.by import By\n        >>> from selenium.webdriver.support.ui import WebDriverWait\n        >>> from selenium.webdriver.support import expected_conditions as EC\n    \n        # Wait until an element is visible on the page\n        >>> wait = WebDriverWait(driver, 10)\n        >>> element = wait.until(EC.visibility_of_element_located((By.ID, \"exampleId\")))\n        >>> print(element.text)\n        \"\"\"\n        screen = None\n        stacktrace = None\n    \n        end_time = time.monotonic() + self._timeout\n        while True:\n            try:\n                value = method(self._driver)\n                if value:\n                    return value\n            except self._ignored_exceptions as exc:\n                screen = getattr(exc, \"screen\", None)\n                stacktrace = getattr(exc, \"stacktrace\", None)\n            if time.monotonic() > end_time:\n                break\n            time.sleep(self._poll)\n>       raise TimeoutException(message, screen, stacktrace)\nE       selenium.common.exceptions.TimeoutException: Message: \nE       Stacktrace:\nE       0   chromedriver                        0x000000010b4da808 chromedriver + 6105096\nE       1   chromedriver                        0x000000010b4d240a chromedriver + 6071306\nE       2   chromedriver                        0x000000010af6d600 chromedriver + 415232\nE       3   chromedriver                        0x000000010afbf2c0 chromedriver + 750272\nE       4   chromedriver                        0x000000010afbf511 chromedriver + 750865\nE       5   chromedriver                        0x000000010b00f9c4 chromedriver + 1079748\nE       6   chromedriver                        0x000000010afe563d chromedriver + 906813\nE       7   chromedriver                        0x000000010b00cc3d chromedriver + 1068093\nE       8   chromedriver                        0x000000010afe53e3 chromedriver + 906211\nE       9   chromedriver                        0x000000010afb129a chromedriver + 692890\nE       10  chromedriver                        0x000000010afb23f1 chromedriver + 697329\nE       11  chromedriver                        0x000000010b499d00 chromedriver + 5840128\nE       12  chromedriver                        0x000000010b49dbd4 chromedriver + 5856212\nE       13  chromedriver                        0x000000010b474936 chromedriver + 5687606\nE       14  chromedriver                        0x000000010b49e5cb chromedriver + 5858763\nE       15  chromedriver                        0x000000010b463024 chromedriver + 5615652\nE       16  chromedriver                        0x000000010b4c0368 chromedriver + 5997416\nE       17  chromedriver                        0x000000010b4c052f chromedriver + 5997871\nE       18  chromedriver                        0x000000010b4d1fe8 chromedriver + 6070248\nE       19  libsystem_pthread.dylib             0x00007ff80905c253 _pthread_start + 99\nE       20  libsystem_pthread.dylib             0x00007ff809057bef thread_start + 15\n\n.venv/lib/python3.12/site-packages/selenium/webdriver/support/wait.py:146: TimeoutException",
  "flaky" : false,
  "newFailed" : false,
  "beforeStages" : [ {
    "name" : "driver",
    "time" : {
      "start" : 1741821740583,
      "stop" : 1741821742623,
      "duration" : 2040
    },
    "status" : "passed",
    "steps" : [ ],
    "attachments" : [ ],
    "parameters" : [ ],
    "stepsCount" : 0,
    "attachmentsCount" : 0,
    "shouldDisplayMessage" : false,
    "hasContent" : false
  }, {
    "name" : "base_url",
    "time" : {
      "start" : 1741821611800,
      "stop" : 1741821611801,
      "duration" : 1
    },
    "status" : "passed",
    "steps" : [ ],
    "attachments" : [ ],
    "parameters" : [ ],
    "stepsCount" : 0,
    "attachmentsCount" : 0,
    "shouldDisplayMessage" : false,
    "hasContent" : false
  }, {
    "name" : "_skip_sensitive",
    "time" : {
      "start" : 1741821761221,
      "stop" : 1741821761221,
      "duration" : 0
    },
    "status" : "passed",
    "steps" : [ ],
    "attachments" : [ ],
    "parameters" : [ ],
    "stepsCount" : 0,
    "attachmentsCount" : 0,
    "shouldDisplayMessage" : false,
    "hasContent" : false
  }, {
    "name" : "_verify_url",
    "time" : {
      "start" : 1741821611801,
      "stop" : 1741821611802,
      "duration" : 1
    },
    "status" : "passed",
    "steps" : [ ],
    "attachments" : [ ],
    "parameters" : [ ],
    "stepsCount" : 0,
    "attachmentsCount" : 0,
    "shouldDisplayMessage" : false,
    "hasContent" : false
  }, {
    "name" : "sensitive_url",
    "time" : {
      "start" : 1741821611802,
      "stop" : 1741821611802,
      "duration" : 0
    },
    "status" : "passed",
    "steps" : [ ],
    "attachments" : [ ],
    "parameters" : [ ],
    "stepsCount" : 0,
    "attachmentsCount" : 0,
    "shouldDisplayMessage" : false,
    "hasContent" : false
  } ],
  "afterStages" : [ {
    "name" : "driver::0",
    "time" : {
      "start" : 1741821771646,
      "stop" : 1741821771789,
      "duration" : 143
    },
    "status" : "passed",
    "steps" : [ ],
    "attachments" : [ ],
    "parameters" : [ ],
    "stepsCount" : 0,
    "attachmentsCount" : 0,
    "shouldDisplayMessage" : false,
    "hasContent" : false
  } ],
  "labels" : [ {
    "name" : "parentSuite",
    "value" : "tests"
  }, {
    "name" : "suite",
    "value" : "test_categories_and_products"
  }, {
    "name" : "host",
    "value" : "MacBook-Pro-Natasha.local"
  }, {
    "name" : "thread",
    "value" : "18976-MainThread"
  }, {
    "name" : "framework",
    "value" : "pytest"
  }, {
    "name" : "language",
    "value" : "cpython3"
  }, {
    "name" : "package",
    "value" : "tests.test_categories_and_products"
  }, {
    "name" : "resultFormat",
    "value" : "allure2"
  } ],
  "parameters" : [ ],
  "links" : [ ],
  "hidden" : true,
  "retry" : true,
  "extra" : {
    "categories" : [ ],
    "tags" : [ ]
  },
  "source" : "75a1c641cc018ea.json",
  "parameterValues" : [ ]
}