{
  "uid" : "796ecd76df7a64f",
  "name" : "test_empty_field_country",
  "fullName" : "tests.test_add_items_to_cart_and_order_placement#test_empty_field_country",
  "historyId" : "3cdcca8a1c04263f5fe4987c5581e6e5",
  "time" : {
    "start" : 1739231145216,
    "stop" : 1739231160342,
    "duration" : 15126
  },
  "status" : "broken",
  "statusMessage" : "selenium.common.exceptions.TimeoutException: Message: \nStacktrace:\n0   chromedriver                        0x000000010c8f4bc8 chromedriver + 5766088\n1   chromedriver                        0x000000010c8ec7ea chromedriver + 5732330\n2   chromedriver                        0x000000010c3da680 chromedriver + 415360\n3   chromedriver                        0x000000010c42bd7d chromedriver + 748925\n4   chromedriver                        0x000000010c42bf21 chromedriver + 749345\n5   chromedriver                        0x000000010c47c184 chromedriver + 1077636\n6   chromedriver                        0x000000010c45207d chromedriver + 905341\n7   chromedriver                        0x000000010c4793e7 chromedriver + 1065959\n8   chromedriver                        0x000000010c451e23 chromedriver + 904739\n9   chromedriver                        0x000000010c41dbea chromedriver + 691178\n10  chromedriver                        0x000000010c41ed41 chromedriver + 695617\n11  chromedriver                        0x000000010c8b8100 chromedriver + 5517568\n12  chromedriver                        0x000000010c8bc040 chromedriver + 5533760\n13  chromedriver                        0x000000010c899c87 chromedriver + 5393543\n14  chromedriver                        0x000000010c8bcacb chromedriver + 5536459\n15  chromedriver                        0x000000010c888544 chromedriver + 5322052\n16  chromedriver                        0x000000010c8da6e8 chromedriver + 5658344\n17  chromedriver                        0x000000010c8da8af chromedriver + 5658799\n18  chromedriver                        0x000000010c8ec3c8 chromedriver + 5731272\n19  libsystem_pthread.dylib             0x00007ff81b7cc253 _pthread_start + 99\n20  libsystem_pthread.dylib             0x00007ff81b7c7bef thread_start + 15",
  "statusTrace" : "driver = <selenium.webdriver.chrome.webdriver.WebDriver (session=\"155bbc198fc5a90bf5511ff512dd16fd\")>\n\n    def test_empty_field_country(driver):\n        wait = WebDriverWait(driver, 15)\n    # Открытие категории \"Laptops\"\n>       wait.until(EC.element_to_be_clickable((By.LINK_TEXT, \"Laptops\"))).click()\n\ntests/test_add_items_to_cart_and_order_placement.py:195: \n_ _ _ _ _ _ _ _ _ _ _ _ _ _ _ _ _ _ _ _ _ _ _ _ _ _ _ _ _ _ _ _ _ _ _ _ _ _ _ _ _ _ _ _ _ _ _ _ _ _ _ _ _ _ _ _ _ _ _ _ _ _ _ _ _ _ _ _ _ _ _ _ _ _ _ _ _ _ _ _ \n\nself = <selenium.webdriver.support.wait.WebDriverWait (session=\"155bbc198fc5a90bf5511ff512dd16fd\")>\nmethod = <function element_to_be_clickable.<locals>._predicate at 0x10758cae0>, message = ''\n\n    def until(self, method: Callable[[D], Union[Literal[False], T]], message: str = \"\") -> T:\n        \"\"\"Wait until the method returns a value that is not False.\n    \n        Calls the method provided with the driver as an argument until the\n        return value does not evaluate to ``False``.\n    \n        Parameters:\n        ----------\n        method: callable(WebDriver)\n            - A callable object that takes a WebDriver instance as an argument.\n    \n        message: str\n            - Optional message for :exc:`TimeoutException`\n    \n        Return:\n        -------\n        object: T\n            - The result of the last call to `method`\n    \n        Raises:\n        -------\n        TimeoutException\n            - If 'method' does not return a truthy value within the WebDriverWait\n            object's timeout\n    \n        Example:\n        --------\n        >>> from selenium.webdriver.common.by import By\n        >>> from selenium.webdriver.support.ui import WebDriverWait\n        >>> from selenium.webdriver.support import expected_conditions as EC\n    \n        # Wait until an element is visible on the page\n        >>> wait = WebDriverWait(driver, 10)\n        >>> element = wait.until(EC.visibility_of_element_located((By.ID, \"exampleId\")))\n        >>> print(element.text)\n        \"\"\"\n        screen = None\n        stacktrace = None\n    \n        end_time = time.monotonic() + self._timeout\n        while True:\n            try:\n                value = method(self._driver)\n                if value:\n                    return value\n            except self._ignored_exceptions as exc:\n                screen = getattr(exc, \"screen\", None)\n                stacktrace = getattr(exc, \"stacktrace\", None)\n            if time.monotonic() > end_time:\n                break\n            time.sleep(self._poll)\n>       raise TimeoutException(message, screen, stacktrace)\nE       selenium.common.exceptions.TimeoutException: Message: \nE       Stacktrace:\nE       0   chromedriver                        0x000000010c8f4bc8 chromedriver + 5766088\nE       1   chromedriver                        0x000000010c8ec7ea chromedriver + 5732330\nE       2   chromedriver                        0x000000010c3da680 chromedriver + 415360\nE       3   chromedriver                        0x000000010c42bd7d chromedriver + 748925\nE       4   chromedriver                        0x000000010c42bf21 chromedriver + 749345\nE       5   chromedriver                        0x000000010c47c184 chromedriver + 1077636\nE       6   chromedriver                        0x000000010c45207d chromedriver + 905341\nE       7   chromedriver                        0x000000010c4793e7 chromedriver + 1065959\nE       8   chromedriver                        0x000000010c451e23 chromedriver + 904739\nE       9   chromedriver                        0x000000010c41dbea chromedriver + 691178\nE       10  chromedriver                        0x000000010c41ed41 chromedriver + 695617\nE       11  chromedriver                        0x000000010c8b8100 chromedriver + 5517568\nE       12  chromedriver                        0x000000010c8bc040 chromedriver + 5533760\nE       13  chromedriver                        0x000000010c899c87 chromedriver + 5393543\nE       14  chromedriver                        0x000000010c8bcacb chromedriver + 5536459\nE       15  chromedriver                        0x000000010c888544 chromedriver + 5322052\nE       16  chromedriver                        0x000000010c8da6e8 chromedriver + 5658344\nE       17  chromedriver                        0x000000010c8da8af chromedriver + 5658799\nE       18  chromedriver                        0x000000010c8ec3c8 chromedriver + 5731272\nE       19  libsystem_pthread.dylib             0x00007ff81b7cc253 _pthread_start + 99\nE       20  libsystem_pthread.dylib             0x00007ff81b7c7bef thread_start + 15\n\n.venv/lib/python3.12/site-packages/selenium/webdriver/support/wait.py:146: TimeoutException",
  "flaky" : false,
  "newFailed" : false,
  "beforeStages" : [ {
    "name" : "driver",
    "time" : {
      "start" : 1739231033747,
      "stop" : 1739231036408,
      "duration" : 2661
    },
    "status" : "passed",
    "steps" : [ ],
    "attachments" : [ ],
    "parameters" : [ ],
    "stepsCount" : 0,
    "attachmentsCount" : 0,
    "shouldDisplayMessage" : false,
    "hasContent" : false
  }, {
    "name" : "_verify_url",
    "time" : {
      "start" : 1739231033746,
      "stop" : 1739231033747,
      "duration" : 1
    },
    "status" : "passed",
    "steps" : [ ],
    "attachments" : [ ],
    "parameters" : [ ],
    "stepsCount" : 0,
    "attachmentsCount" : 0,
    "shouldDisplayMessage" : false,
    "hasContent" : false
  }, {
    "name" : "sensitive_url",
    "time" : {
      "start" : 1739231033747,
      "stop" : 1739231033747,
      "duration" : 0
    },
    "status" : "passed",
    "steps" : [ ],
    "attachments" : [ ],
    "parameters" : [ ],
    "stepsCount" : 0,
    "attachmentsCount" : 0,
    "shouldDisplayMessage" : false,
    "hasContent" : false
  }, {
    "name" : "base_url",
    "time" : {
      "start" : 1739231033746,
      "stop" : 1739231033746,
      "duration" : 0
    },
    "status" : "passed",
    "steps" : [ ],
    "attachments" : [ ],
    "parameters" : [ ],
    "stepsCount" : 0,
    "attachmentsCount" : 0,
    "shouldDisplayMessage" : false,
    "hasContent" : false
  }, {
    "name" : "_skip_sensitive",
    "time" : {
      "start" : 1739231145216,
      "stop" : 1739231145216,
      "duration" : 0
    },
    "status" : "passed",
    "steps" : [ ],
    "attachments" : [ ],
    "parameters" : [ ],
    "stepsCount" : 0,
    "attachmentsCount" : 0,
    "shouldDisplayMessage" : false,
    "hasContent" : false
  } ],
  "afterStages" : [ {
    "name" : "driver::0",
    "time" : {
      "start" : 1739231220785,
      "stop" : 1739231220969,
      "duration" : 184
    },
    "status" : "passed",
    "steps" : [ ],
    "attachments" : [ ],
    "parameters" : [ ],
    "stepsCount" : 0,
    "attachmentsCount" : 0,
    "shouldDisplayMessage" : false,
    "hasContent" : false
  } ],
  "labels" : [ {
    "name" : "parentSuite",
    "value" : "tests"
  }, {
    "name" : "suite",
    "value" : "test_add_items_to_cart_and_order_placement"
  }, {
    "name" : "host",
    "value" : "MacBook-Pro-Natasha.local"
  }, {
    "name" : "thread",
    "value" : "91139-MainThread"
  }, {
    "name" : "framework",
    "value" : "pytest"
  }, {
    "name" : "language",
    "value" : "cpython3"
  }, {
    "name" : "package",
    "value" : "tests.test_add_items_to_cart_and_order_placement"
  }, {
    "name" : "resultFormat",
    "value" : "allure2"
  } ],
  "parameters" : [ ],
  "links" : [ ],
  "hidden" : true,
  "retry" : true,
  "extra" : {
    "categories" : [ ],
    "tags" : [ ]
  },
  "source" : "796ecd76df7a64f.json",
  "parameterValues" : [ ]
}