{
  "uid" : "807f59e2969b2ca9",
  "name" : "test_invalid_password",
  "fullName" : "tests.test_authorization_and_registration#test_invalid_password",
  "historyId" : "d4d36b733f3157cd549e2b6264c130dc",
  "time" : {
    "start" : 1741821708482,
    "stop" : 1741821709808,
    "duration" : 1326
  },
  "status" : "failed",
  "statusMessage" : "AssertionError: Ожидалось предупреждение о неверном пароле\nassert False\n +  where False = <bound method AuthPage.is_login_failed of <pages.auth_page.AuthPage object at 0x10814a3f0>>()\n +    where <bound method AuthPage.is_login_failed of <pages.auth_page.AuthPage object at 0x10814a3f0>> = <pages.auth_page.AuthPage object at 0x10814a3f0>.is_login_failed",
  "statusTrace" : "driver = <selenium.webdriver.chrome.webdriver.WebDriver (session=\"460145918d4fa64d8eba8af224ce0519\")>\n\n    def test_invalid_password(driver):\n        auth_page = AuthPage(driver)\n        auth_page.login(\"TestYura123\", \"WrongPassword\")\n    \n>       assert auth_page.is_login_failed(), \"Ожидалось предупреждение о неверном пароле\"\nE       AssertionError: Ожидалось предупреждение о неверном пароле\nE       assert False\nE        +  where False = <bound method AuthPage.is_login_failed of <pages.auth_page.AuthPage object at 0x10814a3f0>>()\nE        +    where <bound method AuthPage.is_login_failed of <pages.auth_page.AuthPage object at 0x10814a3f0>> = <pages.auth_page.AuthPage object at 0x10814a3f0>.is_login_failed\n\ntests/test_authorization_and_registration.py:53: AssertionError",
  "flaky" : false,
  "newFailed" : false,
  "beforeStages" : [ {
    "name" : "_skip_sensitive",
    "time" : {
      "start" : 1741821708481,
      "stop" : 1741821708481,
      "duration" : 0
    },
    "status" : "passed",
    "steps" : [ ],
    "attachments" : [ ],
    "parameters" : [ ],
    "stepsCount" : 0,
    "attachmentsCount" : 0,
    "shouldDisplayMessage" : false,
    "hasContent" : false
  }, {
    "name" : "driver",
    "time" : {
      "start" : 1741821704773,
      "stop" : 1741821706838,
      "duration" : 2065
    },
    "status" : "passed",
    "steps" : [ ],
    "attachments" : [ ],
    "parameters" : [ ],
    "stepsCount" : 0,
    "attachmentsCount" : 0,
    "shouldDisplayMessage" : false,
    "hasContent" : false
  }, {
    "name" : "base_url",
    "time" : {
      "start" : 1741821611800,
      "stop" : 1741821611801,
      "duration" : 1
    },
    "status" : "passed",
    "steps" : [ ],
    "attachments" : [ ],
    "parameters" : [ ],
    "stepsCount" : 0,
    "attachmentsCount" : 0,
    "shouldDisplayMessage" : false,
    "hasContent" : false
  }, {
    "name" : "_verify_url",
    "time" : {
      "start" : 1741821611801,
      "stop" : 1741821611802,
      "duration" : 1
    },
    "status" : "passed",
    "steps" : [ ],
    "attachments" : [ ],
    "parameters" : [ ],
    "stepsCount" : 0,
    "attachmentsCount" : 0,
    "shouldDisplayMessage" : false,
    "hasContent" : false
  }, {
    "name" : "sensitive_url",
    "time" : {
      "start" : 1741821611802,
      "stop" : 1741821611802,
      "duration" : 0
    },
    "status" : "passed",
    "steps" : [ ],
    "attachments" : [ ],
    "parameters" : [ ],
    "stepsCount" : 0,
    "attachmentsCount" : 0,
    "shouldDisplayMessage" : false,
    "hasContent" : false
  } ],
  "testStage" : {
    "status" : "failed",
    "statusMessage" : "AssertionError: Ожидалось предупреждение о неверном пароле\nassert False\n +  where False = <bound method AuthPage.is_login_failed of <pages.auth_page.AuthPage object at 0x10814a3f0>>()\n +    where <bound method AuthPage.is_login_failed of <pages.auth_page.AuthPage object at 0x10814a3f0>> = <pages.auth_page.AuthPage object at 0x10814a3f0>.is_login_failed",
    "statusTrace" : "driver = <selenium.webdriver.chrome.webdriver.WebDriver (session=\"460145918d4fa64d8eba8af224ce0519\")>\n\n    def test_invalid_password(driver):\n        auth_page = AuthPage(driver)\n        auth_page.login(\"TestYura123\", \"WrongPassword\")\n    \n>       assert auth_page.is_login_failed(), \"Ожидалось предупреждение о неверном пароле\"\nE       AssertionError: Ожидалось предупреждение о неверном пароле\nE       assert False\nE        +  where False = <bound method AuthPage.is_login_failed of <pages.auth_page.AuthPage object at 0x10814a3f0>>()\nE        +    where <bound method AuthPage.is_login_failed of <pages.auth_page.AuthPage object at 0x10814a3f0>> = <pages.auth_page.AuthPage object at 0x10814a3f0>.is_login_failed\n\ntests/test_authorization_and_registration.py:53: AssertionError",
    "steps" : [ ],
    "attachments" : [ {
      "uid" : "8d864a327ab3fdb2",
      "name" : "stdout",
      "source" : "8d864a327ab3fdb2.txt",
      "type" : "text/plain",
      "size" : 51
    } ],
    "parameters" : [ ],
    "stepsCount" : 0,
    "attachmentsCount" : 1,
    "shouldDisplayMessage" : true,
    "hasContent" : true
  },
  "afterStages" : [ {
    "name" : "driver::0",
    "time" : {
      "start" : 1741821740462,
      "stop" : 1741821740580,
      "duration" : 118
    },
    "status" : "passed",
    "steps" : [ ],
    "attachments" : [ ],
    "parameters" : [ ],
    "stepsCount" : 0,
    "attachmentsCount" : 0,
    "shouldDisplayMessage" : false,
    "hasContent" : false
  } ],
  "labels" : [ {
    "name" : "parentSuite",
    "value" : "tests"
  }, {
    "name" : "suite",
    "value" : "test_authorization_and_registration"
  }, {
    "name" : "host",
    "value" : "MacBook-Pro-Natasha.local"
  }, {
    "name" : "thread",
    "value" : "18976-MainThread"
  }, {
    "name" : "framework",
    "value" : "pytest"
  }, {
    "name" : "language",
    "value" : "cpython3"
  }, {
    "name" : "package",
    "value" : "tests.test_authorization_and_registration"
  }, {
    "name" : "resultFormat",
    "value" : "allure2"
  } ],
  "parameters" : [ ],
  "links" : [ ],
  "hidden" : true,
  "retry" : true,
  "extra" : {
    "categories" : [ ],
    "tags" : [ ]
  },
  "source" : "807f59e2969b2ca9.json",
  "parameterValues" : [ ]
}