{
  "uid" : "8dcef9a65f03f481",
  "name" : "test_login",
  "fullName" : "tests.test_authorization_and_registration#test_login",
  "historyId" : "64ed14bba4e56324e103f70040f0793d",
  "time" : {
    "start" : 1741821706979,
    "stop" : 1741821707924,
    "duration" : 945
  },
  "status" : "failed",
  "statusMessage" : "AssertionError: Вход в систему не выполнен\nassert False\n +  where False = <bound method AuthPage.is_logged_in of <pages.auth_page.AuthPage object at 0x108149490>>()\n +    where <bound method AuthPage.is_logged_in of <pages.auth_page.AuthPage object at 0x108149490>> = <pages.auth_page.AuthPage object at 0x108149490>.is_logged_in",
  "statusTrace" : "driver = <selenium.webdriver.chrome.webdriver.WebDriver (session=\"460145918d4fa64d8eba8af224ce0519\")>\n\n    def test_login(driver):\n        auth_page = AuthPage(driver)\n        auth_page.open_login_form()\n        auth_page.enter_credentials(username=\"TestYura123\", password=\"Test12345\")\n        auth_page.submit_login()\n>       assert auth_page.is_logged_in(), \"Вход в систему не выполнен\"\nE       AssertionError: Вход в систему не выполнен\nE       assert False\nE        +  where False = <bound method AuthPage.is_logged_in of <pages.auth_page.AuthPage object at 0x108149490>>()\nE        +    where <bound method AuthPage.is_logged_in of <pages.auth_page.AuthPage object at 0x108149490>> = <pages.auth_page.AuthPage object at 0x108149490>.is_logged_in\n\ntests/test_authorization_and_registration.py:36: AssertionError",
  "flaky" : false,
  "newFailed" : false,
  "beforeStages" : [ {
    "name" : "_skip_sensitive",
    "time" : {
      "start" : 1741821706978,
      "stop" : 1741821706978,
      "duration" : 0
    },
    "status" : "passed",
    "steps" : [ ],
    "attachments" : [ ],
    "parameters" : [ ],
    "stepsCount" : 0,
    "attachmentsCount" : 0,
    "shouldDisplayMessage" : false,
    "hasContent" : false
  }, {
    "name" : "driver",
    "time" : {
      "start" : 1741821704773,
      "stop" : 1741821706838,
      "duration" : 2065
    },
    "status" : "passed",
    "steps" : [ ],
    "attachments" : [ ],
    "parameters" : [ ],
    "stepsCount" : 0,
    "attachmentsCount" : 0,
    "shouldDisplayMessage" : false,
    "hasContent" : false
  }, {
    "name" : "base_url",
    "time" : {
      "start" : 1741821611800,
      "stop" : 1741821611801,
      "duration" : 1
    },
    "status" : "passed",
    "steps" : [ ],
    "attachments" : [ ],
    "parameters" : [ ],
    "stepsCount" : 0,
    "attachmentsCount" : 0,
    "shouldDisplayMessage" : false,
    "hasContent" : false
  }, {
    "name" : "_verify_url",
    "time" : {
      "start" : 1741821611801,
      "stop" : 1741821611802,
      "duration" : 1
    },
    "status" : "passed",
    "steps" : [ ],
    "attachments" : [ ],
    "parameters" : [ ],
    "stepsCount" : 0,
    "attachmentsCount" : 0,
    "shouldDisplayMessage" : false,
    "hasContent" : false
  }, {
    "name" : "sensitive_url",
    "time" : {
      "start" : 1741821611802,
      "stop" : 1741821611802,
      "duration" : 0
    },
    "status" : "passed",
    "steps" : [ ],
    "attachments" : [ ],
    "parameters" : [ ],
    "stepsCount" : 0,
    "attachmentsCount" : 0,
    "shouldDisplayMessage" : false,
    "hasContent" : false
  } ],
  "afterStages" : [ {
    "name" : "driver::0",
    "time" : {
      "start" : 1741821740462,
      "stop" : 1741821740580,
      "duration" : 118
    },
    "status" : "passed",
    "steps" : [ ],
    "attachments" : [ ],
    "parameters" : [ ],
    "stepsCount" : 0,
    "attachmentsCount" : 0,
    "shouldDisplayMessage" : false,
    "hasContent" : false
  } ],
  "labels" : [ {
    "name" : "parentSuite",
    "value" : "tests"
  }, {
    "name" : "suite",
    "value" : "test_authorization_and_registration"
  }, {
    "name" : "host",
    "value" : "MacBook-Pro-Natasha.local"
  }, {
    "name" : "thread",
    "value" : "18976-MainThread"
  }, {
    "name" : "framework",
    "value" : "pytest"
  }, {
    "name" : "language",
    "value" : "cpython3"
  }, {
    "name" : "package",
    "value" : "tests.test_authorization_and_registration"
  }, {
    "name" : "resultFormat",
    "value" : "allure2"
  } ],
  "parameters" : [ ],
  "links" : [ ],
  "hidden" : true,
  "retry" : true,
  "extra" : {
    "categories" : [ ],
    "tags" : [ ]
  },
  "source" : "8dcef9a65f03f481.json",
  "parameterValues" : [ ]
}