{
  "uid" : "99828b0339bb322",
  "name" : "test_login_logout_flow",
  "fullName" : "tests.test_authorization_and_registration#test_login_logout_flow",
  "historyId" : "8eb4f1f8d1e752c4efabfb2b65eb2b4f",
  "time" : {
    "start" : 1739231225213,
    "stop" : 1739231226276,
    "duration" : 1063
  },
  "status" : "broken",
  "statusMessage" : "selenium.common.exceptions.ElementClickInterceptedException: Message: element click intercepted: Element <a class=\"nav-link\" href=\"#\" id=\"login2\" data-toggle=\"modal\" data-target=\"#logInModal\" style=\"display: block;\">...</a> is not clickable at point (973, 36). Other element would receive the click: <div class=\"modal fade show\" id=\"signInModal\" tabindex=\"-1\" role=\"dialog\" aria-labelledby=\"signInModalLabel\" style=\"display: block;\">...</div>\n  (Session info: chrome=133.0.6943.53)\nStacktrace:\n0   chromedriver                        0x0000000104f73bc8 chromedriver + 5766088\n1   chromedriver                        0x0000000104f6b7ea chromedriver + 5732330\n2   chromedriver                        0x0000000104a59680 chromedriver + 415360\n3   chromedriver                        0x0000000104ab1b70 chromedriver + 777072\n4   chromedriver                        0x0000000104aaf9d1 chromedriver + 768465\n5   chromedriver                        0x0000000104aad062 chromedriver + 757858\n6   chromedriver                        0x0000000104aac248 chromedriver + 754248\n7   chromedriver                        0x0000000104a9ed3d chromedriver + 699709\n8   chromedriver                        0x0000000104ad1052 chromedriver + 905298\n9   chromedriver                        0x0000000104a9e6b8 chromedriver + 698040\n10  chromedriver                        0x0000000104ad120e chromedriver + 905742\n11  chromedriver                        0x0000000104af83e7 chromedriver + 1065959\n12  chromedriver                        0x0000000104ad0e23 chromedriver + 904739\n13  chromedriver                        0x0000000104a9cbea chromedriver + 691178\n14  chromedriver                        0x0000000104a9dd41 chromedriver + 695617\n15  chromedriver                        0x0000000104f37100 chromedriver + 5517568\n16  chromedriver                        0x0000000104f3b040 chromedriver + 5533760\n17  chromedriver                        0x0000000104f18c87 chromedriver + 5393543\n18  chromedriver                        0x0000000104f3bacb chromedriver + 5536459\n19  chromedriver                        0x0000000104f07544 chromedriver + 5322052\n20  chromedriver                        0x0000000104f596e8 chromedriver + 5658344\n21  chromedriver                        0x0000000104f598af chromedriver + 5658799\n22  chromedriver                        0x0000000104f6b3c8 chromedriver + 5731272\n23  libsystem_pthread.dylib             0x00007ff81b7cc253 _pthread_start + 99\n24  libsystem_pthread.dylib             0x00007ff81b7c7bef thread_start + 15",
  "statusTrace" : "driver = <selenium.webdriver.chrome.webdriver.WebDriver (session=\"6b31d999d897383abf19daccd499b30b\")>\n\n    def test_login_logout_flow(driver):\n        wait = WebDriverWait(driver, 10)\n>       driver.find_element(By.ID, \"login2\").click()\n\ntests/test_authorization_and_registration.py:52: \n_ _ _ _ _ _ _ _ _ _ _ _ _ _ _ _ _ _ _ _ _ _ _ _ _ _ _ _ _ _ _ _ _ _ _ _ _ _ _ _ _ _ _ _ _ _ _ _ _ _ _ _ _ _ _ _ _ _ _ _ _ _ _ _ _ _ _ _ _ _ _ _ _ _ _ _ _ _ _ _ \n.venv/lib/python3.12/site-packages/selenium/webdriver/remote/webelement.py:119: in click\n    self._execute(Command.CLICK_ELEMENT)\n.venv/lib/python3.12/site-packages/selenium/webdriver/remote/webelement.py:570: in _execute\n    return self._parent.execute(command, params)\n.venv/lib/python3.12/site-packages/selenium/webdriver/remote/webdriver.py:429: in execute\n    self.error_handler.check_response(response)\n_ _ _ _ _ _ _ _ _ _ _ _ _ _ _ _ _ _ _ _ _ _ _ _ _ _ _ _ _ _ _ _ _ _ _ _ _ _ _ _ _ _ _ _ _ _ _ _ _ _ _ _ _ _ _ _ _ _ _ _ _ _ _ _ _ _ _ _ _ _ _ _ _ _ _ _ _ _ _ _ \n\nself = <selenium.webdriver.remote.errorhandler.ErrorHandler object at 0x107664a70>\nresponse = {'status': 400, 'value': '{\"value\":{\"error\":\"element click intercepted\",\"message\":\"element click intercepted: Element ...7ff81b7cc253 _pthread_start + 99\\\\n24  libsystem_pthread.dylib             0x00007ff81b7c7bef thread_start + 15\\\\n\"}}'}\n\n    def check_response(self, response: Dict[str, Any]) -> None:\n        \"\"\"Checks that a JSON response from the WebDriver does not have an\n        error.\n    \n        :Args:\n         - response - The JSON response from the WebDriver server as a dictionary\n           object.\n    \n        :Raises: If the response contains an error message.\n        \"\"\"\n        status = response.get(\"status\", None)\n        if not status or status == ErrorCode.SUCCESS:\n            return\n        value = None\n        message = response.get(\"message\", \"\")\n        screen: str = response.get(\"screen\", \"\")\n        stacktrace = None\n        if isinstance(status, int):\n            value_json = response.get(\"value\", None)\n            if value_json and isinstance(value_json, str):\n                import json\n    \n                try:\n                    value = json.loads(value_json)\n                    if len(value) == 1:\n                        value = value[\"value\"]\n                    status = value.get(\"error\", None)\n                    if not status:\n                        status = value.get(\"status\", ErrorCode.UNKNOWN_ERROR)\n                        message = value.get(\"value\") or value.get(\"message\")\n                        if not isinstance(message, str):\n                            value = message\n                            message = message.get(\"message\")\n                    else:\n                        message = value.get(\"message\", None)\n                except ValueError:\n                    pass\n    \n        exception_class: Type[WebDriverException]\n        e = ErrorCode()\n        error_codes = [item for item in dir(e) if not item.startswith(\"__\")]\n        for error_code in error_codes:\n            error_info = getattr(ErrorCode, error_code)\n            if isinstance(error_info, list) and status in error_info:\n                exception_class = getattr(ExceptionMapping, error_code, WebDriverException)\n                break\n        else:\n            exception_class = WebDriverException\n    \n        if not value:\n            value = response[\"value\"]\n        if isinstance(value, str):\n            raise exception_class(value)\n        if message == \"\" and \"message\" in value:\n            message = value[\"message\"]\n    \n        screen = None  # type: ignore[assignment]\n        if \"screen\" in value:\n            screen = value[\"screen\"]\n    \n        stacktrace = None\n        st_value = value.get(\"stackTrace\") or value.get(\"stacktrace\")\n        if st_value:\n            if isinstance(st_value, str):\n                stacktrace = st_value.split(\"\\n\")\n            else:\n                stacktrace = []\n                try:\n                    for frame in st_value:\n                        line = frame.get(\"lineNumber\", \"\")\n                        file = frame.get(\"fileName\", \"<anonymous>\")\n                        if line:\n                            file = f\"{file}:{line}\"\n                        meth = frame.get(\"methodName\", \"<anonymous>\")\n                        if \"className\" in frame:\n                            meth = f\"{frame['className']}.{meth}\"\n                        msg = \"    at %s (%s)\"\n                        msg = msg % (meth, file)\n                        stacktrace.append(msg)\n                except TypeError:\n                    pass\n        if exception_class == UnexpectedAlertPresentException:\n            alert_text = None\n            if \"data\" in value:\n                alert_text = value[\"data\"].get(\"text\")\n            elif \"alert\" in value:\n                alert_text = value[\"alert\"].get(\"text\")\n            raise exception_class(message, screen, stacktrace, alert_text)  # type: ignore[call-arg]  # mypy is not smart enough here\n>       raise exception_class(message, screen, stacktrace)\nE       selenium.common.exceptions.ElementClickInterceptedException: Message: element click intercepted: Element <a class=\"nav-link\" href=\"#\" id=\"login2\" data-toggle=\"modal\" data-target=\"#logInModal\" style=\"display: block;\">...</a> is not clickable at point (973, 36). Other element would receive the click: <div class=\"modal fade show\" id=\"signInModal\" tabindex=\"-1\" role=\"dialog\" aria-labelledby=\"signInModalLabel\" style=\"display: block;\">...</div>\nE         (Session info: chrome=133.0.6943.53)\nE       Stacktrace:\nE       0   chromedriver                        0x0000000104f73bc8 chromedriver + 5766088\nE       1   chromedriver                        0x0000000104f6b7ea chromedriver + 5732330\nE       2   chromedriver                        0x0000000104a59680 chromedriver + 415360\nE       3   chromedriver                        0x0000000104ab1b70 chromedriver + 777072\nE       4   chromedriver                        0x0000000104aaf9d1 chromedriver + 768465\nE       5   chromedriver                        0x0000000104aad062 chromedriver + 757858\nE       6   chromedriver                        0x0000000104aac248 chromedriver + 754248\nE       7   chromedriver                        0x0000000104a9ed3d chromedriver + 699709\nE       8   chromedriver                        0x0000000104ad1052 chromedriver + 905298\nE       9   chromedriver                        0x0000000104a9e6b8 chromedriver + 698040\nE       10  chromedriver                        0x0000000104ad120e chromedriver + 905742\nE       11  chromedriver                        0x0000000104af83e7 chromedriver + 1065959\nE       12  chromedriver                        0x0000000104ad0e23 chromedriver + 904739\nE       13  chromedriver                        0x0000000104a9cbea chromedriver + 691178\nE       14  chromedriver                        0x0000000104a9dd41 chromedriver + 695617\nE       15  chromedriver                        0x0000000104f37100 chromedriver + 5517568\nE       16  chromedriver                        0x0000000104f3b040 chromedriver + 5533760\nE       17  chromedriver                        0x0000000104f18c87 chromedriver + 5393543\nE       18  chromedriver                        0x0000000104f3bacb chromedriver + 5536459\nE       19  chromedriver                        0x0000000104f07544 chromedriver + 5322052\nE       20  chromedriver                        0x0000000104f596e8 chromedriver + 5658344\nE       21  chromedriver                        0x0000000104f598af chromedriver + 5658799\nE       22  chromedriver                        0x0000000104f6b3c8 chromedriver + 5731272\nE       23  libsystem_pthread.dylib             0x00007ff81b7cc253 _pthread_start + 99\nE       24  libsystem_pthread.dylib             0x00007ff81b7c7bef thread_start + 15\n\n.venv/lib/python3.12/site-packages/selenium/webdriver/remote/errorhandler.py:232: ElementClickInterceptedException",
  "flaky" : false,
  "newFailed" : false,
  "beforeStages" : [ {
    "name" : "driver",
    "time" : {
      "start" : 1739231220971,
      "stop" : 1739231223485,
      "duration" : 2514
    },
    "status" : "passed",
    "steps" : [ ],
    "attachments" : [ ],
    "parameters" : [ ],
    "stepsCount" : 0,
    "attachmentsCount" : 0,
    "shouldDisplayMessage" : false,
    "hasContent" : false
  }, {
    "name" : "_verify_url",
    "time" : {
      "start" : 1739231033746,
      "stop" : 1739231033747,
      "duration" : 1
    },
    "status" : "passed",
    "steps" : [ ],
    "attachments" : [ ],
    "parameters" : [ ],
    "stepsCount" : 0,
    "attachmentsCount" : 0,
    "shouldDisplayMessage" : false,
    "hasContent" : false
  }, {
    "name" : "sensitive_url",
    "time" : {
      "start" : 1739231033747,
      "stop" : 1739231033747,
      "duration" : 0
    },
    "status" : "passed",
    "steps" : [ ],
    "attachments" : [ ],
    "parameters" : [ ],
    "stepsCount" : 0,
    "attachmentsCount" : 0,
    "shouldDisplayMessage" : false,
    "hasContent" : false
  }, {
    "name" : "_skip_sensitive",
    "time" : {
      "start" : 1739231225212,
      "stop" : 1739231225213,
      "duration" : 1
    },
    "status" : "passed",
    "steps" : [ ],
    "attachments" : [ ],
    "parameters" : [ ],
    "stepsCount" : 0,
    "attachmentsCount" : 0,
    "shouldDisplayMessage" : false,
    "hasContent" : false
  }, {
    "name" : "base_url",
    "time" : {
      "start" : 1739231033746,
      "stop" : 1739231033746,
      "duration" : 0
    },
    "status" : "passed",
    "steps" : [ ],
    "attachments" : [ ],
    "parameters" : [ ],
    "stepsCount" : 0,
    "attachmentsCount" : 0,
    "shouldDisplayMessage" : false,
    "hasContent" : false
  } ],
  "afterStages" : [ {
    "name" : "driver::0",
    "time" : {
      "start" : 1739231229650,
      "stop" : 1739231229845,
      "duration" : 195
    },
    "status" : "passed",
    "steps" : [ ],
    "attachments" : [ ],
    "parameters" : [ ],
    "stepsCount" : 0,
    "attachmentsCount" : 0,
    "shouldDisplayMessage" : false,
    "hasContent" : false
  } ],
  "labels" : [ {
    "name" : "parentSuite",
    "value" : "tests"
  }, {
    "name" : "suite",
    "value" : "test_authorization_and_registration"
  }, {
    "name" : "host",
    "value" : "MacBook-Pro-Natasha.local"
  }, {
    "name" : "thread",
    "value" : "91139-MainThread"
  }, {
    "name" : "framework",
    "value" : "pytest"
  }, {
    "name" : "language",
    "value" : "cpython3"
  }, {
    "name" : "package",
    "value" : "tests.test_authorization_and_registration"
  }, {
    "name" : "resultFormat",
    "value" : "allure2"
  } ],
  "parameters" : [ ],
  "links" : [ ],
  "hidden" : true,
  "retry" : true,
  "extra" : {
    "categories" : [ ],
    "tags" : [ ]
  },
  "source" : "99828b0339bb322.json",
  "parameterValues" : [ ]
}