{
  "uid" : "9b51b9bd0380c3e",
  "name" : "test_invalid_password",
  "fullName" : "tests.test_authorization_and_registration#test_invalid_password",
  "historyId" : "d4d36b733f3157cd549e2b6264c130dc",
  "time" : {
    "start" : 1745242595464,
    "stop" : 1745242596835,
    "duration" : 1371
  },
  "status" : "failed",
  "statusMessage" : "AssertionError: Ожидалось предупреждение о неверном пароле\nassert False\n +  where False = <bound method AuthPage.is_login_failed of <pages.auth_page.AuthPage object at 0x1074c02f0>>()\n +    where <bound method AuthPage.is_login_failed of <pages.auth_page.AuthPage object at 0x1074c02f0>> = <pages.auth_page.AuthPage object at 0x1074c02f0>.is_login_failed",
  "statusTrace" : "driver = <selenium.webdriver.chrome.webdriver.WebDriver (session=\"c1ac7b74936051fe75e6698162d9b2d7\")>\n\n    def test_invalid_password(driver):\n        auth_page = AuthPage(driver)\n        auth_page.login(\"TestYura123\", \"WrongPassword\")\n>       assert auth_page.is_login_failed(), \"Ожидалось предупреждение о неверном пароле\"\nE       AssertionError: Ожидалось предупреждение о неверном пароле\nE       assert False\nE        +  where False = <bound method AuthPage.is_login_failed of <pages.auth_page.AuthPage object at 0x1074c02f0>>()\nE        +    where <bound method AuthPage.is_login_failed of <pages.auth_page.AuthPage object at 0x1074c02f0>> = <pages.auth_page.AuthPage object at 0x1074c02f0>.is_login_failed\n\ntests/test_authorization_and_registration.py:50: AssertionError",
  "flaky" : false,
  "newFailed" : false,
  "beforeStages" : [ {
    "name" : "sensitive_url",
    "time" : {
      "start" : 1745242496989,
      "stop" : 1745242496989,
      "duration" : 0
    },
    "status" : "passed",
    "steps" : [ ],
    "attachments" : [ ],
    "parameters" : [ ],
    "stepsCount" : 0,
    "attachmentsCount" : 0,
    "shouldDisplayMessage" : false,
    "hasContent" : false
  }, {
    "name" : "base_url",
    "time" : {
      "start" : 1745242496988,
      "stop" : 1745242496989,
      "duration" : 1
    },
    "status" : "passed",
    "steps" : [ ],
    "attachments" : [ ],
    "parameters" : [ ],
    "stepsCount" : 0,
    "attachmentsCount" : 0,
    "shouldDisplayMessage" : false,
    "hasContent" : false
  }, {
    "name" : "_skip_sensitive",
    "time" : {
      "start" : 1745242595464,
      "stop" : 1745242595464,
      "duration" : 0
    },
    "status" : "passed",
    "steps" : [ ],
    "attachments" : [ ],
    "parameters" : [ ],
    "stepsCount" : 0,
    "attachmentsCount" : 0,
    "shouldDisplayMessage" : false,
    "hasContent" : false
  }, {
    "name" : "_verify_url",
    "time" : {
      "start" : 1745242496989,
      "stop" : 1745242496989,
      "duration" : 0
    },
    "status" : "passed",
    "steps" : [ ],
    "attachments" : [ ],
    "parameters" : [ ],
    "stepsCount" : 0,
    "attachmentsCount" : 0,
    "shouldDisplayMessage" : false,
    "hasContent" : false
  }, {
    "name" : "driver",
    "time" : {
      "start" : 1745242591555,
      "stop" : 1745242593541,
      "duration" : 1986
    },
    "status" : "passed",
    "steps" : [ ],
    "attachments" : [ ],
    "parameters" : [ ],
    "stepsCount" : 0,
    "attachmentsCount" : 0,
    "shouldDisplayMessage" : false,
    "hasContent" : false
  } ],
  "testStage" : {
    "status" : "failed",
    "statusMessage" : "AssertionError: Ожидалось предупреждение о неверном пароле\nassert False\n +  where False = <bound method AuthPage.is_login_failed of <pages.auth_page.AuthPage object at 0x1074c02f0>>()\n +    where <bound method AuthPage.is_login_failed of <pages.auth_page.AuthPage object at 0x1074c02f0>> = <pages.auth_page.AuthPage object at 0x1074c02f0>.is_login_failed",
    "statusTrace" : "driver = <selenium.webdriver.chrome.webdriver.WebDriver (session=\"c1ac7b74936051fe75e6698162d9b2d7\")>\n\n    def test_invalid_password(driver):\n        auth_page = AuthPage(driver)\n        auth_page.login(\"TestYura123\", \"WrongPassword\")\n>       assert auth_page.is_login_failed(), \"Ожидалось предупреждение о неверном пароле\"\nE       AssertionError: Ожидалось предупреждение о неверном пароле\nE       assert False\nE        +  where False = <bound method AuthPage.is_login_failed of <pages.auth_page.AuthPage object at 0x1074c02f0>>()\nE        +    where <bound method AuthPage.is_login_failed of <pages.auth_page.AuthPage object at 0x1074c02f0>> = <pages.auth_page.AuthPage object at 0x1074c02f0>.is_login_failed\n\ntests/test_authorization_and_registration.py:50: AssertionError",
    "steps" : [ ],
    "attachments" : [ {
      "uid" : "288c6b2ea8cc1573",
      "name" : "stdout",
      "source" : "288c6b2ea8cc1573.txt",
      "type" : "text/plain",
      "size" : 51
    } ],
    "parameters" : [ ],
    "stepsCount" : 0,
    "attachmentsCount" : 1,
    "shouldDisplayMessage" : true,
    "hasContent" : true
  },
  "afterStages" : [ {
    "name" : "driver::0",
    "time" : {
      "start" : 1745242627417,
      "stop" : 1745242627551,
      "duration" : 134
    },
    "status" : "passed",
    "steps" : [ ],
    "attachments" : [ ],
    "parameters" : [ ],
    "stepsCount" : 0,
    "attachmentsCount" : 0,
    "shouldDisplayMessage" : false,
    "hasContent" : false
  } ],
  "labels" : [ {
    "name" : "parentSuite",
    "value" : "tests"
  }, {
    "name" : "suite",
    "value" : "test_authorization_and_registration"
  }, {
    "name" : "host",
    "value" : "MacBook-Pro-Natasha.local"
  }, {
    "name" : "thread",
    "value" : "4945-MainThread"
  }, {
    "name" : "framework",
    "value" : "pytest"
  }, {
    "name" : "language",
    "value" : "cpython3"
  }, {
    "name" : "package",
    "value" : "tests.test_authorization_and_registration"
  }, {
    "name" : "resultFormat",
    "value" : "allure2"
  } ],
  "parameters" : [ ],
  "links" : [ ],
  "hidden" : true,
  "retry" : true,
  "extra" : {
    "categories" : [ ],
    "tags" : [ ]
  },
  "source" : "9b51b9bd0380c3e.json",
  "parameterValues" : [ ]
}