{
  "uid" : "ac4f0d03b56a68ad",
  "name" : "test_product_prices",
  "fullName" : "tests.test_content#test_product_prices",
  "historyId" : "42c23d6e64ba20232a3fe86db9c8260b",
  "time" : {
    "start" : 1741821774535,
    "stop" : 1741821774555,
    "duration" : 20
  },
  "status" : "failed",
  "statusMessage" : "AssertionError: Некоторые товары не имеют цены!\nassert False\n +  where False = <bound method HomePage.are_product_prices_displayed of <pages.home_page.HomePage object at 0x1081ca270>>()\n +    where <bound method HomePage.are_product_prices_displayed of <pages.home_page.HomePage object at 0x1081ca270>> = <pages.home_page.HomePage object at 0x1081ca270>.are_product_prices_displayed",
  "statusTrace" : "driver = <selenium.webdriver.chrome.webdriver.WebDriver (session=\"ce38d25680a28ba597b5976b64a5fff2\")>\n\n    def test_product_prices(driver):\n        home_page = HomePage(driver)\n>       assert home_page.are_product_prices_displayed(), \"Некоторые товары не имеют цены!\"\nE       AssertionError: Некоторые товары не имеют цены!\nE       assert False\nE        +  where False = <bound method HomePage.are_product_prices_displayed of <pages.home_page.HomePage object at 0x1081ca270>>()\nE        +    where <bound method HomePage.are_product_prices_displayed of <pages.home_page.HomePage object at 0x1081ca270>> = <pages.home_page.HomePage object at 0x1081ca270>.are_product_prices_displayed\n\ntests/test_content.py:21: AssertionError",
  "flaky" : false,
  "newFailed" : false,
  "beforeStages" : [ {
    "name" : "base_url",
    "time" : {
      "start" : 1741821611800,
      "stop" : 1741821611801,
      "duration" : 1
    },
    "status" : "passed",
    "steps" : [ ],
    "attachments" : [ ],
    "parameters" : [ ],
    "stepsCount" : 0,
    "attachmentsCount" : 0,
    "shouldDisplayMessage" : false,
    "hasContent" : false
  }, {
    "name" : "_skip_sensitive",
    "time" : {
      "start" : 1741821774535,
      "stop" : 1741821774535,
      "duration" : 0
    },
    "status" : "passed",
    "steps" : [ ],
    "attachments" : [ ],
    "parameters" : [ ],
    "stepsCount" : 0,
    "attachmentsCount" : 0,
    "shouldDisplayMessage" : false,
    "hasContent" : false
  }, {
    "name" : "driver",
    "time" : {
      "start" : 1741821771793,
      "stop" : 1741821773925,
      "duration" : 2132
    },
    "status" : "passed",
    "steps" : [ ],
    "attachments" : [ ],
    "parameters" : [ ],
    "stepsCount" : 0,
    "attachmentsCount" : 0,
    "shouldDisplayMessage" : false,
    "hasContent" : false
  }, {
    "name" : "_verify_url",
    "time" : {
      "start" : 1741821611801,
      "stop" : 1741821611802,
      "duration" : 1
    },
    "status" : "passed",
    "steps" : [ ],
    "attachments" : [ ],
    "parameters" : [ ],
    "stepsCount" : 0,
    "attachmentsCount" : 0,
    "shouldDisplayMessage" : false,
    "hasContent" : false
  }, {
    "name" : "sensitive_url",
    "time" : {
      "start" : 1741821611802,
      "stop" : 1741821611802,
      "duration" : 0
    },
    "status" : "passed",
    "steps" : [ ],
    "attachments" : [ ],
    "parameters" : [ ],
    "stepsCount" : 0,
    "attachmentsCount" : 0,
    "shouldDisplayMessage" : false,
    "hasContent" : false
  } ],
  "testStage" : {
    "status" : "failed",
    "statusMessage" : "AssertionError: Некоторые товары не имеют цены!\nassert False\n +  where False = <bound method HomePage.are_product_prices_displayed of <pages.home_page.HomePage object at 0x1081ca270>>()\n +    where <bound method HomePage.are_product_prices_displayed of <pages.home_page.HomePage object at 0x1081ca270>> = <pages.home_page.HomePage object at 0x1081ca270>.are_product_prices_displayed",
    "statusTrace" : "driver = <selenium.webdriver.chrome.webdriver.WebDriver (session=\"ce38d25680a28ba597b5976b64a5fff2\")>\n\n    def test_product_prices(driver):\n        home_page = HomePage(driver)\n>       assert home_page.are_product_prices_displayed(), \"Некоторые товары не имеют цены!\"\nE       AssertionError: Некоторые товары не имеют цены!\nE       assert False\nE        +  where False = <bound method HomePage.are_product_prices_displayed of <pages.home_page.HomePage object at 0x1081ca270>>()\nE        +    where <bound method HomePage.are_product_prices_displayed of <pages.home_page.HomePage object at 0x1081ca270>> = <pages.home_page.HomePage object at 0x1081ca270>.are_product_prices_displayed\n\ntests/test_content.py:21: AssertionError",
    "steps" : [ ],
    "attachments" : [ {
      "uid" : "4b0b89b0d7a81214",
      "name" : "stdout",
      "source" : "4b0b89b0d7a81214.txt",
      "type" : "text/plain",
      "size" : 42
    } ],
    "parameters" : [ ],
    "stepsCount" : 0,
    "attachmentsCount" : 1,
    "shouldDisplayMessage" : true,
    "hasContent" : true
  },
  "afterStages" : [ {
    "name" : "driver::0",
    "time" : {
      "start" : 1741821774712,
      "stop" : 1741821774829,
      "duration" : 117
    },
    "status" : "passed",
    "steps" : [ ],
    "attachments" : [ ],
    "parameters" : [ ],
    "stepsCount" : 0,
    "attachmentsCount" : 0,
    "shouldDisplayMessage" : false,
    "hasContent" : false
  } ],
  "labels" : [ {
    "name" : "parentSuite",
    "value" : "tests"
  }, {
    "name" : "suite",
    "value" : "test_content"
  }, {
    "name" : "host",
    "value" : "MacBook-Pro-Natasha.local"
  }, {
    "name" : "thread",
    "value" : "18976-MainThread"
  }, {
    "name" : "framework",
    "value" : "pytest"
  }, {
    "name" : "language",
    "value" : "cpython3"
  }, {
    "name" : "package",
    "value" : "tests.test_content"
  }, {
    "name" : "resultFormat",
    "value" : "allure2"
  } ],
  "parameters" : [ ],
  "links" : [ ],
  "hidden" : true,
  "retry" : true,
  "extra" : {
    "categories" : [ ],
    "tags" : [ ]
  },
  "source" : "ac4f0d03b56a68ad.json",
  "parameterValues" : [ ]
}