{
  "uid" : "b2d0351bb05c317",
  "name" : "test_contact_us_page",
  "fullName" : "tests.test_categories_and_products#test_contact_us_page",
  "historyId" : "563d21b3e2a2799da651a2a0ae8762a0",
  "time" : {
    "start" : 1741033000706,
    "stop" : 1741033000719,
    "duration" : 13
  },
  "status" : "broken",
  "statusMessage" : "selenium.common.exceptions.NoSuchElementException: Message: no such element: Unable to locate element: {\"method\":\"xpath\",\"selector\":\"/html/body/nav/div[1]/ul/li[2]/a\"}\n  (Session info: chrome=133.0.6943.142); For documentation on this error, please visit: https://www.selenium.dev/documentation/webdriver/troubleshooting/errors#no-such-element-exception\nStacktrace:\n0   chromedriver                        0x000000010d123708 chromedriver + 5969672\n1   chromedriver                        0x000000010d11b32a chromedriver + 5935914\n2   chromedriver                        0x000000010cbd7650 chromedriver + 415312\n3   chromedriver                        0x000000010cc28e94 chromedriver + 749204\n4   chromedriver                        0x000000010cc29041 chromedriver + 749633\n5   chromedriver                        0x000000010cc79294 chromedriver + 1077908\n6   chromedriver                        0x000000010cc4f19d chromedriver + 905629\n7   chromedriver                        0x000000010cc764f7 chromedriver + 1066231\n8   chromedriver                        0x000000010cc4ef43 chromedriver + 905027\n9   chromedriver                        0x000000010cc1acea chromedriver + 691434\n10  chromedriver                        0x000000010cc1be41 chromedriver + 695873\n11  chromedriver                        0x000000010d0e6910 chromedriver + 5720336\n12  chromedriver                        0x000000010d0ea850 chromedriver + 5736528\n13  chromedriver                        0x000000010d0c7c07 chromedriver + 5594119\n14  chromedriver                        0x000000010d0eb2fb chromedriver + 5739259\n15  chromedriver                        0x000000010d0b6484 chromedriver + 5522564\n16  chromedriver                        0x000000010d1091d8 chromedriver + 5861848\n17  chromedriver                        0x000000010d10939f chromedriver + 5862303\n18  chromedriver                        0x000000010d11af08 chromedriver + 5934856\n19  libsystem_pthread.dylib             0x00007ff818385253 _pthread_start + 99\n20  libsystem_pthread.dylib             0x00007ff818380bef thread_start + 15",
  "statusTrace" : "driver = <selenium.webdriver.chrome.webdriver.WebDriver (session=\"1f0c661d3a8c63f38c538c4386a3e32c\")>\n\n    def test_contact_us_page(driver):\n        wait = WebDriverWait(driver, 10)\n>       driver.find_element(By.XPATH, \"/html/body/nav/div[1]/ul/li[2]/a\").click()\n\ntests/test_categories_and_products.py:68: \n_ _ _ _ _ _ _ _ _ _ _ _ _ _ _ _ _ _ _ _ _ _ _ _ _ _ _ _ _ _ _ _ _ _ _ _ _ _ _ _ _ _ _ _ _ _ _ _ _ _ _ _ _ _ _ _ _ _ _ _ _ _ _ _ _ _ _ _ _ _ _ _ _ _ _ _ _ _ _ _ _ _ _ _ _ _ _ _ _ _ _ _ _ _ _ _ _ _ _\n.venv/lib/python3.12/site-packages/selenium/webdriver/remote/webdriver.py:888: in find_element\n    return self.execute(Command.FIND_ELEMENT, {\"using\": by, \"value\": value})[\"value\"]\n.venv/lib/python3.12/site-packages/selenium/webdriver/remote/webdriver.py:429: in execute\n    self.error_handler.check_response(response)\n_ _ _ _ _ _ _ _ _ _ _ _ _ _ _ _ _ _ _ _ _ _ _ _ _ _ _ _ _ _ _ _ _ _ _ _ _ _ _ _ _ _ _ _ _ _ _ _ _ _ _ _ _ _ _ _ _ _ _ _ _ _ _ _ _ _ _ _ _ _ _ _ _ _ _ _ _ _ _ _ _ _ _ _ _ _ _ _ _ _ _ _ _ _ _ _ _ _ _\n\nself = <selenium.webdriver.remote.errorhandler.ErrorHandler object at 0x10d46c9b0>\nresponse = {'status': 404, 'value': '{\"value\":{\"error\":\"no such element\",\"message\":\"no such element: Unable to locate element: {\\...7ff818385253 _pthread_start + 99\\\\n20  libsystem_pthread.dylib             0x00007ff818380bef thread_start + 15\\\\n\"}}'}\n\n    def check_response(self, response: Dict[str, Any]) -> None:\n        \"\"\"Checks that a JSON response from the WebDriver does not have an\n        error.\n    \n        :Args:\n         - response - The JSON response from the WebDriver server as a dictionary\n           object.\n    \n        :Raises: If the response contains an error message.\n        \"\"\"\n        status = response.get(\"status\", None)\n        if not status or status == ErrorCode.SUCCESS:\n            return\n        value = None\n        message = response.get(\"message\", \"\")\n        screen: str = response.get(\"screen\", \"\")\n        stacktrace = None\n        if isinstance(status, int):\n            value_json = response.get(\"value\", None)\n            if value_json and isinstance(value_json, str):\n                import json\n    \n                try:\n                    value = json.loads(value_json)\n                    if len(value) == 1:\n                        value = value[\"value\"]\n                    status = value.get(\"error\", None)\n                    if not status:\n                        status = value.get(\"status\", ErrorCode.UNKNOWN_ERROR)\n                        message = value.get(\"value\") or value.get(\"message\")\n                        if not isinstance(message, str):\n                            value = message\n                            message = message.get(\"message\")\n                    else:\n                        message = value.get(\"message\", None)\n                except ValueError:\n                    pass\n    \n        exception_class: Type[WebDriverException]\n        e = ErrorCode()\n        error_codes = [item for item in dir(e) if not item.startswith(\"__\")]\n        for error_code in error_codes:\n            error_info = getattr(ErrorCode, error_code)\n            if isinstance(error_info, list) and status in error_info:\n                exception_class = getattr(ExceptionMapping, error_code, WebDriverException)\n                break\n        else:\n            exception_class = WebDriverException\n    \n        if not value:\n            value = response[\"value\"]\n        if isinstance(value, str):\n            raise exception_class(value)\n        if message == \"\" and \"message\" in value:\n            message = value[\"message\"]\n    \n        screen = None  # type: ignore[assignment]\n        if \"screen\" in value:\n            screen = value[\"screen\"]\n    \n        stacktrace = None\n        st_value = value.get(\"stackTrace\") or value.get(\"stacktrace\")\n        if st_value:\n            if isinstance(st_value, str):\n                stacktrace = st_value.split(\"\\n\")\n            else:\n                stacktrace = []\n                try:\n                    for frame in st_value:\n                        line = frame.get(\"lineNumber\", \"\")\n                        file = frame.get(\"fileName\", \"<anonymous>\")\n                        if line:\n                            file = f\"{file}:{line}\"\n                        meth = frame.get(\"methodName\", \"<anonymous>\")\n                        if \"className\" in frame:\n                            meth = f\"{frame['className']}.{meth}\"\n                        msg = \"    at %s (%s)\"\n                        msg = msg % (meth, file)\n                        stacktrace.append(msg)\n                except TypeError:\n                    pass\n        if exception_class == UnexpectedAlertPresentException:\n            alert_text = None\n            if \"data\" in value:\n                alert_text = value[\"data\"].get(\"text\")\n            elif \"alert\" in value:\n                alert_text = value[\"alert\"].get(\"text\")\n            raise exception_class(message, screen, stacktrace, alert_text)  # type: ignore[call-arg]  # mypy is not smart enough here\n>       raise exception_class(message, screen, stacktrace)\nE       selenium.common.exceptions.NoSuchElementException: Message: no such element: Unable to locate element: {\"method\":\"xpath\",\"selector\":\"/html/body/nav/div[1]/ul/li[2]/a\"}\nE         (Session info: chrome=133.0.6943.142); For documentation on this error, please visit: https://www.selenium.dev/documentation/webdriver/troubleshooting/errors#no-such-element-exception\nE       Stacktrace:\nE       0   chromedriver                        0x000000010d123708 chromedriver + 5969672\nE       1   chromedriver                        0x000000010d11b32a chromedriver + 5935914\nE       2   chromedriver                        0x000000010cbd7650 chromedriver + 415312\nE       3   chromedriver                        0x000000010cc28e94 chromedriver + 749204\nE       4   chromedriver                        0x000000010cc29041 chromedriver + 749633\nE       5   chromedriver                        0x000000010cc79294 chromedriver + 1077908\nE       6   chromedriver                        0x000000010cc4f19d chromedriver + 905629\nE       7   chromedriver                        0x000000010cc764f7 chromedriver + 1066231\nE       8   chromedriver                        0x000000010cc4ef43 chromedriver + 905027\nE       9   chromedriver                        0x000000010cc1acea chromedriver + 691434\nE       10  chromedriver                        0x000000010cc1be41 chromedriver + 695873\nE       11  chromedriver                        0x000000010d0e6910 chromedriver + 5720336\nE       12  chromedriver                        0x000000010d0ea850 chromedriver + 5736528\nE       13  chromedriver                        0x000000010d0c7c07 chromedriver + 5594119\nE       14  chromedriver                        0x000000010d0eb2fb chromedriver + 5739259\nE       15  chromedriver                        0x000000010d0b6484 chromedriver + 5522564\nE       16  chromedriver                        0x000000010d1091d8 chromedriver + 5861848\nE       17  chromedriver                        0x000000010d10939f chromedriver + 5862303\nE       18  chromedriver                        0x000000010d11af08 chromedriver + 5934856\nE       19  libsystem_pthread.dylib             0x00007ff818385253 _pthread_start + 99\nE       20  libsystem_pthread.dylib             0x00007ff818380bef thread_start + 15\n\n.venv/lib/python3.12/site-packages/selenium/webdriver/remote/errorhandler.py:232: NoSuchElementException",
  "flaky" : false,
  "newFailed" : false,
  "beforeStages" : [ {
    "name" : "driver",
    "time" : {
      "start" : 1741032995548,
      "stop" : 1741032997911,
      "duration" : 2363
    },
    "status" : "passed",
    "steps" : [ ],
    "attachments" : [ ],
    "parameters" : [ ],
    "stepsCount" : 0,
    "attachmentsCount" : 0,
    "shouldDisplayMessage" : false,
    "hasContent" : false
  }, {
    "name" : "sensitive_url",
    "time" : {
      "start" : 1741032905333,
      "stop" : 1741032905333,
      "duration" : 0
    },
    "status" : "passed",
    "steps" : [ ],
    "attachments" : [ ],
    "parameters" : [ ],
    "stepsCount" : 0,
    "attachmentsCount" : 0,
    "shouldDisplayMessage" : false,
    "hasContent" : false
  }, {
    "name" : "_skip_sensitive",
    "time" : {
      "start" : 1741033000705,
      "stop" : 1741033000705,
      "duration" : 0
    },
    "status" : "passed",
    "steps" : [ ],
    "attachments" : [ ],
    "parameters" : [ ],
    "stepsCount" : 0,
    "attachmentsCount" : 0,
    "shouldDisplayMessage" : false,
    "hasContent" : false
  }, {
    "name" : "base_url",
    "time" : {
      "start" : 1741032905333,
      "stop" : 1741032905333,
      "duration" : 0
    },
    "status" : "passed",
    "steps" : [ ],
    "attachments" : [ ],
    "parameters" : [ ],
    "stepsCount" : 0,
    "attachmentsCount" : 0,
    "shouldDisplayMessage" : false,
    "hasContent" : false
  }, {
    "name" : "_verify_url",
    "time" : {
      "start" : 1741032905333,
      "stop" : 1741032905333,
      "duration" : 0
    },
    "status" : "passed",
    "steps" : [ ],
    "attachments" : [ ],
    "parameters" : [ ],
    "stepsCount" : 0,
    "attachmentsCount" : 0,
    "shouldDisplayMessage" : false,
    "hasContent" : false
  } ],
  "afterStages" : [ {
    "name" : "driver::0",
    "time" : {
      "start" : 1741033000745,
      "stop" : 1741033000857,
      "duration" : 112
    },
    "status" : "passed",
    "steps" : [ ],
    "attachments" : [ ],
    "parameters" : [ ],
    "stepsCount" : 0,
    "attachmentsCount" : 0,
    "shouldDisplayMessage" : false,
    "hasContent" : false
  } ],
  "labels" : [ {
    "name" : "parentSuite",
    "value" : "tests"
  }, {
    "name" : "suite",
    "value" : "test_categories_and_products"
  }, {
    "name" : "host",
    "value" : "MacBook-Pro-Natasha.local"
  }, {
    "name" : "thread",
    "value" : "25107-MainThread"
  }, {
    "name" : "framework",
    "value" : "pytest"
  }, {
    "name" : "language",
    "value" : "cpython3"
  }, {
    "name" : "package",
    "value" : "tests.test_categories_and_products"
  }, {
    "name" : "resultFormat",
    "value" : "allure2"
  } ],
  "parameters" : [ ],
  "links" : [ ],
  "hidden" : false,
  "retry" : false,
  "extra" : {
    "severity" : "normal",
    "retries" : [ {
      "uid" : "c711a6d96036a4ad",
      "status" : "broken",
      "statusDetails" : "selenium.common.exceptions.ElementClickInterceptedException: Message: element click intercepted: Element <a class=\"nav-link\" data-toggle=\"modal\" data-target=\"#exampleModal\" href=\"#\">...</a> is not clickable at point (783, 36). Other element would receive the click: <div class=\"modal-header\">...</div>\n  (Session info: chrome=133.0.6943.53)\nStacktrace:\n0   chromedriver                        0x0000000103cabbc8 chromedriver + 5766088\n1   chromedriver                        0x0000000103ca37ea chromedriver + 5732330\n2   chromedriver                        0x0000000103791680 chromedriver + 415360\n3   chromedriver                        0x00000001037e9b70 chromedriver + 777072\n4   chromedriver                        0x00000001037e79d1 chromedriver + 768465\n5   chromedriver                        0x00000001037e5062 chromedriver + 757858\n6   chromedriver                        0x00000001037e4248 chromedriver + 754248\n7   chromedriver                        0x00000001037d6d3d chromedriver + 699709\n8   chromedriver                        0x0000000103809052 chromedriver + 905298\n9   chromedriver                        0x00000001037d66b8 chromedriver + 698040\n10  chromedriver                        0x000000010380920e chromedriver + 905742\n11  chromedriver                        0x00000001038303e7 chromedriver + 1065959\n12  chromedriver                        0x0000000103808e23 chromedriver + 904739\n13  chromedriver                        0x00000001037d4bea chromedriver + 691178\n14  chromedriver                        0x00000001037d5d41 chromedriver + 695617\n15  chromedriver                        0x0000000103c6f100 chromedriver + 5517568\n16  chromedriver                        0x0000000103c73040 chromedriver + 5533760\n17  chromedriver                        0x0000000103c50c87 chromedriver + 5393543\n18  chromedriver                        0x0000000103c73acb chromedriver + 5536459\n19  chromedriver                        0x0000000103c3f544 chromedriver + 5322052\n20  chromedriver                        0x0000000103c916e8 chromedriver + 5658344\n21  chromedriver                        0x0000000103c918af chromedriver + 5658799\n22  chromedriver                        0x0000000103ca33c8 chromedriver + 5731272\n23  libsystem_pthread.dylib             0x00007ff81b7cc253 _pthread_start + 99\n24  libsystem_pthread.dylib             0x00007ff81b7c7bef thread_start + 15",
      "time" : {
        "start" : 1739233300592,
        "stop" : 1739233301652,
        "duration" : 1060
      }
    }, {
      "uid" : "3400476f0616df9a",
      "status" : "broken",
      "statusDetails" : "selenium.common.exceptions.ElementClickInterceptedException: Message: element click intercepted: Element <a class=\"nav-link\" data-toggle=\"modal\" data-target=\"#exampleModal\" href=\"#\">...</a> is not clickable at point (783, 36). Other element would receive the click: <div class=\"modal-header\">...</div>\n  (Session info: chrome=133.0.6943.53)\nStacktrace:\n0   chromedriver                        0x000000010a520bc8 chromedriver + 5766088\n1   chromedriver                        0x000000010a5187ea chromedriver + 5732330\n2   chromedriver                        0x000000010a006680 chromedriver + 415360\n3   chromedriver                        0x000000010a05eb70 chromedriver + 777072\n4   chromedriver                        0x000000010a05c9d1 chromedriver + 768465\n5   chromedriver                        0x000000010a05a062 chromedriver + 757858\n6   chromedriver                        0x000000010a059248 chromedriver + 754248\n7   chromedriver                        0x000000010a04bd3d chromedriver + 699709\n8   chromedriver                        0x000000010a07e052 chromedriver + 905298\n9   chromedriver                        0x000000010a04b6b8 chromedriver + 698040\n10  chromedriver                        0x000000010a07e20e chromedriver + 905742\n11  chromedriver                        0x000000010a0a53e7 chromedriver + 1065959\n12  chromedriver                        0x000000010a07de23 chromedriver + 904739\n13  chromedriver                        0x000000010a049bea chromedriver + 691178\n14  chromedriver                        0x000000010a04ad41 chromedriver + 695617\n15  chromedriver                        0x000000010a4e4100 chromedriver + 5517568\n16  chromedriver                        0x000000010a4e8040 chromedriver + 5533760\n17  chromedriver                        0x000000010a4c5c87 chromedriver + 5393543\n18  chromedriver                        0x000000010a4e8acb chromedriver + 5536459\n19  chromedriver                        0x000000010a4b4544 chromedriver + 5322052\n20  chromedriver                        0x000000010a5066e8 chromedriver + 5658344\n21  chromedriver                        0x000000010a5068af chromedriver + 5658799\n22  chromedriver                        0x000000010a5183c8 chromedriver + 5731272\n23  libsystem_pthread.dylib             0x00007ff81b7cc253 _pthread_start + 99\n24  libsystem_pthread.dylib             0x00007ff81b7c7bef thread_start + 15",
      "time" : {
        "start" : 1739231234063,
        "stop" : 1739231235148,
        "duration" : 1085
      }
    } ],
    "categories" : [ {
      "name" : "Test defects",
      "matchedStatuses" : [ ],
      "flaky" : false
    } ],
    "tags" : [ ]
  },
  "source" : "b2d0351bb05c317.json",
  "parameterValues" : [ ]
}