{
  "uid" : "b676e711987ec05",
  "name" : "Проверка выхода из системы",
  "fullName" : "tests.test_authorization_and_registration#test_login_logout_flow",
  "historyId" : "8eb4f1f8d1e752c4efabfb2b65eb2b4f",
  "time" : {
    "start" : 1747603652440,
    "stop" : 1747603652440,
    "duration" : 0
  },
  "description" : "Авторизация пользователя и проверка корректного завершения сессии через выход",
  "descriptionHtml" : "<p>Авторизация пользователя и проверка корректного завершения сессии через выход</p>\n",
  "status" : "skipped",
  "statusMessage" : "Skipped: This test is destructive and the target URL is considered a sensitive environment. If this test is not destructive, add the 'nondestructive' marker to it. Sensitive URL: https://www.demoblaze.com/",
  "statusTrace" : "('/opt/hostedtoolcache/Python/3.12.5/x64/lib/python3.12/site-packages/pytest_selenium/safety.py', 79, \"Skipped: This test is destructive and the target URL is considered a sensitive environment. If this test is not destructive, add the 'nondestructive' marker to it. Sensitive URL: https://www.demoblaze.com/\")",
  "flaky" : false,
  "newFailed" : false,
  "beforeStages" : [ {
    "name" : "sensitive_url",
    "time" : {
      "start" : 1747603652145,
      "stop" : 1747603652390,
      "duration" : 245
    },
    "status" : "passed",
    "steps" : [ ],
    "attachments" : [ ],
    "parameters" : [ ],
    "stepsCount" : 0,
    "attachmentsCount" : 0,
    "shouldDisplayMessage" : false,
    "hasContent" : false
  }, {
    "name" : "_verify_url",
    "time" : {
      "start" : 1747603652145,
      "stop" : 1747603652145,
      "duration" : 0
    },
    "status" : "passed",
    "steps" : [ ],
    "attachments" : [ ],
    "parameters" : [ ],
    "stepsCount" : 0,
    "attachmentsCount" : 0,
    "shouldDisplayMessage" : false,
    "hasContent" : false
  }, {
    "name" : "base_url",
    "time" : {
      "start" : 1747603652145,
      "stop" : 1747603652145,
      "duration" : 0
    },
    "status" : "passed",
    "steps" : [ ],
    "attachments" : [ ],
    "parameters" : [ ],
    "stepsCount" : 0,
    "attachmentsCount" : 0,
    "shouldDisplayMessage" : false,
    "hasContent" : false
  }, {
    "name" : "_skip_sensitive",
    "time" : {
      "start" : 1747603652441,
      "stop" : 1747603652441,
      "duration" : 0
    },
    "status" : "skipped",
    "statusMessage" : "Skipped: This test is destructive and the target URL is considered a sensitive environment. If this test is not destructive, add the 'nondestructive' marker to it. Sensitive URL: https://www.demoblaze.com/\n",
    "statusTrace" : "  File \"/opt/hostedtoolcache/Python/3.12.5/x64/lib/python3.12/site-packages/pluggy/_callers.py\", line 38, in run_old_style_hookwrapper\n    res = yield\n          ^^^^^\n  File \"/opt/hostedtoolcache/Python/3.12.5/x64/lib/python3.12/site-packages/pluggy/_callers.py\", line 139, in _multicall\n    teardown.throw(exception)\n  File \"/opt/hostedtoolcache/Python/3.12.5/x64/lib/python3.12/site-packages/pluggy/_callers.py\", line 53, in run_old_style_hookwrapper\n    return result.get_result()\n           ^^^^^^^^^^^^^^^^^^^\n  File \"/opt/hostedtoolcache/Python/3.12.5/x64/lib/python3.12/site-packages/pluggy/_result.py\", line 103, in get_result\n    raise exc.with_traceback(tb)\n  File \"/opt/hostedtoolcache/Python/3.12.5/x64/lib/python3.12/site-packages/pluggy/_callers.py\", line 38, in run_old_style_hookwrapper\n    res = yield\n          ^^^^^\n  File \"/opt/hostedtoolcache/Python/3.12.5/x64/lib/python3.12/site-packages/pluggy/_callers.py\", line 121, in _multicall\n    res = hook_impl.function(*args)\n          ^^^^^^^^^^^^^^^^^^^^^^^^^\n  File \"/opt/hostedtoolcache/Python/3.12.5/x64/lib/python3.12/site-packages/_pytest/fixtures.py\", line 1126, in pytest_fixture_setup\n    result = call_fixture_func(fixturefunc, request, kwargs)\n             ^^^^^^^^^^^^^^^^^^^^^^^^^^^^^^^^^^^^^^^^^^^^^^^\n  File \"/opt/hostedtoolcache/Python/3.12.5/x64/lib/python3.12/site-packages/_pytest/fixtures.py\", line 932, in call_fixture_func\n    fixture_result = fixturefunc(**kwargs)\n                     ^^^^^^^^^^^^^^^^^^^^^\n  File \"/opt/hostedtoolcache/Python/3.12.5/x64/lib/python3.12/site-packages/pytest_selenium/safety.py\", line 79, in _skip_sensitive\n    pytest.skip(\n  File \"/opt/hostedtoolcache/Python/3.12.5/x64/lib/python3.12/site-packages/_pytest/outcomes.py\", line 139, in skip\n    raise Skipped(msg=msg, allow_module_level=allow_module_level)\n",
    "steps" : [ ],
    "attachments" : [ ],
    "parameters" : [ ],
    "stepsCount" : 0,
    "attachmentsCount" : 0,
    "shouldDisplayMessage" : true,
    "hasContent" : true
  } ],
  "afterStages" : [ ],
  "labels" : [ {
    "name" : "parentSuite",
    "value" : "tests"
  }, {
    "name" : "suite",
    "value" : "test_authorization_and_registration"
  }, {
    "name" : "host",
    "value" : "pkrvmf6wy0o8zjz"
  }, {
    "name" : "thread",
    "value" : "2511-MainThread"
  }, {
    "name" : "framework",
    "value" : "pytest"
  }, {
    "name" : "language",
    "value" : "cpython3"
  }, {
    "name" : "package",
    "value" : "tests.test_authorization_and_registration"
  }, {
    "name" : "resultFormat",
    "value" : "allure2"
  } ],
  "parameters" : [ ],
  "links" : [ ],
  "hidden" : false,
  "retry" : false,
  "extra" : {
    "severity" : "normal",
    "retries" : [ {
      "uid" : "a9c00de5f08e1534",
      "status" : "broken",
      "statusDetails" : "selenium.common.exceptions.StaleElementReferenceException: Message: stale element reference: stale element not found\n  (Session info: chrome=135.0.7049.96); For documentation on this error, please visit: https://www.selenium.dev/documentation/webdriver/troubleshooting/errors#stale-element-reference-exception\nStacktrace:\n0   chromedriver                        0x0000000104936448 chromedriver + 6149192\n1   chromedriver                        0x000000010492db0a chromedriver + 6114058\n2   chromedriver                        0x00000001043bee80 chromedriver + 417408\n3   chromedriver                        0x00000001043d267b chromedriver + 497275\n4   chromedriver                        0x00000001043d1432 chromedriver + 492594\n5   chromedriver                        0x00000001043c6579 chromedriver + 447865\n6   chromedriver                        0x00000001043c46d8 chromedriver + 440024\n7   chromedriver                        0x00000001043c8593 chromedriver + 456083\n8   chromedriver                        0x00000001043c8643 chromedriver + 456259\n9   chromedriver                        0x000000010441224e chromedriver + 758350\n10  chromedriver                        0x0000000104404523 chromedriver + 701731\n11  chromedriver                        0x0000000104436792 chromedriver + 907154\n12  chromedriver                        0x0000000104403f28 chromedriver + 700200\n13  chromedriver                        0x000000010443694e chromedriver + 907598\n14  chromedriver                        0x000000010445daca chromedriver + 1067722\n15  chromedriver                        0x0000000104436563 chromedriver + 906595\n16  chromedriver                        0x0000000104402955 chromedriver + 694613\n17  chromedriver                        0x00000001044035b1 chromedriver + 697777\n18  chromedriver                        0x00000001048f3f00 chromedriver + 5877504\n19  chromedriver                        0x00000001048f7df1 chromedriver + 5893617\n20  chromedriver                        0x00000001048ce344 chromedriver + 5722948\n21  chromedriver                        0x00000001048f880b chromedriver + 5896203\n22  chromedriver                        0x00000001048bcac4 chromedriver + 5651140\n23  chromedriver                        0x000000010491b918 chromedriver + 6039832\n24  chromedriver                        0x000000010491bae0 chromedriver + 6040288\n25  chromedriver                        0x000000010492d6d1 chromedriver + 6112977\n26  libsystem_pthread.dylib             0x00007ff805505df1 _pthread_start + 99\n27  libsystem_pthread.dylib             0x00007ff805501857 thread_start + 15",
      "time" : {
        "start" : 1745242594660,
        "stop" : 1745242595422,
        "duration" : 762
      }
    }, {
      "uid" : "4ef547b9ee718906",
      "status" : "broken",
      "statusDetails" : "selenium.common.exceptions.StaleElementReferenceException: Message: stale element reference: stale element not found\n  (Session info: chrome=134.0.6998.89); For documentation on this error, please visit: https://www.selenium.dev/documentation/webdriver/troubleshooting/errors#stale-element-reference-exception\nStacktrace:\n0   chromedriver                        0x000000010ecd9808 chromedriver + 6105096\n1   chromedriver                        0x000000010ecd140a chromedriver + 6071306\n2   chromedriver                        0x000000010e76c600 chromedriver + 415232\n3   chromedriver                        0x000000010e77fcfb chromedriver + 494843\n4   chromedriver                        0x000000010e77eab2 chromedriver + 490162\n5   chromedriver                        0x000000010e773dd9 chromedriver + 445913\n6   chromedriver                        0x000000010e771e58 chromedriver + 437848\n7   chromedriver                        0x000000010e775c03 chromedriver + 453635\n8   chromedriver                        0x000000010e775cb3 chromedriver + 453811\n9   chromedriver                        0x000000010e7bffbe chromedriver + 757694\n10  chromedriver                        0x000000010e7b2360 chromedriver + 701280\n11  chromedriver                        0x000000010e7e4612 chromedriver + 906770\n12  chromedriver                        0x000000010e7b1d68 chromedriver + 699752\n13  chromedriver                        0x000000010e7e47ce chromedriver + 907214\n14  chromedriver                        0x000000010e80bc3d chromedriver + 1068093\n15  chromedriver                        0x000000010e7e43e3 chromedriver + 906211\n16  chromedriver                        0x000000010e7b029a chromedriver + 692890\n17  chromedriver                        0x000000010e7b13f1 chromedriver + 697329\n18  chromedriver                        0x000000010ec98d00 chromedriver + 5840128\n19  chromedriver                        0x000000010ec9cbd4 chromedriver + 5856212\n20  chromedriver                        0x000000010ec73936 chromedriver + 5687606\n21  chromedriver                        0x000000010ec9d5cb chromedriver + 5858763\n22  chromedriver                        0x000000010ec62024 chromedriver + 5615652\n23  chromedriver                        0x000000010ecbf368 chromedriver + 5997416\n24  chromedriver                        0x000000010ecbf52f chromedriver + 5997871\n25  chromedriver                        0x000000010ecd0fe8 chromedriver + 6070248\n26  libsystem_pthread.dylib             0x00007ff80905c253 _pthread_start + 99\n27  libsystem_pthread.dylib             0x00007ff809057bef thread_start + 15",
      "time" : {
        "start" : 1741821707949,
        "stop" : 1741821708443,
        "duration" : 494
      }
    }, {
      "uid" : "df98118846541a4",
      "status" : "broken",
      "statusDetails" : "selenium.common.exceptions.TimeoutException: Message:",
      "time" : {
        "start" : 1741818333532,
        "stop" : 1741818349000,
        "duration" : 15468
      }
    }, {
      "uid" : "431a4bf9f8721a7f",
      "status" : "broken",
      "statusDetails" : "selenium.common.exceptions.ElementClickInterceptedException: Message: element click intercepted: Element <a class=\"nav-link\" href=\"#\" id=\"login2\" data-toggle=\"modal\" data-target=\"#logInModal\" style=\"display: block;\">...</a> is not clickable at point (973, 36). Other element would receive the click: <div class=\"modal fade show\" id=\"signInModal\" tabindex=\"-1\" role=\"dialog\" aria-labelledby=\"signInModalLabel\" style=\"display: block;\">...</div>\n  (Session info: chrome=133.0.6943.142)\nStacktrace:\n0   chromedriver                        0x000000010c1df708 chromedriver + 5969672\n1   chromedriver                        0x000000010c1d732a chromedriver + 5935914\n2   chromedriver                        0x000000010bc93650 chromedriver + 415312\n3   chromedriver                        0x000000010bcebc90 chromedriver + 777360\n4   chromedriver                        0x000000010bce9af1 chromedriver + 768753\n5   chromedriver                        0x000000010bce7182 chromedriver + 758146\n6   chromedriver                        0x000000010bce6880 chromedriver + 755840\n7   chromedriver                        0x000000010bcd8e3d chromedriver + 699965\n8   chromedriver                        0x000000010bd0b172 chromedriver + 905586\n9   chromedriver                        0x000000010bcd87b8 chromedriver + 698296\n10  chromedriver                        0x000000010bd0b32e chromedriver + 906030\n11  chromedriver                        0x000000010bd324f7 chromedriver + 1066231\n12  chromedriver                        0x000000010bd0af43 chromedriver + 905027\n13  chromedriver                        0x000000010bcd6cea chromedriver + 691434\n14  chromedriver                        0x000000010bcd7e41 chromedriver + 695873\n15  chromedriver                        0x000000010c1a2910 chromedriver + 5720336\n16  chromedriver                        0x000000010c1a6850 chromedriver + 5736528\n17  chromedriver                        0x000000010c183c07 chromedriver + 5594119\n18  chromedriver                        0x000000010c1a72fb chromedriver + 5739259\n19  chromedriver                        0x000000010c172484 chromedriver + 5522564\n20  chromedriver                        0x000000010c1c51d8 chromedriver + 5861848\n21  chromedriver                        0x000000010c1c539f chromedriver + 5862303\n22  chromedriver                        0x000000010c1d6f08 chromedriver + 5934856\n23  libsystem_pthread.dylib             0x00007ff818385253 _pthread_start + 99\n24  libsystem_pthread.dylib             0x00007ff818380bef thread_start + 15",
      "time" : {
        "start" : 1741032990999,
        "stop" : 1741032992062,
        "duration" : 1063
      }
    }, {
      "uid" : "cf6ddad3bc3d9de1",
      "status" : "broken",
      "statusDetails" : "selenium.common.exceptions.ElementClickInterceptedException: Message: element click intercepted: Element <a class=\"nav-link\" href=\"#\" id=\"login2\" data-toggle=\"modal\" data-target=\"#logInModal\" style=\"display: block;\">...</a> is not clickable at point (973, 36). Other element would receive the click: <div class=\"modal fade show\" id=\"signInModal\" tabindex=\"-1\" role=\"dialog\" aria-labelledby=\"signInModalLabel\" style=\"display: block;\">...</div>\n  (Session info: chrome=133.0.6943.53)\nStacktrace:\n0   chromedriver                        0x00000001082e9bc8 chromedriver + 5766088\n1   chromedriver                        0x00000001082e17ea chromedriver + 5732330\n2   chromedriver                        0x0000000107dcf680 chromedriver + 415360\n3   chromedriver                        0x0000000107e27b70 chromedriver + 777072\n4   chromedriver                        0x0000000107e259d1 chromedriver + 768465\n5   chromedriver                        0x0000000107e23062 chromedriver + 757858\n6   chromedriver                        0x0000000107e22248 chromedriver + 754248\n7   chromedriver                        0x0000000107e14d3d chromedriver + 699709\n8   chromedriver                        0x0000000107e47052 chromedriver + 905298\n9   chromedriver                        0x0000000107e146b8 chromedriver + 698040\n10  chromedriver                        0x0000000107e4720e chromedriver + 905742\n11  chromedriver                        0x0000000107e6e3e7 chromedriver + 1065959\n12  chromedriver                        0x0000000107e46e23 chromedriver + 904739\n13  chromedriver                        0x0000000107e12bea chromedriver + 691178\n14  chromedriver                        0x0000000107e13d41 chromedriver + 695617\n15  chromedriver                        0x00000001082ad100 chromedriver + 5517568\n16  chromedriver                        0x00000001082b1040 chromedriver + 5533760\n17  chromedriver                        0x000000010828ec87 chromedriver + 5393543\n18  chromedriver                        0x00000001082b1acb chromedriver + 5536459\n19  chromedriver                        0x000000010827d544 chromedriver + 5322052\n20  chromedriver                        0x00000001082cf6e8 chromedriver + 5658344\n21  chromedriver                        0x00000001082cf8af chromedriver + 5658799\n22  chromedriver                        0x00000001082e13c8 chromedriver + 5731272\n23  libsystem_pthread.dylib             0x00007ff81b7cc253 _pthread_start + 99\n24  libsystem_pthread.dylib             0x00007ff81b7c7bef thread_start + 15",
      "time" : {
        "start" : 1739233291686,
        "stop" : 1739233292727,
        "duration" : 1041
      }
    }, {
      "uid" : "92f63656b9a8c52e",
      "status" : "broken",
      "statusDetails" : "selenium.common.exceptions.ElementClickInterceptedException: Message: element click intercepted: Element <a class=\"nav-link\" href=\"#\" id=\"login2\" data-toggle=\"modal\" data-target=\"#logInModal\" style=\"display: block;\">...</a> is not clickable at point (973, 36). Other element would receive the click: <div class=\"modal fade show\" id=\"signInModal\" tabindex=\"-1\" role=\"dialog\" aria-labelledby=\"signInModalLabel\" style=\"display: block;\">...</div>\n  (Session info: chrome=133.0.6943.53)\nStacktrace:\n0   chromedriver                        0x0000000104f73bc8 chromedriver + 5766088\n1   chromedriver                        0x0000000104f6b7ea chromedriver + 5732330\n2   chromedriver                        0x0000000104a59680 chromedriver + 415360\n3   chromedriver                        0x0000000104ab1b70 chromedriver + 777072\n4   chromedriver                        0x0000000104aaf9d1 chromedriver + 768465\n5   chromedriver                        0x0000000104aad062 chromedriver + 757858\n6   chromedriver                        0x0000000104aac248 chromedriver + 754248\n7   chromedriver                        0x0000000104a9ed3d chromedriver + 699709\n8   chromedriver                        0x0000000104ad1052 chromedriver + 905298\n9   chromedriver                        0x0000000104a9e6b8 chromedriver + 698040\n10  chromedriver                        0x0000000104ad120e chromedriver + 905742\n11  chromedriver                        0x0000000104af83e7 chromedriver + 1065959\n12  chromedriver                        0x0000000104ad0e23 chromedriver + 904739\n13  chromedriver                        0x0000000104a9cbea chromedriver + 691178\n14  chromedriver                        0x0000000104a9dd41 chromedriver + 695617\n15  chromedriver                        0x0000000104f37100 chromedriver + 5517568\n16  chromedriver                        0x0000000104f3b040 chromedriver + 5533760\n17  chromedriver                        0x0000000104f18c87 chromedriver + 5393543\n18  chromedriver                        0x0000000104f3bacb chromedriver + 5536459\n19  chromedriver                        0x0000000104f07544 chromedriver + 5322052\n20  chromedriver                        0x0000000104f596e8 chromedriver + 5658344\n21  chromedriver                        0x0000000104f598af chromedriver + 5658799\n22  chromedriver                        0x0000000104f6b3c8 chromedriver + 5731272\n23  libsystem_pthread.dylib             0x00007ff81b7cc253 _pthread_start + 99\n24  libsystem_pthread.dylib             0x00007ff81b7c7bef thread_start + 15",
      "time" : {
        "start" : 1739231225213,
        "stop" : 1739231226276,
        "duration" : 1063
      }
    } ],
    "categories" : [ ],
    "tags" : [ ]
  },
  "source" : "b676e711987ec05.json",
  "parameterValues" : [ ]
}