{
  "uid" : "bbfa9c4b715fce7b",
  "name" : "Проверка входа в систему",
  "fullName" : "tests.test_authorization_and_registration#test_login",
  "historyId" : "64ed14bba4e56324e103f70040f0793d",
  "time" : {
    "start" : 1747606252049,
    "stop" : 1747606252049,
    "duration" : 0
  },
  "description" : "Авторизация пользователя с корректными учетными данными и проверка успешного входа",
  "descriptionHtml" : "<p>Авторизация пользователя с корректными учетными данными и проверка успешного входа</p>\n",
  "status" : "skipped",
  "statusMessage" : "Skipped: This test is destructive and the target URL is considered a sensitive environment. If this test is not destructive, add the 'nondestructive' marker to it. Sensitive URL: https://www.demoblaze.com/",
  "statusTrace" : "('/opt/hostedtoolcache/Python/3.12.5/x64/lib/python3.12/site-packages/pytest_selenium/safety.py', 79, \"Skipped: This test is destructive and the target URL is considered a sensitive environment. If this test is not destructive, add the 'nondestructive' marker to it. Sensitive URL: https://www.demoblaze.com/\")",
  "flaky" : false,
  "newFailed" : false,
  "beforeStages" : [ {
    "name" : "_skip_sensitive",
    "time" : {
      "start" : 1747606252050,
      "stop" : 1747606252050,
      "duration" : 0
    },
    "status" : "skipped",
    "statusMessage" : "Skipped: This test is destructive and the target URL is considered a sensitive environment. If this test is not destructive, add the 'nondestructive' marker to it. Sensitive URL: https://www.demoblaze.com/\n",
    "statusTrace" : "  File \"/opt/hostedtoolcache/Python/3.12.5/x64/lib/python3.12/site-packages/pluggy/_callers.py\", line 38, in run_old_style_hookwrapper\n    res = yield\n          ^^^^^\n  File \"/opt/hostedtoolcache/Python/3.12.5/x64/lib/python3.12/site-packages/pluggy/_callers.py\", line 139, in _multicall\n    teardown.throw(exception)\n  File \"/opt/hostedtoolcache/Python/3.12.5/x64/lib/python3.12/site-packages/pluggy/_callers.py\", line 53, in run_old_style_hookwrapper\n    return result.get_result()\n           ^^^^^^^^^^^^^^^^^^^\n  File \"/opt/hostedtoolcache/Python/3.12.5/x64/lib/python3.12/site-packages/pluggy/_result.py\", line 103, in get_result\n    raise exc.with_traceback(tb)\n  File \"/opt/hostedtoolcache/Python/3.12.5/x64/lib/python3.12/site-packages/pluggy/_callers.py\", line 38, in run_old_style_hookwrapper\n    res = yield\n          ^^^^^\n  File \"/opt/hostedtoolcache/Python/3.12.5/x64/lib/python3.12/site-packages/pluggy/_callers.py\", line 121, in _multicall\n    res = hook_impl.function(*args)\n          ^^^^^^^^^^^^^^^^^^^^^^^^^\n  File \"/opt/hostedtoolcache/Python/3.12.5/x64/lib/python3.12/site-packages/_pytest/fixtures.py\", line 1126, in pytest_fixture_setup\n    result = call_fixture_func(fixturefunc, request, kwargs)\n             ^^^^^^^^^^^^^^^^^^^^^^^^^^^^^^^^^^^^^^^^^^^^^^^\n  File \"/opt/hostedtoolcache/Python/3.12.5/x64/lib/python3.12/site-packages/_pytest/fixtures.py\", line 932, in call_fixture_func\n    fixture_result = fixturefunc(**kwargs)\n                     ^^^^^^^^^^^^^^^^^^^^^\n  File \"/opt/hostedtoolcache/Python/3.12.5/x64/lib/python3.12/site-packages/pytest_selenium/safety.py\", line 79, in _skip_sensitive\n    pytest.skip(\n  File \"/opt/hostedtoolcache/Python/3.12.5/x64/lib/python3.12/site-packages/_pytest/outcomes.py\", line 139, in skip\n    raise Skipped(msg=msg, allow_module_level=allow_module_level)\n",
    "steps" : [ ],
    "attachments" : [ ],
    "parameters" : [ ],
    "stepsCount" : 0,
    "attachmentsCount" : 0,
    "shouldDisplayMessage" : true,
    "hasContent" : true
  }, {
    "name" : "sensitive_url",
    "time" : {
      "start" : 1747606251789,
      "stop" : 1747606251998,
      "duration" : 209
    },
    "status" : "passed",
    "steps" : [ ],
    "attachments" : [ ],
    "parameters" : [ ],
    "stepsCount" : 0,
    "attachmentsCount" : 0,
    "shouldDisplayMessage" : false,
    "hasContent" : false
  }, {
    "name" : "_verify_url",
    "time" : {
      "start" : 1747606251789,
      "stop" : 1747606251789,
      "duration" : 0
    },
    "status" : "passed",
    "steps" : [ ],
    "attachments" : [ ],
    "parameters" : [ ],
    "stepsCount" : 0,
    "attachmentsCount" : 0,
    "shouldDisplayMessage" : false,
    "hasContent" : false
  }, {
    "name" : "base_url",
    "time" : {
      "start" : 1747606251789,
      "stop" : 1747606251789,
      "duration" : 0
    },
    "status" : "passed",
    "steps" : [ ],
    "attachments" : [ ],
    "parameters" : [ ],
    "stepsCount" : 0,
    "attachmentsCount" : 0,
    "shouldDisplayMessage" : false,
    "hasContent" : false
  } ],
  "afterStages" : [ ],
  "labels" : [ {
    "name" : "parentSuite",
    "value" : "tests"
  }, {
    "name" : "suite",
    "value" : "test_authorization_and_registration"
  }, {
    "name" : "host",
    "value" : "pkrvmf6wy0o8zjz"
  }, {
    "name" : "thread",
    "value" : "2432-MainThread"
  }, {
    "name" : "framework",
    "value" : "pytest"
  }, {
    "name" : "language",
    "value" : "cpython3"
  }, {
    "name" : "package",
    "value" : "tests.test_authorization_and_registration"
  }, {
    "name" : "resultFormat",
    "value" : "allure2"
  } ],
  "parameters" : [ ],
  "links" : [ ],
  "hidden" : false,
  "retry" : false,
  "extra" : {
    "severity" : "normal",
    "retries" : [ {
      "uid" : "d12b9c063ba83bf3",
      "status" : "failed",
      "statusDetails" : "AssertionError: Вход в систему не выполнен\nassert False\n +  where False = <bound method AuthPage.is_logged_in of <pages.auth_page.AuthPage object at 0x1074c28a0>>()\n +    where <bound method AuthPage.is_logged_in of <pages.auth_page.AuthPage object at 0x1074c28a0>> = <pages.auth_page.AuthPage object at 0x1074c28a0>.is_logged_in",
      "time" : {
        "start" : 1745242593672,
        "stop" : 1745242594654,
        "duration" : 982
      }
    }, {
      "uid" : "ae460595ac1ae060",
      "status" : "failed",
      "statusDetails" : "AssertionError: Вход в систему не выполнен\nassert False\n +  where False = <bound method AuthPage.is_logged_in of <pages.auth_page.AuthPage object at 0x108149490>>()\n +    where <bound method AuthPage.is_logged_in of <pages.auth_page.AuthPage object at 0x108149490>> = <pages.auth_page.AuthPage object at 0x108149490>.is_logged_in",
      "time" : {
        "start" : 1741821706979,
        "stop" : 1741821707924,
        "duration" : 945
      }
    }, {
      "uid" : "1d01e8cc94b4db0",
      "status" : "passed",
      "time" : {
        "start" : 1741818331254,
        "stop" : 1741818333530,
        "duration" : 2276
      }
    }, {
      "uid" : "3af651f45fea0a2f",
      "status" : "broken",
      "statusDetails" : "selenium.common.exceptions.ElementClickInterceptedException: Message: element click intercepted: Element <a class=\"nav-link\" href=\"#\" id=\"login2\" data-toggle=\"modal\" data-target=\"#logInModal\" style=\"display: block;\">...</a> is not clickable at point (973, 36). Other element would receive the click: <div class=\"modal fade show\" id=\"signInModal\" tabindex=\"-1\" role=\"dialog\" aria-labelledby=\"signInModalLabel\" style=\"display: block;\">...</div>\n  (Session info: chrome=133.0.6943.142)\nStacktrace:\n0   chromedriver                        0x000000010c1df708 chromedriver + 5969672\n1   chromedriver                        0x000000010c1d732a chromedriver + 5935914\n2   chromedriver                        0x000000010bc93650 chromedriver + 415312\n3   chromedriver                        0x000000010bcebc90 chromedriver + 777360\n4   chromedriver                        0x000000010bce9af1 chromedriver + 768753\n5   chromedriver                        0x000000010bce7182 chromedriver + 758146\n6   chromedriver                        0x000000010bce6880 chromedriver + 755840\n7   chromedriver                        0x000000010bcd8e3d chromedriver + 699965\n8   chromedriver                        0x000000010bd0b172 chromedriver + 905586\n9   chromedriver                        0x000000010bcd87b8 chromedriver + 698296\n10  chromedriver                        0x000000010bd0b32e chromedriver + 906030\n11  chromedriver                        0x000000010bd324f7 chromedriver + 1066231\n12  chromedriver                        0x000000010bd0af43 chromedriver + 905027\n13  chromedriver                        0x000000010bcd6cea chromedriver + 691434\n14  chromedriver                        0x000000010bcd7e41 chromedriver + 695873\n15  chromedriver                        0x000000010c1a2910 chromedriver + 5720336\n16  chromedriver                        0x000000010c1a6850 chromedriver + 5736528\n17  chromedriver                        0x000000010c183c07 chromedriver + 5594119\n18  chromedriver                        0x000000010c1a72fb chromedriver + 5739259\n19  chromedriver                        0x000000010c172484 chromedriver + 5522564\n20  chromedriver                        0x000000010c1c51d8 chromedriver + 5861848\n21  chromedriver                        0x000000010c1c539f chromedriver + 5862303\n22  chromedriver                        0x000000010c1d6f08 chromedriver + 5934856\n23  libsystem_pthread.dylib             0x00007ff818385253 _pthread_start + 99\n24  libsystem_pthread.dylib             0x00007ff818380bef thread_start + 15",
      "time" : {
        "start" : 1741032989730,
        "stop" : 1741032990809,
        "duration" : 1079
      }
    }, {
      "uid" : "7c9b4a21ab6ccc6b",
      "status" : "broken",
      "statusDetails" : "selenium.common.exceptions.ElementClickInterceptedException: Message: element click intercepted: Element <a class=\"nav-link\" href=\"#\" id=\"login2\" data-toggle=\"modal\" data-target=\"#logInModal\" style=\"display: block;\">...</a> is not clickable at point (973, 36). Other element would receive the click: <div class=\"modal fade show\" id=\"signInModal\" tabindex=\"-1\" role=\"dialog\" aria-labelledby=\"signInModalLabel\" style=\"display: block;\">...</div>\n  (Session info: chrome=133.0.6943.53)\nStacktrace:\n0   chromedriver                        0x00000001082e9bc8 chromedriver + 5766088\n1   chromedriver                        0x00000001082e17ea chromedriver + 5732330\n2   chromedriver                        0x0000000107dcf680 chromedriver + 415360\n3   chromedriver                        0x0000000107e27b70 chromedriver + 777072\n4   chromedriver                        0x0000000107e259d1 chromedriver + 768465\n5   chromedriver                        0x0000000107e23062 chromedriver + 757858\n6   chromedriver                        0x0000000107e22248 chromedriver + 754248\n7   chromedriver                        0x0000000107e14d3d chromedriver + 699709\n8   chromedriver                        0x0000000107e47052 chromedriver + 905298\n9   chromedriver                        0x0000000107e146b8 chromedriver + 698040\n10  chromedriver                        0x0000000107e4720e chromedriver + 905742\n11  chromedriver                        0x0000000107e6e3e7 chromedriver + 1065959\n12  chromedriver                        0x0000000107e46e23 chromedriver + 904739\n13  chromedriver                        0x0000000107e12bea chromedriver + 691178\n14  chromedriver                        0x0000000107e13d41 chromedriver + 695617\n15  chromedriver                        0x00000001082ad100 chromedriver + 5517568\n16  chromedriver                        0x00000001082b1040 chromedriver + 5533760\n17  chromedriver                        0x000000010828ec87 chromedriver + 5393543\n18  chromedriver                        0x00000001082b1acb chromedriver + 5536459\n19  chromedriver                        0x000000010827d544 chromedriver + 5322052\n20  chromedriver                        0x00000001082cf6e8 chromedriver + 5658344\n21  chromedriver                        0x00000001082cf8af chromedriver + 5658799\n22  chromedriver                        0x00000001082e13c8 chromedriver + 5731272\n23  libsystem_pthread.dylib             0x00007ff81b7cc253 _pthread_start + 99\n24  libsystem_pthread.dylib             0x00007ff81b7c7bef thread_start + 15",
      "time" : {
        "start" : 1739233290588,
        "stop" : 1739233291636,
        "duration" : 1048
      }
    }, {
      "uid" : "68282f2bc23be1ad",
      "status" : "broken",
      "statusDetails" : "selenium.common.exceptions.UnexpectedAlertPresentException: Alert Text: This user already exist.\nMessage: unexpected alert open: {Alert text : This user already exist.}\n  (Session info: chrome=133.0.6943.53)\nStacktrace:\n0   chromedriver                        0x0000000104f73bc8 chromedriver + 5766088\n1   chromedriver                        0x0000000104f6b7ea chromedriver + 5732330\n2   chromedriver                        0x0000000104a59680 chromedriver + 415360\n3   chromedriver                        0x0000000104af8f1e chromedriver + 1068830\n4   chromedriver                        0x0000000104ad0e23 chromedriver + 904739\n5   chromedriver                        0x0000000104a9cbea chromedriver + 691178\n6   chromedriver                        0x0000000104a9dd41 chromedriver + 695617\n7   chromedriver                        0x0000000104f37100 chromedriver + 5517568\n8   chromedriver                        0x0000000104f3b040 chromedriver + 5533760\n9   chromedriver                        0x0000000104f18c87 chromedriver + 5393543\n10  chromedriver                        0x0000000104f3bacb chromedriver + 5536459\n11  chromedriver                        0x0000000104f07544 chromedriver + 5322052\n12  chromedriver                        0x0000000104f596e8 chromedriver + 5658344\n13  chromedriver                        0x0000000104f598af chromedriver + 5658799\n14  chromedriver                        0x0000000104f6b3c8 chromedriver + 5731272\n15  libsystem_pthread.dylib             0x00007ff81b7cc253 _pthread_start + 99\n16  libsystem_pthread.dylib             0x00007ff81b7c7bef thread_start + 15",
      "time" : {
        "start" : 1739231225156,
        "stop" : 1739231225161,
        "duration" : 5
      }
    } ],
    "categories" : [ ],
    "tags" : [ ]
  },
  "source" : "bbfa9c4b715fce7b.json",
  "parameterValues" : [ ]
}