{
  "uid" : "d15ad64860a399f8",
  "name" : "Оформление заказа с пустым полем карты",
  "fullName" : "tests.test_add_items_to_cart_and_order_placement#test_incorrect_card_number",
  "historyId" : "357f8f66240ebb7a22ad5356f2512ea3",
  "time" : {
    "start" : 1747606252032,
    "stop" : 1747606252032,
    "duration" : 0
  },
  "description" : "Проверка, что при попытке оформить заказ без номера карты появляется предупреждение",
  "descriptionHtml" : "<p>Проверка, что при попытке оформить заказ без номера карты появляется предупреждение</p>\n",
  "status" : "skipped",
  "statusMessage" : "Skipped: This test is destructive and the target URL is considered a sensitive environment. If this test is not destructive, add the 'nondestructive' marker to it. Sensitive URL: https://www.demoblaze.com/",
  "statusTrace" : "('/opt/hostedtoolcache/Python/3.12.5/x64/lib/python3.12/site-packages/pytest_selenium/safety.py', 79, \"Skipped: This test is destructive and the target URL is considered a sensitive environment. If this test is not destructive, add the 'nondestructive' marker to it. Sensitive URL: https://www.demoblaze.com/\")",
  "flaky" : false,
  "newFailed" : false,
  "beforeStages" : [ {
    "name" : "_skip_sensitive",
    "time" : {
      "start" : 1747606252032,
      "stop" : 1747606252033,
      "duration" : 1
    },
    "status" : "skipped",
    "statusMessage" : "Skipped: This test is destructive and the target URL is considered a sensitive environment. If this test is not destructive, add the 'nondestructive' marker to it. Sensitive URL: https://www.demoblaze.com/\n",
    "statusTrace" : "  File \"/opt/hostedtoolcache/Python/3.12.5/x64/lib/python3.12/site-packages/pluggy/_callers.py\", line 38, in run_old_style_hookwrapper\n    res = yield\n          ^^^^^\n  File \"/opt/hostedtoolcache/Python/3.12.5/x64/lib/python3.12/site-packages/pluggy/_callers.py\", line 139, in _multicall\n    teardown.throw(exception)\n  File \"/opt/hostedtoolcache/Python/3.12.5/x64/lib/python3.12/site-packages/pluggy/_callers.py\", line 53, in run_old_style_hookwrapper\n    return result.get_result()\n           ^^^^^^^^^^^^^^^^^^^\n  File \"/opt/hostedtoolcache/Python/3.12.5/x64/lib/python3.12/site-packages/pluggy/_result.py\", line 103, in get_result\n    raise exc.with_traceback(tb)\n  File \"/opt/hostedtoolcache/Python/3.12.5/x64/lib/python3.12/site-packages/pluggy/_callers.py\", line 38, in run_old_style_hookwrapper\n    res = yield\n          ^^^^^\n  File \"/opt/hostedtoolcache/Python/3.12.5/x64/lib/python3.12/site-packages/pluggy/_callers.py\", line 121, in _multicall\n    res = hook_impl.function(*args)\n          ^^^^^^^^^^^^^^^^^^^^^^^^^\n  File \"/opt/hostedtoolcache/Python/3.12.5/x64/lib/python3.12/site-packages/_pytest/fixtures.py\", line 1126, in pytest_fixture_setup\n    result = call_fixture_func(fixturefunc, request, kwargs)\n             ^^^^^^^^^^^^^^^^^^^^^^^^^^^^^^^^^^^^^^^^^^^^^^^\n  File \"/opt/hostedtoolcache/Python/3.12.5/x64/lib/python3.12/site-packages/_pytest/fixtures.py\", line 932, in call_fixture_func\n    fixture_result = fixturefunc(**kwargs)\n                     ^^^^^^^^^^^^^^^^^^^^^\n  File \"/opt/hostedtoolcache/Python/3.12.5/x64/lib/python3.12/site-packages/pytest_selenium/safety.py\", line 79, in _skip_sensitive\n    pytest.skip(\n  File \"/opt/hostedtoolcache/Python/3.12.5/x64/lib/python3.12/site-packages/_pytest/outcomes.py\", line 139, in skip\n    raise Skipped(msg=msg, allow_module_level=allow_module_level)\n",
    "steps" : [ ],
    "attachments" : [ ],
    "parameters" : [ ],
    "stepsCount" : 0,
    "attachmentsCount" : 0,
    "shouldDisplayMessage" : true,
    "hasContent" : true
  }, {
    "name" : "sensitive_url",
    "time" : {
      "start" : 1747606251789,
      "stop" : 1747606251998,
      "duration" : 209
    },
    "status" : "passed",
    "steps" : [ ],
    "attachments" : [ ],
    "parameters" : [ ],
    "stepsCount" : 0,
    "attachmentsCount" : 0,
    "shouldDisplayMessage" : false,
    "hasContent" : false
  }, {
    "name" : "_verify_url",
    "time" : {
      "start" : 1747606251789,
      "stop" : 1747606251789,
      "duration" : 0
    },
    "status" : "passed",
    "steps" : [ ],
    "attachments" : [ ],
    "parameters" : [ ],
    "stepsCount" : 0,
    "attachmentsCount" : 0,
    "shouldDisplayMessage" : false,
    "hasContent" : false
  }, {
    "name" : "base_url",
    "time" : {
      "start" : 1747606251789,
      "stop" : 1747606251789,
      "duration" : 0
    },
    "status" : "passed",
    "steps" : [ ],
    "attachments" : [ ],
    "parameters" : [ ],
    "stepsCount" : 0,
    "attachmentsCount" : 0,
    "shouldDisplayMessage" : false,
    "hasContent" : false
  } ],
  "afterStages" : [ ],
  "labels" : [ {
    "name" : "parentSuite",
    "value" : "tests"
  }, {
    "name" : "suite",
    "value" : "test_add_items_to_cart_and_order_placement"
  }, {
    "name" : "host",
    "value" : "pkrvmf6wy0o8zjz"
  }, {
    "name" : "thread",
    "value" : "2432-MainThread"
  }, {
    "name" : "framework",
    "value" : "pytest"
  }, {
    "name" : "language",
    "value" : "cpython3"
  }, {
    "name" : "package",
    "value" : "tests.test_add_items_to_cart_and_order_placement"
  }, {
    "name" : "resultFormat",
    "value" : "allure2"
  } ],
  "parameters" : [ ],
  "links" : [ ],
  "hidden" : false,
  "retry" : false,
  "extra" : {
    "severity" : "normal",
    "retries" : [ {
      "uid" : "a7314dc3fcd086b9",
      "status" : "broken",
      "statusDetails" : "NameError: name 'TimeoutException' is not defined",
      "time" : {
        "start" : 1745242562176,
        "stop" : 1745242570949,
        "duration" : 8773
      }
    }, {
      "uid" : "5b874c1d1c2943b3",
      "status" : "broken",
      "statusDetails" : "selenium.common.exceptions.NoAlertPresentException: Message: no such alert\n  (Session info: chrome=134.0.6998.89)\nStacktrace:\n0   chromedriver                        0x000000010722f808 chromedriver + 6105096\n1   chromedriver                        0x000000010722740a chromedriver + 6071306\n2   chromedriver                        0x0000000106cc2443 chromedriver + 414787\n3   chromedriver                        0x0000000106cab83e chromedriver + 321598\n4   chromedriver                        0x0000000106cd63d2 chromedriver + 496594\n5   chromedriver                        0x0000000106ce88e1 chromedriver + 571617\n6   chromedriver                        0x0000000106d3a69b chromedriver + 906907\n7   chromedriver                        0x0000000106ce86f5 chromedriver + 571125\n8   chromedriver                        0x0000000106d3a3e3 chromedriver + 906211\n9   chromedriver                        0x0000000106d0629a chromedriver + 692890\n10  chromedriver                        0x0000000106d073f1 chromedriver + 697329\n11  chromedriver                        0x00000001071eed00 chromedriver + 5840128\n12  chromedriver                        0x00000001071f2bd4 chromedriver + 5856212\n13  chromedriver                        0x00000001071c9936 chromedriver + 5687606\n14  chromedriver                        0x00000001071f35cb chromedriver + 5858763\n15  chromedriver                        0x00000001071b8024 chromedriver + 5615652\n16  chromedriver                        0x0000000107215368 chromedriver + 5997416\n17  chromedriver                        0x000000010721552f chromedriver + 5997871\n18  chromedriver                        0x0000000107226fe8 chromedriver + 6070248\n19  libsystem_pthread.dylib             0x00007ff80905c253 _pthread_start + 99\n20  libsystem_pthread.dylib             0x00007ff809057bef thread_start + 15",
      "time" : {
        "start" : 1741821679064,
        "stop" : 1741821683481,
        "duration" : 4417
      }
    }, {
      "uid" : "70e67b80ddef8625",
      "status" : "broken",
      "statusDetails" : "AttributeError: 'HomePage' object has no attribute 'select_category'",
      "time" : {
        "start" : 1741818316685,
        "stop" : 1741818316702,
        "duration" : 17
      }
    }, {
      "uid" : "eb81532161e8f13f",
      "status" : "passed",
      "time" : {
        "start" : 1741032951371,
        "stop" : 1741032955410,
        "duration" : 4039
      }
    }, {
      "uid" : "c4b3d5adcad725ce",
      "status" : "broken",
      "statusDetails" : "selenium.common.exceptions.TimeoutException: Message: \nStacktrace:\n0   chromedriver                        0x0000000109bc3bc8 chromedriver + 5766088\n1   chromedriver                        0x0000000109bbb7ea chromedriver + 5732330\n2   chromedriver                        0x00000001096a9680 chromedriver + 415360\n3   chromedriver                        0x00000001096fad7d chromedriver + 748925\n4   chromedriver                        0x00000001096faf21 chromedriver + 749345\n5   chromedriver                        0x000000010974b184 chromedriver + 1077636\n6   chromedriver                        0x000000010972107d chromedriver + 905341\n7   chromedriver                        0x00000001097483e7 chromedriver + 1065959\n8   chromedriver                        0x0000000109720e23 chromedriver + 904739\n9   chromedriver                        0x00000001096ecbea chromedriver + 691178\n10  chromedriver                        0x00000001096edd41 chromedriver + 695617\n11  chromedriver                        0x0000000109b87100 chromedriver + 5517568\n12  chromedriver                        0x0000000109b8b040 chromedriver + 5533760\n13  chromedriver                        0x0000000109b68c87 chromedriver + 5393543\n14  chromedriver                        0x0000000109b8bacb chromedriver + 5536459\n15  chromedriver                        0x0000000109b57544 chromedriver + 5322052\n16  chromedriver                        0x0000000109ba96e8 chromedriver + 5658344\n17  chromedriver                        0x0000000109ba98af chromedriver + 5658799\n18  chromedriver                        0x0000000109bbb3c8 chromedriver + 5731272\n19  libsystem_pthread.dylib             0x00007ff81b7cc253 _pthread_start + 99\n20  libsystem_pthread.dylib             0x00007ff81b7c7bef thread_start + 15",
      "time" : {
        "start" : 1739233179862,
        "stop" : 1739233195050,
        "duration" : 15188
      }
    }, {
      "uid" : "433768beddcb40b7",
      "status" : "broken",
      "statusDetails" : "selenium.common.exceptions.TimeoutException: Message: \nStacktrace:\n0   chromedriver                        0x000000010c8f4bc8 chromedriver + 5766088\n1   chromedriver                        0x000000010c8ec7ea chromedriver + 5732330\n2   chromedriver                        0x000000010c3da680 chromedriver + 415360\n3   chromedriver                        0x000000010c42bd7d chromedriver + 748925\n4   chromedriver                        0x000000010c42bf21 chromedriver + 749345\n5   chromedriver                        0x000000010c47c184 chromedriver + 1077636\n6   chromedriver                        0x000000010c45207d chromedriver + 905341\n7   chromedriver                        0x000000010c4793e7 chromedriver + 1065959\n8   chromedriver                        0x000000010c451e23 chromedriver + 904739\n9   chromedriver                        0x000000010c41dbea chromedriver + 691178\n10  chromedriver                        0x000000010c41ed41 chromedriver + 695617\n11  chromedriver                        0x000000010c8b8100 chromedriver + 5517568\n12  chromedriver                        0x000000010c8bc040 chromedriver + 5533760\n13  chromedriver                        0x000000010c899c87 chromedriver + 5393543\n14  chromedriver                        0x000000010c8bcacb chromedriver + 5536459\n15  chromedriver                        0x000000010c888544 chromedriver + 5322052\n16  chromedriver                        0x000000010c8da6e8 chromedriver + 5658344\n17  chromedriver                        0x000000010c8da8af chromedriver + 5658799\n18  chromedriver                        0x000000010c8ec3c8 chromedriver + 5731272\n19  libsystem_pthread.dylib             0x00007ff81b7cc253 _pthread_start + 99\n20  libsystem_pthread.dylib             0x00007ff81b7c7bef thread_start + 15",
      "time" : {
        "start" : 1739231115051,
        "stop" : 1739231130126,
        "duration" : 15075
      }
    } ],
    "categories" : [ ],
    "tags" : [ ]
  },
  "source" : "d15ad64860a399f8.json",
  "parameterValues" : [ ]
}