{
  "uid" : "e2a81730ea43bbe7",
  "name" : "test_order_placement",
  "fullName" : "tests.test_add_items_to_cart_and_order_placement#test_order_placement",
  "historyId" : "a99c2118d9f0c2c04146137f35ac26a5",
  "time" : {
    "start" : 1741818237285,
    "stop" : 1741818252799,
    "duration" : 15514
  },
  "status" : "broken",
  "statusMessage" : "selenium.common.exceptions.TimeoutException: Message: \nStacktrace:\n0   chromedriver                        0x0000000107498808 chromedriver + 6105096\n1   chromedriver                        0x000000010749040a chromedriver + 6071306\n2   chromedriver                        0x0000000106f2b600 chromedriver + 415232\n3   chromedriver                        0x0000000106f7d2c0 chromedriver + 750272\n4   chromedriver                        0x0000000106f7d511 chromedriver + 750865\n5   chromedriver                        0x0000000106fcd9c4 chromedriver + 1079748\n6   chromedriver                        0x0000000106fa363d chromedriver + 906813\n7   chromedriver                        0x0000000106fcac3d chromedriver + 1068093\n8   chromedriver                        0x0000000106fa33e3 chromedriver + 906211\n9   chromedriver                        0x0000000106f6f29a chromedriver + 692890\n10  chromedriver                        0x0000000106f703f1 chromedriver + 697329\n11  chromedriver                        0x0000000107457d00 chromedriver + 5840128\n12  chromedriver                        0x000000010745bbd4 chromedriver + 5856212\n13  chromedriver                        0x0000000107432936 chromedriver + 5687606\n14  chromedriver                        0x000000010745c5cb chromedriver + 5858763\n15  chromedriver                        0x0000000107421024 chromedriver + 5615652\n16  chromedriver                        0x000000010747e368 chromedriver + 5997416\n17  chromedriver                        0x000000010747e52f chromedriver + 5997871\n18  chromedriver                        0x000000010748ffe8 chromedriver + 6070248\n19  libsystem_pthread.dylib             0x00007ff80905c253 _pthread_start + 99\n20  libsystem_pthread.dylib             0x00007ff809057bef thread_start + 15",
  "statusTrace" : "driver = <selenium.webdriver.chrome.webdriver.WebDriver (session=\"e58c240efca8ab41906381983a5c5859\")>\n\n    def test_order_placement(driver):\n        home_page = HomePage(driver)\n        product_page = ProductPage(driver)\n        cart_page = CartPage(driver)\n>       home_page.open_product(\"MacBook air\")\n\ntests/test_add_items_to_cart_and_order_placement.py:73: \n_ _ _ _ _ _ _ _ _ _ _ _ _ _ _ _ _ _ _ _ _ _ _ _ _ _ _ _ _ _ _ _ _ _ _ _ _ _ _ _ _ _ _ _ _ _ _ _ _ _ _ _ _ _ _ _ _ _ _ _ _ _ _ _ _ _ _ _ _ _ _ _ \npages/home_page.py:102: in open_product\n    product_link = self.wait.until(EC.element_to_be_clickable(product_link_locator))\n_ _ _ _ _ _ _ _ _ _ _ _ _ _ _ _ _ _ _ _ _ _ _ _ _ _ _ _ _ _ _ _ _ _ _ _ _ _ _ _ _ _ _ _ _ _ _ _ _ _ _ _ _ _ _ _ _ _ _ _ _ _ _ _ _ _ _ _ _ _ _ _ \n\nself = <selenium.webdriver.support.wait.WebDriverWait (session=\"e58c240efca8ab41906381983a5c5859\")>\nmethod = <function element_to_be_clickable.<locals>._predicate at 0x10cbd16c0>, message = ''\n\n    def until(self, method: Callable[[D], Union[Literal[False], T]], message: str = \"\") -> T:\n        \"\"\"Wait until the method returns a value that is not False.\n    \n        Calls the method provided with the driver as an argument until the\n        return value does not evaluate to ``False``.\n    \n        Parameters:\n        ----------\n        method: callable(WebDriver)\n            - A callable object that takes a WebDriver instance as an argument.\n    \n        message: str\n            - Optional message for :exc:`TimeoutException`\n    \n        Return:\n        -------\n        object: T\n            - The result of the last call to `method`\n    \n        Raises:\n        -------\n        TimeoutException\n            - If 'method' does not return a truthy value within the WebDriverWait\n            object's timeout\n    \n        Example:\n        --------\n        >>> from selenium.webdriver.common.by import By\n        >>> from selenium.webdriver.support.ui import WebDriverWait\n        >>> from selenium.webdriver.support import expected_conditions as EC\n    \n        # Wait until an element is visible on the page\n        >>> wait = WebDriverWait(driver, 10)\n        >>> element = wait.until(EC.visibility_of_element_located((By.ID, \"exampleId\")))\n        >>> print(element.text)\n        \"\"\"\n        screen = None\n        stacktrace = None\n    \n        end_time = time.monotonic() + self._timeout\n        while True:\n            try:\n                value = method(self._driver)\n                if value:\n                    return value\n            except self._ignored_exceptions as exc:\n                screen = getattr(exc, \"screen\", None)\n                stacktrace = getattr(exc, \"stacktrace\", None)\n            if time.monotonic() > end_time:\n                break\n            time.sleep(self._poll)\n>       raise TimeoutException(message, screen, stacktrace)\nE       selenium.common.exceptions.TimeoutException: Message: \nE       Stacktrace:\nE       0   chromedriver                        0x0000000107498808 chromedriver + 6105096\nE       1   chromedriver                        0x000000010749040a chromedriver + 6071306\nE       2   chromedriver                        0x0000000106f2b600 chromedriver + 415232\nE       3   chromedriver                        0x0000000106f7d2c0 chromedriver + 750272\nE       4   chromedriver                        0x0000000106f7d511 chromedriver + 750865\nE       5   chromedriver                        0x0000000106fcd9c4 chromedriver + 1079748\nE       6   chromedriver                        0x0000000106fa363d chromedriver + 906813\nE       7   chromedriver                        0x0000000106fcac3d chromedriver + 1068093\nE       8   chromedriver                        0x0000000106fa33e3 chromedriver + 906211\nE       9   chromedriver                        0x0000000106f6f29a chromedriver + 692890\nE       10  chromedriver                        0x0000000106f703f1 chromedriver + 697329\nE       11  chromedriver                        0x0000000107457d00 chromedriver + 5840128\nE       12  chromedriver                        0x000000010745bbd4 chromedriver + 5856212\nE       13  chromedriver                        0x0000000107432936 chromedriver + 5687606\nE       14  chromedriver                        0x000000010745c5cb chromedriver + 5858763\nE       15  chromedriver                        0x0000000107421024 chromedriver + 5615652\nE       16  chromedriver                        0x000000010747e368 chromedriver + 5997416\nE       17  chromedriver                        0x000000010747e52f chromedriver + 5997871\nE       18  chromedriver                        0x000000010748ffe8 chromedriver + 6070248\nE       19  libsystem_pthread.dylib             0x00007ff80905c253 _pthread_start + 99\nE       20  libsystem_pthread.dylib             0x00007ff809057bef thread_start + 15\n\n.venv/lib/python3.12/site-packages/selenium/webdriver/support/wait.py:146: TimeoutException",
  "flaky" : false,
  "newFailed" : false,
  "beforeStages" : [ {
    "name" : "_skip_sensitive",
    "time" : {
      "start" : 1741818234682,
      "stop" : 1741818234682,
      "duration" : 0
    },
    "status" : "passed",
    "steps" : [ ],
    "attachments" : [ ],
    "parameters" : [ ],
    "stepsCount" : 0,
    "attachmentsCount" : 0,
    "shouldDisplayMessage" : false,
    "hasContent" : false
  }, {
    "name" : "driver",
    "time" : {
      "start" : 1741818234682,
      "stop" : 1741818237265,
      "duration" : 2583
    },
    "status" : "passed",
    "steps" : [ ],
    "attachments" : [ ],
    "parameters" : [ ],
    "stepsCount" : 0,
    "attachmentsCount" : 0,
    "shouldDisplayMessage" : false,
    "hasContent" : false
  }, {
    "name" : "sensitive_url",
    "time" : {
      "start" : 1741818218159,
      "stop" : 1741818218159,
      "duration" : 0
    },
    "status" : "passed",
    "steps" : [ ],
    "attachments" : [ ],
    "parameters" : [ ],
    "stepsCount" : 0,
    "attachmentsCount" : 0,
    "shouldDisplayMessage" : false,
    "hasContent" : false
  }, {
    "name" : "base_url",
    "time" : {
      "start" : 1741818218158,
      "stop" : 1741818218158,
      "duration" : 0
    },
    "status" : "passed",
    "steps" : [ ],
    "attachments" : [ ],
    "parameters" : [ ],
    "stepsCount" : 0,
    "attachmentsCount" : 0,
    "shouldDisplayMessage" : false,
    "hasContent" : false
  }, {
    "name" : "_verify_url",
    "time" : {
      "start" : 1741818218159,
      "stop" : 1741818218159,
      "duration" : 0
    },
    "status" : "passed",
    "steps" : [ ],
    "attachments" : [ ],
    "parameters" : [ ],
    "stepsCount" : 0,
    "attachmentsCount" : 0,
    "shouldDisplayMessage" : false,
    "hasContent" : false
  } ],
  "afterStages" : [ {
    "name" : "driver::0",
    "time" : {
      "start" : 1741818252838,
      "stop" : 1741818252950,
      "duration" : 112
    },
    "status" : "passed",
    "steps" : [ ],
    "attachments" : [ ],
    "parameters" : [ ],
    "stepsCount" : 0,
    "attachmentsCount" : 0,
    "shouldDisplayMessage" : false,
    "hasContent" : false
  } ],
  "labels" : [ {
    "name" : "parentSuite",
    "value" : "tests"
  }, {
    "name" : "suite",
    "value" : "test_add_items_to_cart_and_order_placement"
  }, {
    "name" : "host",
    "value" : "MacBook-Pro-Natasha.local"
  }, {
    "name" : "thread",
    "value" : "11073-MainThread"
  }, {
    "name" : "framework",
    "value" : "pytest"
  }, {
    "name" : "language",
    "value" : "cpython3"
  }, {
    "name" : "package",
    "value" : "tests.test_add_items_to_cart_and_order_placement"
  }, {
    "name" : "resultFormat",
    "value" : "allure2"
  } ],
  "parameters" : [ ],
  "links" : [ ],
  "hidden" : true,
  "retry" : true,
  "extra" : {
    "categories" : [ ],
    "tags" : [ ]
  },
  "source" : "e2a81730ea43bbe7.json",
  "parameterValues" : [ ]
}