{
  "uid" : "f75d1680fcfaf149",
  "name" : "test_open_card_products",
  "fullName" : "tests.test_categories_and_products#test_open_card_products",
  "historyId" : "48eb0e991fde2aab51c5d6487f8b32fd",
  "time" : {
    "start" : 1739233299914,
    "stop" : 1739233299933,
    "duration" : 19
  },
  "status" : "broken",
  "statusMessage" : "selenium.common.exceptions.NoSuchElementException: Message: no such element: Unable to locate element: {\"method\":\"link text\",\"selector\":\"Samsung galaxy s6\"}\n  (Session info: chrome=133.0.6943.53); For documentation on this error, please visit: https://www.selenium.dev/documentation/webdriver/troubleshooting/errors#no-such-element-exception\nStacktrace:\n0   chromedriver                        0x0000000103cabbc8 chromedriver + 5766088\n1   chromedriver                        0x0000000103ca37ea chromedriver + 5732330\n2   chromedriver                        0x0000000103791680 chromedriver + 415360\n3   chromedriver                        0x00000001037e2d7d chromedriver + 748925\n4   chromedriver                        0x00000001037e2f21 chromedriver + 749345\n5   chromedriver                        0x0000000103833184 chromedriver + 1077636\n6   chromedriver                        0x000000010380907d chromedriver + 905341\n7   chromedriver                        0x00000001038303e7 chromedriver + 1065959\n8   chromedriver                        0x0000000103808e23 chromedriver + 904739\n9   chromedriver                        0x00000001037d4bea chromedriver + 691178\n10  chromedriver                        0x00000001037d5d41 chromedriver + 695617\n11  chromedriver                        0x0000000103c6f100 chromedriver + 5517568\n12  chromedriver                        0x0000000103c73040 chromedriver + 5533760\n13  chromedriver                        0x0000000103c50c87 chromedriver + 5393543\n14  chromedriver                        0x0000000103c73acb chromedriver + 5536459\n15  chromedriver                        0x0000000103c3f544 chromedriver + 5322052\n16  chromedriver                        0x0000000103c916e8 chromedriver + 5658344\n17  chromedriver                        0x0000000103c918af chromedriver + 5658799\n18  chromedriver                        0x0000000103ca33c8 chromedriver + 5731272\n19  libsystem_pthread.dylib             0x00007ff81b7cc253 _pthread_start + 99\n20  libsystem_pthread.dylib             0x00007ff81b7c7bef thread_start + 15",
  "statusTrace" : "driver = <selenium.webdriver.chrome.webdriver.WebDriver (session=\"2dc8f21d23a1e787ea05cd6b1ef0b9f6\")>\n\n    def test_open_card_products(driver):\n        wait = WebDriverWait(driver, 10)\n>       driver.find_element(By.LINK_TEXT, \"Samsung galaxy s6\").click()\n\ntests/test_categories_and_products.py:44: \n_ _ _ _ _ _ _ _ _ _ _ _ _ _ _ _ _ _ _ _ _ _ _ _ _ _ _ _ _ _ _ _ _ _ _ _ _ _ _ _ _ _ _ _ _ _ _ _ _ _ _ _ _ _ _ _ _ _ _ _ _ _ _ _ _ _ _ _ _ _ _ _ _ _ _ _ _ _ _ _ _ _ _ _ _ _ _ _ _ _ _ _ _ _ _ _ _ _ _\n.venv/lib/python3.12/site-packages/selenium/webdriver/remote/webdriver.py:888: in find_element\n    return self.execute(Command.FIND_ELEMENT, {\"using\": by, \"value\": value})[\"value\"]\n.venv/lib/python3.12/site-packages/selenium/webdriver/remote/webdriver.py:429: in execute\n    self.error_handler.check_response(response)\n_ _ _ _ _ _ _ _ _ _ _ _ _ _ _ _ _ _ _ _ _ _ _ _ _ _ _ _ _ _ _ _ _ _ _ _ _ _ _ _ _ _ _ _ _ _ _ _ _ _ _ _ _ _ _ _ _ _ _ _ _ _ _ _ _ _ _ _ _ _ _ _ _ _ _ _ _ _ _ _ _ _ _ _ _ _ _ _ _ _ _ _ _ _ _ _ _ _ _\n\nself = <selenium.webdriver.remote.errorhandler.ErrorHandler object at 0x10de14f80>\nresponse = {'status': 404, 'value': '{\"value\":{\"error\":\"no such element\",\"message\":\"no such element: Unable to locate element: {\\...7ff81b7cc253 _pthread_start + 99\\\\n20  libsystem_pthread.dylib             0x00007ff81b7c7bef thread_start + 15\\\\n\"}}'}\n\n    def check_response(self, response: Dict[str, Any]) -> None:\n        \"\"\"Checks that a JSON response from the WebDriver does not have an\n        error.\n    \n        :Args:\n         - response - The JSON response from the WebDriver server as a dictionary\n           object.\n    \n        :Raises: If the response contains an error message.\n        \"\"\"\n        status = response.get(\"status\", None)\n        if not status or status == ErrorCode.SUCCESS:\n            return\n        value = None\n        message = response.get(\"message\", \"\")\n        screen: str = response.get(\"screen\", \"\")\n        stacktrace = None\n        if isinstance(status, int):\n            value_json = response.get(\"value\", None)\n            if value_json and isinstance(value_json, str):\n                import json\n    \n                try:\n                    value = json.loads(value_json)\n                    if len(value) == 1:\n                        value = value[\"value\"]\n                    status = value.get(\"error\", None)\n                    if not status:\n                        status = value.get(\"status\", ErrorCode.UNKNOWN_ERROR)\n                        message = value.get(\"value\") or value.get(\"message\")\n                        if not isinstance(message, str):\n                            value = message\n                            message = message.get(\"message\")\n                    else:\n                        message = value.get(\"message\", None)\n                except ValueError:\n                    pass\n    \n        exception_class: Type[WebDriverException]\n        e = ErrorCode()\n        error_codes = [item for item in dir(e) if not item.startswith(\"__\")]\n        for error_code in error_codes:\n            error_info = getattr(ErrorCode, error_code)\n            if isinstance(error_info, list) and status in error_info:\n                exception_class = getattr(ExceptionMapping, error_code, WebDriverException)\n                break\n        else:\n            exception_class = WebDriverException\n    \n        if not value:\n            value = response[\"value\"]\n        if isinstance(value, str):\n            raise exception_class(value)\n        if message == \"\" and \"message\" in value:\n            message = value[\"message\"]\n    \n        screen = None  # type: ignore[assignment]\n        if \"screen\" in value:\n            screen = value[\"screen\"]\n    \n        stacktrace = None\n        st_value = value.get(\"stackTrace\") or value.get(\"stacktrace\")\n        if st_value:\n            if isinstance(st_value, str):\n                stacktrace = st_value.split(\"\\n\")\n            else:\n                stacktrace = []\n                try:\n                    for frame in st_value:\n                        line = frame.get(\"lineNumber\", \"\")\n                        file = frame.get(\"fileName\", \"<anonymous>\")\n                        if line:\n                            file = f\"{file}:{line}\"\n                        meth = frame.get(\"methodName\", \"<anonymous>\")\n                        if \"className\" in frame:\n                            meth = f\"{frame['className']}.{meth}\"\n                        msg = \"    at %s (%s)\"\n                        msg = msg % (meth, file)\n                        stacktrace.append(msg)\n                except TypeError:\n                    pass\n        if exception_class == UnexpectedAlertPresentException:\n            alert_text = None\n            if \"data\" in value:\n                alert_text = value[\"data\"].get(\"text\")\n            elif \"alert\" in value:\n                alert_text = value[\"alert\"].get(\"text\")\n            raise exception_class(message, screen, stacktrace, alert_text)  # type: ignore[call-arg]  # mypy is not smart enough here\n>       raise exception_class(message, screen, stacktrace)\nE       selenium.common.exceptions.NoSuchElementException: Message: no such element: Unable to locate element: {\"method\":\"link text\",\"selector\":\"Samsung galaxy s6\"}\nE         (Session info: chrome=133.0.6943.53); For documentation on this error, please visit: https://www.selenium.dev/documentation/webdriver/troubleshooting/errors#no-such-element-exception\nE       Stacktrace:\nE       0   chromedriver                        0x0000000103cabbc8 chromedriver + 5766088\nE       1   chromedriver                        0x0000000103ca37ea chromedriver + 5732330\nE       2   chromedriver                        0x0000000103791680 chromedriver + 415360\nE       3   chromedriver                        0x00000001037e2d7d chromedriver + 748925\nE       4   chromedriver                        0x00000001037e2f21 chromedriver + 749345\nE       5   chromedriver                        0x0000000103833184 chromedriver + 1077636\nE       6   chromedriver                        0x000000010380907d chromedriver + 905341\nE       7   chromedriver                        0x00000001038303e7 chromedriver + 1065959\nE       8   chromedriver                        0x0000000103808e23 chromedriver + 904739\nE       9   chromedriver                        0x00000001037d4bea chromedriver + 691178\nE       10  chromedriver                        0x00000001037d5d41 chromedriver + 695617\nE       11  chromedriver                        0x0000000103c6f100 chromedriver + 5517568\nE       12  chromedriver                        0x0000000103c73040 chromedriver + 5533760\nE       13  chromedriver                        0x0000000103c50c87 chromedriver + 5393543\nE       14  chromedriver                        0x0000000103c73acb chromedriver + 5536459\nE       15  chromedriver                        0x0000000103c3f544 chromedriver + 5322052\nE       16  chromedriver                        0x0000000103c916e8 chromedriver + 5658344\nE       17  chromedriver                        0x0000000103c918af chromedriver + 5658799\nE       18  chromedriver                        0x0000000103ca33c8 chromedriver + 5731272\nE       19  libsystem_pthread.dylib             0x00007ff81b7cc253 _pthread_start + 99\nE       20  libsystem_pthread.dylib             0x00007ff81b7c7bef thread_start + 15\n\n.venv/lib/python3.12/site-packages/selenium/webdriver/remote/errorhandler.py:232: NoSuchElementException",
  "flaky" : false,
  "newFailed" : false,
  "beforeStages" : [ {
    "name" : "driver",
    "time" : {
      "start" : 1739233296261,
      "stop" : 1739233298738,
      "duration" : 2477
    },
    "status" : "passed",
    "steps" : [ ],
    "attachments" : [ ],
    "parameters" : [ ],
    "stepsCount" : 0,
    "attachmentsCount" : 0,
    "shouldDisplayMessage" : false,
    "hasContent" : false
  }, {
    "name" : "sensitive_url",
    "time" : {
      "start" : 1739233098888,
      "stop" : 1739233098888,
      "duration" : 0
    },
    "status" : "passed",
    "steps" : [ ],
    "attachments" : [ ],
    "parameters" : [ ],
    "stepsCount" : 0,
    "attachmentsCount" : 0,
    "shouldDisplayMessage" : false,
    "hasContent" : false
  }, {
    "name" : "base_url",
    "time" : {
      "start" : 1739233098888,
      "stop" : 1739233098888,
      "duration" : 0
    },
    "status" : "passed",
    "steps" : [ ],
    "attachments" : [ ],
    "parameters" : [ ],
    "stepsCount" : 0,
    "attachmentsCount" : 0,
    "shouldDisplayMessage" : false,
    "hasContent" : false
  }, {
    "name" : "_verify_url",
    "time" : {
      "start" : 1739233098888,
      "stop" : 1739233098888,
      "duration" : 0
    },
    "status" : "passed",
    "steps" : [ ],
    "attachments" : [ ],
    "parameters" : [ ],
    "stepsCount" : 0,
    "attachmentsCount" : 0,
    "shouldDisplayMessage" : false,
    "hasContent" : false
  }, {
    "name" : "_skip_sensitive",
    "time" : {
      "start" : 1739233299912,
      "stop" : 1739233299912,
      "duration" : 0
    },
    "status" : "passed",
    "steps" : [ ],
    "attachments" : [ ],
    "parameters" : [ ],
    "stepsCount" : 0,
    "attachmentsCount" : 0,
    "shouldDisplayMessage" : false,
    "hasContent" : false
  } ],
  "afterStages" : [ {
    "name" : "driver::0",
    "time" : {
      "start" : 1739233301692,
      "stop" : 1739233301880,
      "duration" : 188
    },
    "status" : "passed",
    "steps" : [ ],
    "attachments" : [ ],
    "parameters" : [ ],
    "stepsCount" : 0,
    "attachmentsCount" : 0,
    "shouldDisplayMessage" : false,
    "hasContent" : false
  } ],
  "labels" : [ {
    "name" : "parentSuite",
    "value" : "tests"
  }, {
    "name" : "suite",
    "value" : "test_categories_and_products"
  }, {
    "name" : "host",
    "value" : "MacBook-Pro-Natasha.local"
  }, {
    "name" : "thread",
    "value" : "94046-MainThread"
  }, {
    "name" : "framework",
    "value" : "pytest"
  }, {
    "name" : "language",
    "value" : "cpython3"
  }, {
    "name" : "package",
    "value" : "tests.test_categories_and_products"
  }, {
    "name" : "resultFormat",
    "value" : "allure2"
  } ],
  "parameters" : [ ],
  "links" : [ ],
  "hidden" : true,
  "retry" : true,
  "extra" : {
    "categories" : [ ],
    "tags" : [ ]
  },
  "source" : "f75d1680fcfaf149.json",
  "parameterValues" : [ ]
}